[2022-09-24 03:44:03,298] {taskinstance.py:1032} INFO - Dependencies all met for <TaskInstance: data_ingestion_gcp.get_name scheduled__2021-10-31T00:00:00+00:00 [queued]>
[2022-09-24 03:44:03,387] {taskinstance.py:1032} INFO - Dependencies all met for <TaskInstance: data_ingestion_gcp.get_name scheduled__2021-10-31T00:00:00+00:00 [queued]>
[2022-09-24 03:44:03,412] {taskinstance.py:1238} INFO - 
--------------------------------------------------------------------------------
[2022-09-24 03:44:03,441] {taskinstance.py:1239} INFO - Starting attempt 1 of 6
[2022-09-24 03:44:03,471] {taskinstance.py:1240} INFO - 
--------------------------------------------------------------------------------
[2022-09-24 03:44:03,604] {taskinstance.py:1259} INFO - Executing <Task(PythonOperator): get_name> on 2021-10-31 00:00:00+00:00
[2022-09-24 03:44:03,640] {standard_task_runner.py:76} INFO - Running: ['***', 'tasks', 'run', 'data_ingestion_gcp', 'get_name', 'scheduled__2021-10-31T00:00:00+00:00', '--job-id', '129', '--raw', '--subdir', 'DAGS_FOLDER/task_2.py', '--cfg-path', '/tmp/tmpp6c5euk4', '--error-file', '/tmp/tmpx4bz0l2a']
[2022-09-24 03:44:03,671] {standard_task_runner.py:77} INFO - Job 129: Subtask get_name
[2022-09-24 03:44:03,623] {standard_task_runner.py:52} INFO - Started process 801 to run task
[2022-09-24 03:44:04,487] {logging_mixin.py:109} INFO - Running <TaskInstance: data_ingestion_gcp.get_name scheduled__2021-10-31T00:00:00+00:00 [running]> on host 9ec7cb7c64d4
[2022-09-24 03:44:04,903] {taskinstance.py:1426} INFO - Exporting the following env vars:
AIRFLOW_CTX_DAG_OWNER=Hanif
AIRFLOW_CTX_DAG_ID=data_ingestion_gcp
AIRFLOW_CTX_TASK_ID=get_name
AIRFLOW_CTX_EXECUTION_DATE=2021-10-31T00:00:00+00:00
AIRFLOW_CTX_DAG_RUN_ID=scheduled__2021-10-31T00:00:00+00:00
[2022-09-24 03:44:05,391] {python.py:175} INFO - Done. Returned value was: None
[2022-09-24 03:44:05,527] {taskinstance.py:1277} INFO - Marking task as SUCCESS. dag_id=data_ingestion_gcp, task_id=get_name, execution_date=20211031T000000, start_date=20220924T034403, end_date=20220924T034405
[2022-09-24 03:44:05,721] {local_task_job.py:154} INFO - Task exited with return code 0
[2022-09-24 03:44:06,019] {local_task_job.py:264} INFO - 0 downstream tasks scheduled from follow-on schedule check
