[2022-09-24 03:43:53,930] {taskinstance.py:1032} INFO - Dependencies all met for <TaskInstance: data_ingestion_gcp.greet scheduled__2021-10-27T00:00:00+00:00 [queued]>
[2022-09-24 03:43:53,948] {taskinstance.py:1032} INFO - Dependencies all met for <TaskInstance: data_ingestion_gcp.greet scheduled__2021-10-27T00:00:00+00:00 [queued]>
[2022-09-24 03:43:53,948] {taskinstance.py:1238} INFO - 
--------------------------------------------------------------------------------
[2022-09-24 03:43:53,949] {taskinstance.py:1239} INFO - Starting attempt 1 of 6
[2022-09-24 03:43:53,949] {taskinstance.py:1240} INFO - 
--------------------------------------------------------------------------------
[2022-09-24 03:43:54,090] {taskinstance.py:1259} INFO - Executing <Task(PythonOperator): greet> on 2021-10-27 00:00:00+00:00
[2022-09-24 03:43:54,098] {standard_task_runner.py:52} INFO - Started process 773 to run task
[2022-09-24 03:43:54,111] {standard_task_runner.py:76} INFO - Running: ['***', 'tasks', 'run', 'data_ingestion_gcp', 'greet', 'scheduled__2021-10-27T00:00:00+00:00', '--job-id', '120', '--raw', '--subdir', 'DAGS_FOLDER/task_2.py', '--cfg-path', '/tmp/tmp026qnw_6', '--error-file', '/tmp/tmpy5lhofbe']
[2022-09-24 03:43:54,112] {standard_task_runner.py:77} INFO - Job 120: Subtask greet
[2022-09-24 03:43:54,412] {logging_mixin.py:109} INFO - Running <TaskInstance: data_ingestion_gcp.greet scheduled__2021-10-27T00:00:00+00:00 [running]> on host 9ec7cb7c64d4
[2022-09-24 03:43:54,740] {taskinstance.py:1426} INFO - Exporting the following env vars:
AIRFLOW_CTX_DAG_OWNER=Hanif
AIRFLOW_CTX_DAG_ID=data_ingestion_gcp
AIRFLOW_CTX_TASK_ID=greet
AIRFLOW_CTX_EXECUTION_DATE=2021-10-27T00:00:00+00:00
AIRFLOW_CTX_DAG_RUN_ID=scheduled__2021-10-27T00:00:00+00:00
[2022-09-24 03:43:54,745] {logging_mixin.py:109} INFO - some dict:  {'a': 1, 'b': 2}
[2022-09-24 03:43:54,788] {logging_mixin.py:109} INFO - Hello World! My name is Hanif Fajari, and I am 21 years old!
[2022-09-24 03:43:54,791] {python.py:175} INFO - Done. Returned value was: None
[2022-09-24 03:43:54,806] {taskinstance.py:1277} INFO - Marking task as SUCCESS. dag_id=data_ingestion_gcp, task_id=greet, execution_date=20211027T000000, start_date=20220924T034353, end_date=20220924T034354
[2022-09-24 03:43:54,995] {local_task_job.py:154} INFO - Task exited with return code 0
[2022-09-24 03:43:55,099] {local_task_job.py:264} INFO - 0 downstream tasks scheduled from follow-on schedule check
