[2022-09-23 13:45:52,818] {taskinstance.py:1032} INFO - Dependencies all met for <TaskInstance: data_ingestion_gcs_dag.download_dataset_task scheduled__2022-09-22T00:00:00+00:00 [queued]>
[2022-09-23 13:45:52,854] {taskinstance.py:1032} INFO - Dependencies all met for <TaskInstance: data_ingestion_gcs_dag.download_dataset_task scheduled__2022-09-22T00:00:00+00:00 [queued]>
[2022-09-23 13:45:52,855] {taskinstance.py:1238} INFO - 
--------------------------------------------------------------------------------
[2022-09-23 13:45:52,856] {taskinstance.py:1239} INFO - Starting attempt 1 of 2
[2022-09-23 13:45:52,856] {taskinstance.py:1240} INFO - 
--------------------------------------------------------------------------------
[2022-09-23 13:45:54,882] {taskinstance.py:1259} INFO - Executing <Task(BashOperator): download_dataset_task> on 2022-09-22 00:00:00+00:00
[2022-09-23 13:45:54,888] {standard_task_runner.py:52} INFO - Started process 69 to run task
[2022-09-23 13:45:54,893] {standard_task_runner.py:76} INFO - Running: ['***', 'tasks', 'run', 'data_ingestion_gcs_dag', 'download_dataset_task', 'scheduled__2022-09-22T00:00:00+00:00', '--job-id', '13', '--raw', '--subdir', 'DAGS_FOLDER/data_ingestion_gcs_dag.py', '--cfg-path', '/tmp/tmpen3965fb', '--error-file', '/tmp/tmpdhas2d0k']
[2022-09-23 13:45:54,894] {standard_task_runner.py:77} INFO - Job 13: Subtask download_dataset_task
[2022-09-23 13:45:55,217] {logging_mixin.py:109} INFO - Running <TaskInstance: data_ingestion_gcs_dag.download_dataset_task scheduled__2022-09-22T00:00:00+00:00 [running]> on host f2fa355046eb
[2022-09-23 13:45:56,687] {taskinstance.py:1426} INFO - Exporting the following env vars:
AIRFLOW_CTX_DAG_OWNER=***
AIRFLOW_CTX_DAG_ID=data_ingestion_gcs_dag
AIRFLOW_CTX_TASK_ID=download_dataset_task
AIRFLOW_CTX_EXECUTION_DATE=2022-09-22T00:00:00+00:00
AIRFLOW_CTX_DAG_RUN_ID=scheduled__2022-09-22T00:00:00+00:00
[2022-09-23 13:45:56,689] {subprocess.py:62} INFO - Tmp dir root location: 
 /tmp
[2022-09-23 13:45:56,689] {subprocess.py:74} INFO - Running command: ['bash', '-c', 'curl -sSL https://cdn.theforage.com/vinternships/companyassets/kkKXfgG5FckTX8Toc/gGduJCSFY4fqkCYvn/1653086357170/train.csv > /opt/***//train.csv']
[2022-09-23 13:45:56,700] {subprocess.py:85} INFO - Output:
[2022-09-23 13:45:58,882] {subprocess.py:93} INFO - Command exited with return code 0
[2022-09-23 13:45:59,069] {taskinstance.py:1277} INFO - Marking task as SUCCESS. dag_id=data_ingestion_gcs_dag, task_id=download_dataset_task, execution_date=20220922T000000, start_date=20220923T134552, end_date=20220923T134559
[2022-09-23 13:45:59,518] {local_task_job.py:154} INFO - Task exited with return code 0
[2022-09-23 13:45:59,709] {local_task_job.py:264} INFO - 1 downstream tasks scheduled from follow-on schedule check
[2022-09-23 15:33:04,427] {taskinstance.py:1032} INFO - Dependencies all met for <TaskInstance: data_ingestion_gcs_dag.download_dataset_task scheduled__2022-09-22T00:00:00+00:00 [queued]>
[2022-09-23 15:33:04,492] {taskinstance.py:1032} INFO - Dependencies all met for <TaskInstance: data_ingestion_gcs_dag.download_dataset_task scheduled__2022-09-22T00:00:00+00:00 [queued]>
[2022-09-23 15:33:04,497] {taskinstance.py:1238} INFO - 
--------------------------------------------------------------------------------
[2022-09-23 15:33:04,498] {taskinstance.py:1239} INFO - Starting attempt 1 of 2
[2022-09-23 15:33:04,499] {taskinstance.py:1240} INFO - 
--------------------------------------------------------------------------------
[2022-09-23 15:33:04,559] {taskinstance.py:1259} INFO - Executing <Task(BashOperator): download_dataset_task> on 2022-09-22 00:00:00+00:00
[2022-09-23 15:33:04,564] {standard_task_runner.py:52} INFO - Started process 297 to run task
[2022-09-23 15:33:04,568] {standard_task_runner.py:76} INFO - Running: ['***', 'tasks', 'run', 'data_ingestion_gcs_dag', 'download_dataset_task', 'scheduled__2022-09-22T00:00:00+00:00', '--job-id', '24', '--raw', '--subdir', 'DAGS_FOLDER/data_ingestion_gcs_dag.py', '--cfg-path', '/tmp/tmpzn4dtc3r', '--error-file', '/tmp/tmpp1b97wo4']
[2022-09-23 15:33:04,570] {standard_task_runner.py:77} INFO - Job 24: Subtask download_dataset_task
[2022-09-23 15:33:04,899] {logging_mixin.py:109} INFO - Running <TaskInstance: data_ingestion_gcs_dag.download_dataset_task scheduled__2022-09-22T00:00:00+00:00 [running]> on host 23a6f015d341
[2022-09-23 15:33:05,176] {taskinstance.py:1426} INFO - Exporting the following env vars:
AIRFLOW_CTX_DAG_OWNER=***
AIRFLOW_CTX_DAG_ID=data_ingestion_gcs_dag
AIRFLOW_CTX_TASK_ID=download_dataset_task
AIRFLOW_CTX_EXECUTION_DATE=2022-09-22T00:00:00+00:00
AIRFLOW_CTX_DAG_RUN_ID=scheduled__2022-09-22T00:00:00+00:00
[2022-09-23 15:33:05,177] {subprocess.py:62} INFO - Tmp dir root location: 
 /tmp
[2022-09-23 15:33:05,178] {subprocess.py:74} INFO - Running command: ['bash', '-c', 'curl -sSL https://cdn.theforage.com/vinternships/companyassets/kkKXfgG5FckTX8Toc/gGduJCSFY4fqkCYvn/1653086357170/train.csv > /opt/***//train.csv']
[2022-09-23 15:33:05,189] {subprocess.py:85} INFO - Output:
[2022-09-23 15:33:05,359] {subprocess.py:93} INFO - Command exited with return code 0
[2022-09-23 15:33:05,435] {taskinstance.py:1277} INFO - Marking task as SUCCESS. dag_id=data_ingestion_gcs_dag, task_id=download_dataset_task, execution_date=20220922T000000, start_date=20220923T153304, end_date=20220923T153305
[2022-09-23 15:33:05,496] {local_task_job.py:154} INFO - Task exited with return code 0
[2022-09-23 15:33:05,589] {local_task_job.py:264} INFO - 1 downstream tasks scheduled from follow-on schedule check
