[2022-09-24 03:44:21,830] {taskinstance.py:1032} INFO - Dependencies all met for <TaskInstance: data_ingestion_gcp.get_age scheduled__2021-11-04T00:00:00+00:00 [queued]>
[2022-09-24 03:44:21,853] {taskinstance.py:1032} INFO - Dependencies all met for <TaskInstance: data_ingestion_gcp.get_age scheduled__2021-11-04T00:00:00+00:00 [queued]>
[2022-09-24 03:44:21,855] {taskinstance.py:1238} INFO - 
--------------------------------------------------------------------------------
[2022-09-24 03:44:21,856] {taskinstance.py:1239} INFO - Starting attempt 1 of 6
[2022-09-24 03:44:21,859] {taskinstance.py:1240} INFO - 
--------------------------------------------------------------------------------
[2022-09-24 03:44:22,121] {taskinstance.py:1259} INFO - Executing <Task(PythonOperator): get_age> on 2021-11-04 00:00:00+00:00
[2022-09-24 03:44:22,133] {standard_task_runner.py:52} INFO - Started process 839 to run task
[2022-09-24 03:44:22,199] {standard_task_runner.py:76} INFO - Running: ['***', 'tasks', 'run', 'data_ingestion_gcp', 'get_age', 'scheduled__2021-11-04T00:00:00+00:00', '--job-id', '141', '--raw', '--subdir', 'DAGS_FOLDER/task_2.py', '--cfg-path', '/tmp/tmpy2db3tx7', '--error-file', '/tmp/tmpkbg3tepd']
[2022-09-24 03:44:22,201] {standard_task_runner.py:77} INFO - Job 141: Subtask get_age
[2022-09-24 03:44:23,207] {logging_mixin.py:109} INFO - Running <TaskInstance: data_ingestion_gcp.get_age scheduled__2021-11-04T00:00:00+00:00 [running]> on host 9ec7cb7c64d4
[2022-09-24 03:44:24,058] {taskinstance.py:1426} INFO - Exporting the following env vars:
AIRFLOW_CTX_DAG_OWNER=Hanif
AIRFLOW_CTX_DAG_ID=data_ingestion_gcp
AIRFLOW_CTX_TASK_ID=get_age
AIRFLOW_CTX_EXECUTION_DATE=2021-11-04T00:00:00+00:00
AIRFLOW_CTX_DAG_RUN_ID=scheduled__2021-11-04T00:00:00+00:00
[2022-09-24 03:44:24,215] {python.py:175} INFO - Done. Returned value was: None
[2022-09-24 03:44:24,254] {taskinstance.py:1277} INFO - Marking task as SUCCESS. dag_id=data_ingestion_gcp, task_id=get_age, execution_date=20211104T000000, start_date=20220924T034421, end_date=20220924T034424
[2022-09-24 03:44:24,395] {local_task_job.py:154} INFO - Task exited with return code 0
[2022-09-24 03:44:25,413] {local_task_job.py:264} INFO - 1 downstream tasks scheduled from follow-on schedule check
