[2022-09-22 07:34:12,815] {taskinstance.py:1032} INFO - Dependencies all met for <TaskInstance: data_ingestion_gcs_dag.format_to_parquet_task manual__2022-09-22T07:28:27.089871+00:00 [queued]>
[2022-09-22 07:34:12,827] {taskinstance.py:1032} INFO - Dependencies all met for <TaskInstance: data_ingestion_gcs_dag.format_to_parquet_task manual__2022-09-22T07:28:27.089871+00:00 [queued]>
[2022-09-22 07:34:12,828] {taskinstance.py:1238} INFO - 
--------------------------------------------------------------------------------
[2022-09-22 07:34:12,828] {taskinstance.py:1239} INFO - Starting attempt 1 of 2
[2022-09-22 07:34:12,829] {taskinstance.py:1240} INFO - 
--------------------------------------------------------------------------------
[2022-09-22 07:34:12,922] {taskinstance.py:1259} INFO - Executing <Task(PythonOperator): format_to_parquet_task> on 2022-09-22 07:28:27.089871+00:00
[2022-09-22 07:34:12,927] {standard_task_runner.py:52} INFO - Started process 598 to run task
[2022-09-22 07:34:12,930] {standard_task_runner.py:76} INFO - Running: ['***', 'tasks', 'run', 'data_ingestion_gcs_dag', 'format_to_parquet_task', 'manual__2022-09-22T07:28:27.089871+00:00', '--job-id', '8', '--raw', '--subdir', 'DAGS_FOLDER/data_ingestion_gcs_dag.py', '--cfg-path', '/tmp/tmpgesdzzs_', '--error-file', '/tmp/tmp76ggm9p7']
[2022-09-22 07:34:12,931] {standard_task_runner.py:77} INFO - Job 8: Subtask format_to_parquet_task
[2022-09-22 07:34:13,047] {logging_mixin.py:109} INFO - Running <TaskInstance: data_ingestion_gcs_dag.format_to_parquet_task manual__2022-09-22T07:28:27.089871+00:00 [running]> on host ecad4a6a2de1
[2022-09-22 07:34:13,186] {taskinstance.py:1426} INFO - Exporting the following env vars:
AIRFLOW_CTX_DAG_OWNER=***
AIRFLOW_CTX_DAG_ID=data_ingestion_gcs_dag
AIRFLOW_CTX_TASK_ID=format_to_parquet_task
AIRFLOW_CTX_EXECUTION_DATE=2022-09-22T07:28:27.089871+00:00
AIRFLOW_CTX_DAG_RUN_ID=manual__2022-09-22T07:28:27.089871+00:00
[2022-09-22 07:34:13,309] {python.py:175} INFO - Done. Returned value was: None
[2022-09-22 07:34:13,330] {taskinstance.py:1277} INFO - Marking task as SUCCESS. dag_id=data_ingestion_gcs_dag, task_id=format_to_parquet_task, execution_date=20220922T072827, start_date=20220922T073412, end_date=20220922T073413
[2022-09-22 07:34:13,427] {local_task_job.py:154} INFO - Task exited with return code 0
[2022-09-22 07:34:13,535] {local_task_job.py:264} INFO - 1 downstream tasks scheduled from follow-on schedule check
