[2022-09-23 15:33:15,833] {taskinstance.py:1032} INFO - Dependencies all met for <TaskInstance: data_ingestion_gcs_dag.download_dataset_task manual__2022-09-23T15:33:03.972415+00:00 [queued]>
[2022-09-23 15:33:15,866] {taskinstance.py:1032} INFO - Dependencies all met for <TaskInstance: data_ingestion_gcs_dag.download_dataset_task manual__2022-09-23T15:33:03.972415+00:00 [queued]>
[2022-09-23 15:33:15,867] {taskinstance.py:1238} INFO - 
--------------------------------------------------------------------------------
[2022-09-23 15:33:15,867] {taskinstance.py:1239} INFO - Starting attempt 1 of 2
[2022-09-23 15:33:15,868] {taskinstance.py:1240} INFO - 
--------------------------------------------------------------------------------
[2022-09-23 15:33:16,355] {taskinstance.py:1259} INFO - Executing <Task(BashOperator): download_dataset_task> on 2022-09-23 15:33:03.972415+00:00
[2022-09-23 15:33:16,362] {standard_task_runner.py:52} INFO - Started process 324 to run task
[2022-09-23 15:33:16,371] {standard_task_runner.py:76} INFO - Running: ['***', 'tasks', 'run', 'data_ingestion_gcs_dag', 'download_dataset_task', 'manual__2022-09-23T15:33:03.972415+00:00', '--job-id', '27', '--raw', '--subdir', 'DAGS_FOLDER/data_ingestion_gcs_dag.py', '--cfg-path', '/tmp/tmpc3deuamz', '--error-file', '/tmp/tmph7gt4hll']
[2022-09-23 15:33:16,372] {standard_task_runner.py:77} INFO - Job 27: Subtask download_dataset_task
[2022-09-23 15:33:16,608] {logging_mixin.py:109} INFO - Running <TaskInstance: data_ingestion_gcs_dag.download_dataset_task manual__2022-09-23T15:33:03.972415+00:00 [running]> on host 23a6f015d341
[2022-09-23 15:33:17,016] {taskinstance.py:1426} INFO - Exporting the following env vars:
AIRFLOW_CTX_DAG_OWNER=***
AIRFLOW_CTX_DAG_ID=data_ingestion_gcs_dag
AIRFLOW_CTX_TASK_ID=download_dataset_task
AIRFLOW_CTX_EXECUTION_DATE=2022-09-23T15:33:03.972415+00:00
AIRFLOW_CTX_DAG_RUN_ID=manual__2022-09-23T15:33:03.972415+00:00
[2022-09-23 15:33:17,017] {subprocess.py:62} INFO - Tmp dir root location: 
 /tmp
[2022-09-23 15:33:17,019] {subprocess.py:74} INFO - Running command: ['bash', '-c', 'curl -sSL https://cdn.theforage.com/vinternships/companyassets/kkKXfgG5FckTX8Toc/gGduJCSFY4fqkCYvn/1653086357170/train.csv > /opt/***//train.csv']
[2022-09-23 15:33:17,044] {subprocess.py:85} INFO - Output:
[2022-09-23 15:33:17,145] {subprocess.py:93} INFO - Command exited with return code 0
[2022-09-23 15:33:17,218] {taskinstance.py:1277} INFO - Marking task as SUCCESS. dag_id=data_ingestion_gcs_dag, task_id=download_dataset_task, execution_date=20220923T153303, start_date=20220923T153315, end_date=20220923T153317
[2022-09-23 15:33:17,492] {local_task_job.py:154} INFO - Task exited with return code 0
[2022-09-23 15:33:17,564] {local_task_job.py:264} INFO - 1 downstream tasks scheduled from follow-on schedule check
