[2022-09-23 16:06:15,770] {taskinstance.py:1032} INFO - Dependencies all met for <TaskInstance: data_ingestion_gcs_dag_1.download_dataset_task scheduled__2022-09-22T00:00:00+00:00 [queued]>
[2022-09-23 16:06:15,780] {taskinstance.py:1032} INFO - Dependencies all met for <TaskInstance: data_ingestion_gcs_dag_1.download_dataset_task scheduled__2022-09-22T00:00:00+00:00 [queued]>
[2022-09-23 16:06:15,781] {taskinstance.py:1238} INFO - 
--------------------------------------------------------------------------------
[2022-09-23 16:06:15,781] {taskinstance.py:1239} INFO - Starting attempt 1 of 2
[2022-09-23 16:06:15,782] {taskinstance.py:1240} INFO - 
--------------------------------------------------------------------------------
[2022-09-23 16:06:15,954] {taskinstance.py:1259} INFO - Executing <Task(BashOperator): download_dataset_task> on 2022-09-22 00:00:00+00:00
[2022-09-23 16:06:15,965] {standard_task_runner.py:52} INFO - Started process 625 to run task
[2022-09-23 16:06:15,971] {standard_task_runner.py:76} INFO - Running: ['***', 'tasks', 'run', 'data_ingestion_gcs_dag_1', 'download_dataset_task', 'scheduled__2022-09-22T00:00:00+00:00', '--job-id', '35', '--raw', '--subdir', 'DAGS_FOLDER/data_ingestion_gcs_dag.py', '--cfg-path', '/tmp/tmp1wb1umoq', '--error-file', '/tmp/tmpx8ykmoby']
[2022-09-23 16:06:15,972] {standard_task_runner.py:77} INFO - Job 35: Subtask download_dataset_task
[2022-09-23 16:06:16,557] {logging_mixin.py:109} INFO - Running <TaskInstance: data_ingestion_gcs_dag_1.download_dataset_task scheduled__2022-09-22T00:00:00+00:00 [running]> on host 9ec7cb7c64d4
[2022-09-23 16:06:17,119] {taskinstance.py:1426} INFO - Exporting the following env vars:
AIRFLOW_CTX_DAG_OWNER=***
AIRFLOW_CTX_DAG_ID=data_ingestion_gcs_dag_1
AIRFLOW_CTX_TASK_ID=download_dataset_task
AIRFLOW_CTX_EXECUTION_DATE=2022-09-22T00:00:00+00:00
AIRFLOW_CTX_DAG_RUN_ID=scheduled__2022-09-22T00:00:00+00:00
[2022-09-23 16:06:17,132] {subprocess.py:62} INFO - Tmp dir root location: 
 /tmp
[2022-09-23 16:06:17,148] {subprocess.py:74} INFO - Running command: ['bash', '-c', 'curl -sSL https://cdn.theforage.com/vinternships/companyassets/kkKXfgG5FckTX8Toc/gGduJCSFY4fqkCYvn/1653086357170/train.csv > /opt/***//train.csv']
[2022-09-23 16:06:17,165] {subprocess.py:85} INFO - Output:
[2022-09-23 16:06:17,267] {subprocess.py:93} INFO - Command exited with return code 0
[2022-09-23 16:06:17,474] {taskinstance.py:1277} INFO - Marking task as SUCCESS. dag_id=data_ingestion_gcs_dag_1, task_id=download_dataset_task, execution_date=20220922T000000, start_date=20220923T160615, end_date=20220923T160617
[2022-09-23 16:06:17,602] {local_task_job.py:154} INFO - Task exited with return code 0
[2022-09-23 16:06:17,883] {local_task_job.py:264} INFO - 1 downstream tasks scheduled from follow-on schedule check
[2022-09-23 16:09:26,608] {taskinstance.py:1032} INFO - Dependencies all met for <TaskInstance: data_ingestion_gcs_dag_1.download_dataset_task scheduled__2022-09-22T00:00:00+00:00 [queued]>
[2022-09-23 16:09:26,619] {taskinstance.py:1032} INFO - Dependencies all met for <TaskInstance: data_ingestion_gcs_dag_1.download_dataset_task scheduled__2022-09-22T00:00:00+00:00 [queued]>
[2022-09-23 16:09:26,620] {taskinstance.py:1238} INFO - 
--------------------------------------------------------------------------------
[2022-09-23 16:09:26,620] {taskinstance.py:1239} INFO - Starting attempt 1 of 2
[2022-09-23 16:09:26,620] {taskinstance.py:1240} INFO - 
--------------------------------------------------------------------------------
[2022-09-23 16:09:26,674] {taskinstance.py:1259} INFO - Executing <Task(BashOperator): download_dataset_task> on 2022-09-22 00:00:00+00:00
[2022-09-23 16:09:26,679] {standard_task_runner.py:52} INFO - Started process 766 to run task
[2022-09-23 16:09:26,683] {standard_task_runner.py:76} INFO - Running: ['***', 'tasks', 'run', 'data_ingestion_gcs_dag_1', 'download_dataset_task', 'scheduled__2022-09-22T00:00:00+00:00', '--job-id', '37', '--raw', '--subdir', 'DAGS_FOLDER/data_ingestion_gcs_dag.py', '--cfg-path', '/tmp/tmpf73yb2e2', '--error-file', '/tmp/tmp802seg_1']
[2022-09-23 16:09:26,684] {standard_task_runner.py:77} INFO - Job 37: Subtask download_dataset_task
[2022-09-23 16:09:26,774] {logging_mixin.py:109} INFO - Running <TaskInstance: data_ingestion_gcs_dag_1.download_dataset_task scheduled__2022-09-22T00:00:00+00:00 [running]> on host 9ec7cb7c64d4
[2022-09-23 16:09:26,989] {taskinstance.py:1426} INFO - Exporting the following env vars:
AIRFLOW_CTX_DAG_OWNER=***
AIRFLOW_CTX_DAG_ID=data_ingestion_gcs_dag_1
AIRFLOW_CTX_TASK_ID=download_dataset_task
AIRFLOW_CTX_EXECUTION_DATE=2022-09-22T00:00:00+00:00
AIRFLOW_CTX_DAG_RUN_ID=scheduled__2022-09-22T00:00:00+00:00
[2022-09-23 16:09:26,993] {subprocess.py:62} INFO - Tmp dir root location: 
 /tmp
[2022-09-23 16:09:26,996] {subprocess.py:74} INFO - Running command: ['bash', '-c', 'curl -sSL https://cdn.theforage.com/vinternships/companyassets/kkKXfgG5FckTX8Toc/gGduJCSFY4fqkCYvn/1653086357170/train.csv > /opt/***//train.csv']
[2022-09-23 16:09:27,018] {subprocess.py:85} INFO - Output:
[2022-09-23 16:09:27,183] {subprocess.py:93} INFO - Command exited with return code 0
[2022-09-23 16:09:27,243] {taskinstance.py:1277} INFO - Marking task as SUCCESS. dag_id=data_ingestion_gcs_dag_1, task_id=download_dataset_task, execution_date=20220922T000000, start_date=20220923T160926, end_date=20220923T160927
[2022-09-23 16:09:27,312] {local_task_job.py:154} INFO - Task exited with return code 0
[2022-09-23 16:09:27,390] {local_task_job.py:264} INFO - 1 downstream tasks scheduled from follow-on schedule check
