[2022-09-24 01:52:33,468] {processor.py:163} INFO - Started process (PID=57) to work on /opt/airflow/dags/data_ingestion_gcs_dag.py
[2022-09-24 01:52:33,470] {processor.py:642} INFO - Processing file /opt/airflow/dags/data_ingestion_gcs_dag.py for tasks to queue
[2022-09-24 01:52:33,470] {logging_mixin.py:109} INFO - [2022-09-24 01:52:33,470] {dagbag.py:500} INFO - Filling up the DagBag from /opt/airflow/dags/data_ingestion_gcs_dag.py
[2022-09-24 01:53:03,715] {logging_mixin.py:109} INFO - [2022-09-24 01:53:03,715] {timeout.py:36} ERROR - Process timed out, PID: 57
[2022-09-24 01:53:05,477] {logging_mixin.py:109} INFO - [2022-09-24 01:53:03,773] {dagbag.py:334} ERROR - Failed to import: /opt/airflow/dags/data_ingestion_gcs_dag.py
Traceback (most recent call last):
  File "/home/airflow/.local/lib/python3.7/site-packages/airflow/models/dagbag.py", line 331, in _load_modules_from_file
    loader.exec_module(new_module)
  File "<frozen importlib._bootstrap_external>", line 728, in exec_module
  File "<frozen importlib._bootstrap>", line 219, in _call_with_frames_removed
  File "/opt/airflow/dags/data_ingestion_gcs_dag.py", line 10, in <module>
    from airflow.providers.google.cloud.operators.bigquery import BigQueryCreateExternalTableOperator
  File "/home/airflow/.local/lib/python3.7/site-packages/airflow/providers/google/cloud/operators/bigquery.py", line 38, in <module>
    from airflow.providers.google.cloud.hooks.bigquery import BigQueryHook, BigQueryJob
  File "/home/airflow/.local/lib/python3.7/site-packages/airflow/providers/google/cloud/hooks/bigquery.py", line 33, in <module>
    from google.cloud.bigquery import (
  File "/home/airflow/.local/lib/python3.7/site-packages/google/cloud/bigquery/__init__.py", line 35, in <module>
    from google.cloud.bigquery.client import Client
  File "/home/airflow/.local/lib/python3.7/site-packages/google/cloud/bigquery/client.py", line 61, in <module>
    from google.cloud.bigquery_storage_v1.services.big_query_read.client import (
  File "/home/airflow/.local/lib/python3.7/site-packages/google/cloud/bigquery_storage_v1/__init__.py", line 25, in <module>
    from google.cloud.bigquery_storage_v1 import client
  File "/home/airflow/.local/lib/python3.7/site-packages/google/cloud/bigquery_storage_v1/client.py", line 26, in <module>
    from google.cloud.bigquery_storage_v1 import reader
  File "/home/airflow/.local/lib/python3.7/site-packages/google/cloud/bigquery_storage_v1/reader.py", line 28, in <module>
    import pandas
  File "/home/airflow/.local/lib/python3.7/site-packages/pandas/__init__.py", line 22, in <module>
    from pandas.compat import (
  File "/home/airflow/.local/lib/python3.7/site-packages/pandas/compat/__init__.py", line 15, in <module>
    from pandas.compat.numpy import (
  File "/home/airflow/.local/lib/python3.7/site-packages/pandas/compat/numpy/__init__.py", line 7, in <module>
    from pandas.util.version import Version
  File "/home/airflow/.local/lib/python3.7/site-packages/pandas/util/__init__.py", line 7, in <module>
    from pandas.core.util.hashing import (  # noqa
  File "/home/airflow/.local/lib/python3.7/site-packages/pandas/core/util/hashing.py", line 17, in <module>
    from pandas._libs import lib
  File "pandas/_libs/lib.pyx", line 86, in init pandas._libs.lib
  File "<frozen importlib._bootstrap>", line 416, in parent
  File "/home/airflow/.local/lib/python3.7/site-packages/airflow/utils/timeout.py", line 37, in handle_timeout
    raise AirflowTaskTimeout(self.error_message)
airflow.exceptions.AirflowTaskTimeout: DagBag import timeout for /opt/airflow/dags/data_ingestion_gcs_dag.py after 30.0s.
Please take a look at these docs to improve your DAG import time:
* https://airflow.apache.org/docs/apache-airflow/2.2.3/best-practices.html#top-level-python-code
* https://airflow.apache.org/docs/apache-airflow/2.2.3/best-practices.html#reducing-dag-complexity, PID: 57
[2022-09-24 01:53:05,499] {processor.py:690} INFO - Deactivated 1 DAGs which are no longer present in /opt/airflow/dags/data_ingestion_gcs_dag.py
[2022-09-24 01:53:05,500] {processor.py:656} WARNING - No viable dags retrieved from /opt/airflow/dags/data_ingestion_gcs_dag.py
[2022-09-24 01:53:05,969] {processor.py:171} INFO - Processing /opt/airflow/dags/data_ingestion_gcs_dag.py took 32.502 seconds
[2022-09-24 01:53:36,074] {processor.py:163} INFO - Started process (PID=106) to work on /opt/airflow/dags/data_ingestion_gcs_dag.py
[2022-09-24 01:53:36,076] {processor.py:642} INFO - Processing file /opt/airflow/dags/data_ingestion_gcs_dag.py for tasks to queue
[2022-09-24 01:53:36,076] {logging_mixin.py:109} INFO - [2022-09-24 01:53:36,076] {dagbag.py:500} INFO - Filling up the DagBag from /opt/airflow/dags/data_ingestion_gcs_dag.py
[2022-09-24 01:53:53,933] {processor.py:654} INFO - DAG(s) dict_keys(['data_ingestion_gcs_dag_1']) retrieved from /opt/airflow/dags/data_ingestion_gcs_dag.py
[2022-09-24 01:54:04,428] {logging_mixin.py:109} INFO - [2022-09-24 01:54:04,428] {dag.py:2396} INFO - Sync 1 DAGs
[2022-09-24 01:54:05,047] {processor.py:171} INFO - Processing /opt/airflow/dags/data_ingestion_gcs_dag.py took 28.975 seconds
[2022-09-24 01:54:35,151] {processor.py:163} INFO - Started process (PID=156) to work on /opt/airflow/dags/data_ingestion_gcs_dag.py
[2022-09-24 01:54:35,152] {processor.py:642} INFO - Processing file /opt/airflow/dags/data_ingestion_gcs_dag.py for tasks to queue
[2022-09-24 01:54:35,153] {logging_mixin.py:109} INFO - [2022-09-24 01:54:35,152] {dagbag.py:500} INFO - Filling up the DagBag from /opt/airflow/dags/data_ingestion_gcs_dag.py
[2022-09-24 01:54:35,874] {processor.py:654} INFO - DAG(s) dict_keys(['data_ingestion_gcs_dag_1']) retrieved from /opt/airflow/dags/data_ingestion_gcs_dag.py
[2022-09-24 01:54:35,882] {logging_mixin.py:109} INFO - [2022-09-24 01:54:35,882] {dag.py:2396} INFO - Sync 1 DAGs
[2022-09-24 01:54:35,898] {logging_mixin.py:109} INFO - [2022-09-24 01:54:35,898] {dag.py:2935} INFO - Setting next_dagrun for data_ingestion_gcs_dag_1 to 2022-09-23 00:00:00+00:00
[2022-09-24 01:54:35,957] {processor.py:171} INFO - Processing /opt/airflow/dags/data_ingestion_gcs_dag.py took 0.809 seconds
[2022-09-24 01:55:06,091] {processor.py:163} INFO - Started process (PID=179) to work on /opt/airflow/dags/data_ingestion_gcs_dag.py
[2022-09-24 01:55:06,092] {processor.py:642} INFO - Processing file /opt/airflow/dags/data_ingestion_gcs_dag.py for tasks to queue
[2022-09-24 01:55:06,093] {logging_mixin.py:109} INFO - [2022-09-24 01:55:06,093] {dagbag.py:500} INFO - Filling up the DagBag from /opt/airflow/dags/data_ingestion_gcs_dag.py
[2022-09-24 01:55:06,837] {processor.py:654} INFO - DAG(s) dict_keys(['data_ingestion_gcs_dag_1']) retrieved from /opt/airflow/dags/data_ingestion_gcs_dag.py
[2022-09-24 01:55:06,846] {logging_mixin.py:109} INFO - [2022-09-24 01:55:06,845] {dag.py:2396} INFO - Sync 1 DAGs
[2022-09-24 01:55:07,077] {processor.py:171} INFO - Processing /opt/airflow/dags/data_ingestion_gcs_dag.py took 0.989 seconds
[2022-09-24 01:55:37,212] {processor.py:163} INFO - Started process (PID=202) to work on /opt/airflow/dags/data_ingestion_gcs_dag.py
[2022-09-24 01:55:37,213] {processor.py:642} INFO - Processing file /opt/airflow/dags/data_ingestion_gcs_dag.py for tasks to queue
[2022-09-24 01:55:37,214] {logging_mixin.py:109} INFO - [2022-09-24 01:55:37,214] {dagbag.py:500} INFO - Filling up the DagBag from /opt/airflow/dags/data_ingestion_gcs_dag.py
[2022-09-24 01:55:37,885] {processor.py:654} INFO - DAG(s) dict_keys(['data_ingestion_gcs_dag_1']) retrieved from /opt/airflow/dags/data_ingestion_gcs_dag.py
[2022-09-24 01:55:37,896] {logging_mixin.py:109} INFO - [2022-09-24 01:55:37,895] {dag.py:2396} INFO - Sync 1 DAGs
[2022-09-24 01:55:38,192] {processor.py:171} INFO - Processing /opt/airflow/dags/data_ingestion_gcs_dag.py took 0.982 seconds
[2022-09-24 01:56:08,340] {processor.py:163} INFO - Started process (PID=235) to work on /opt/airflow/dags/data_ingestion_gcs_dag.py
[2022-09-24 01:56:08,342] {processor.py:642} INFO - Processing file /opt/airflow/dags/data_ingestion_gcs_dag.py for tasks to queue
[2022-09-24 01:56:08,343] {logging_mixin.py:109} INFO - [2022-09-24 01:56:08,342] {dagbag.py:500} INFO - Filling up the DagBag from /opt/airflow/dags/data_ingestion_gcs_dag.py
[2022-09-24 01:56:09,101] {processor.py:654} INFO - DAG(s) dict_keys(['data_ingestion_gcs_dag_1']) retrieved from /opt/airflow/dags/data_ingestion_gcs_dag.py
[2022-09-24 01:56:09,110] {logging_mixin.py:109} INFO - [2022-09-24 01:56:09,110] {dag.py:2396} INFO - Sync 1 DAGs
[2022-09-24 01:56:09,597] {processor.py:171} INFO - Processing /opt/airflow/dags/data_ingestion_gcs_dag.py took 1.260 seconds
[2022-09-24 01:56:39,698] {processor.py:163} INFO - Started process (PID=258) to work on /opt/airflow/dags/data_ingestion_gcs_dag.py
[2022-09-24 01:56:39,700] {processor.py:642} INFO - Processing file /opt/airflow/dags/data_ingestion_gcs_dag.py for tasks to queue
[2022-09-24 01:56:39,700] {logging_mixin.py:109} INFO - [2022-09-24 01:56:39,700] {dagbag.py:500} INFO - Filling up the DagBag from /opt/airflow/dags/data_ingestion_gcs_dag.py
[2022-09-24 01:56:40,402] {processor.py:654} INFO - DAG(s) dict_keys(['data_ingestion_gcs_dag_1']) retrieved from /opt/airflow/dags/data_ingestion_gcs_dag.py
[2022-09-24 01:56:40,410] {logging_mixin.py:109} INFO - [2022-09-24 01:56:40,409] {dag.py:2396} INFO - Sync 1 DAGs
[2022-09-24 01:56:40,568] {processor.py:171} INFO - Processing /opt/airflow/dags/data_ingestion_gcs_dag.py took 0.873 seconds
[2022-09-24 01:57:10,666] {processor.py:163} INFO - Started process (PID=290) to work on /opt/airflow/dags/data_ingestion_gcs_dag.py
[2022-09-24 01:57:10,668] {processor.py:642} INFO - Processing file /opt/airflow/dags/data_ingestion_gcs_dag.py for tasks to queue
[2022-09-24 01:57:10,669] {logging_mixin.py:109} INFO - [2022-09-24 01:57:10,669] {dagbag.py:500} INFO - Filling up the DagBag from /opt/airflow/dags/data_ingestion_gcs_dag.py
[2022-09-24 01:57:11,400] {processor.py:654} INFO - DAG(s) dict_keys(['data_ingestion_gcs_dag_1']) retrieved from /opt/airflow/dags/data_ingestion_gcs_dag.py
[2022-09-24 01:57:11,410] {logging_mixin.py:109} INFO - [2022-09-24 01:57:11,410] {dag.py:2396} INFO - Sync 1 DAGs
[2022-09-24 01:57:11,502] {processor.py:171} INFO - Processing /opt/airflow/dags/data_ingestion_gcs_dag.py took 0.838 seconds
[2022-09-24 01:57:41,619] {processor.py:163} INFO - Started process (PID=314) to work on /opt/airflow/dags/data_ingestion_gcs_dag.py
[2022-09-24 01:57:41,620] {processor.py:642} INFO - Processing file /opt/airflow/dags/data_ingestion_gcs_dag.py for tasks to queue
[2022-09-24 01:57:41,621] {logging_mixin.py:109} INFO - [2022-09-24 01:57:41,621] {dagbag.py:500} INFO - Filling up the DagBag from /opt/airflow/dags/data_ingestion_gcs_dag.py
[2022-09-24 01:57:42,262] {processor.py:654} INFO - DAG(s) dict_keys(['data_ingestion_gcs_dag_1']) retrieved from /opt/airflow/dags/data_ingestion_gcs_dag.py
[2022-09-24 01:57:42,271] {logging_mixin.py:109} INFO - [2022-09-24 01:57:42,270] {dag.py:2396} INFO - Sync 1 DAGs
[2022-09-24 01:57:42,364] {processor.py:171} INFO - Processing /opt/airflow/dags/data_ingestion_gcs_dag.py took 0.748 seconds
[2022-09-24 01:58:12,478] {processor.py:163} INFO - Started process (PID=347) to work on /opt/airflow/dags/data_ingestion_gcs_dag.py
[2022-09-24 01:58:12,479] {processor.py:642} INFO - Processing file /opt/airflow/dags/data_ingestion_gcs_dag.py for tasks to queue
[2022-09-24 01:58:12,480] {logging_mixin.py:109} INFO - [2022-09-24 01:58:12,480] {dagbag.py:500} INFO - Filling up the DagBag from /opt/airflow/dags/data_ingestion_gcs_dag.py
[2022-09-24 01:58:13,139] {processor.py:654} INFO - DAG(s) dict_keys(['data_ingestion_gcs_dag_1']) retrieved from /opt/airflow/dags/data_ingestion_gcs_dag.py
[2022-09-24 01:58:13,146] {logging_mixin.py:109} INFO - [2022-09-24 01:58:13,146] {dag.py:2396} INFO - Sync 1 DAGs
[2022-09-24 01:58:13,194] {processor.py:171} INFO - Processing /opt/airflow/dags/data_ingestion_gcs_dag.py took 0.719 seconds
[2022-09-24 01:58:43,313] {processor.py:163} INFO - Started process (PID=370) to work on /opt/airflow/dags/data_ingestion_gcs_dag.py
[2022-09-24 01:58:43,314] {processor.py:642} INFO - Processing file /opt/airflow/dags/data_ingestion_gcs_dag.py for tasks to queue
[2022-09-24 01:58:43,315] {logging_mixin.py:109} INFO - [2022-09-24 01:58:43,315] {dagbag.py:500} INFO - Filling up the DagBag from /opt/airflow/dags/data_ingestion_gcs_dag.py
[2022-09-24 01:58:43,999] {processor.py:654} INFO - DAG(s) dict_keys(['data_ingestion_gcs_dag_1']) retrieved from /opt/airflow/dags/data_ingestion_gcs_dag.py
[2022-09-24 01:58:44,007] {logging_mixin.py:109} INFO - [2022-09-24 01:58:44,007] {dag.py:2396} INFO - Sync 1 DAGs
[2022-09-24 01:58:44,052] {processor.py:171} INFO - Processing /opt/airflow/dags/data_ingestion_gcs_dag.py took 0.742 seconds
[2022-09-24 01:59:14,129] {processor.py:163} INFO - Started process (PID=402) to work on /opt/airflow/dags/data_ingestion_gcs_dag.py
[2022-09-24 01:59:14,131] {processor.py:642} INFO - Processing file /opt/airflow/dags/data_ingestion_gcs_dag.py for tasks to queue
[2022-09-24 01:59:14,131] {logging_mixin.py:109} INFO - [2022-09-24 01:59:14,131] {dagbag.py:500} INFO - Filling up the DagBag from /opt/airflow/dags/data_ingestion_gcs_dag.py
[2022-09-24 01:59:14,941] {processor.py:654} INFO - DAG(s) dict_keys(['data_ingestion_gcs_dag_1']) retrieved from /opt/airflow/dags/data_ingestion_gcs_dag.py
[2022-09-24 01:59:14,950] {logging_mixin.py:109} INFO - [2022-09-24 01:59:14,950] {dag.py:2396} INFO - Sync 1 DAGs
[2022-09-24 01:59:15,011] {processor.py:171} INFO - Processing /opt/airflow/dags/data_ingestion_gcs_dag.py took 0.884 seconds
[2022-09-24 01:59:45,143] {processor.py:163} INFO - Started process (PID=427) to work on /opt/airflow/dags/data_ingestion_gcs_dag.py
[2022-09-24 01:59:45,144] {processor.py:642} INFO - Processing file /opt/airflow/dags/data_ingestion_gcs_dag.py for tasks to queue
[2022-09-24 01:59:45,145] {logging_mixin.py:109} INFO - [2022-09-24 01:59:45,145] {dagbag.py:500} INFO - Filling up the DagBag from /opt/airflow/dags/data_ingestion_gcs_dag.py
[2022-09-24 01:59:45,819] {processor.py:654} INFO - DAG(s) dict_keys(['data_ingestion_gcs_dag_1']) retrieved from /opt/airflow/dags/data_ingestion_gcs_dag.py
[2022-09-24 01:59:45,827] {logging_mixin.py:109} INFO - [2022-09-24 01:59:45,826] {dag.py:2396} INFO - Sync 1 DAGs
[2022-09-24 01:59:45,842] {logging_mixin.py:109} INFO - [2022-09-24 01:59:45,842] {dag.py:2935} INFO - Setting next_dagrun for data_ingestion_gcs_dag_1 to 2022-09-24T00:00:00+00:00
[2022-09-24 01:59:45,922] {processor.py:171} INFO - Processing /opt/airflow/dags/data_ingestion_gcs_dag.py took 0.781 seconds
[2022-09-24 02:00:16,036] {processor.py:163} INFO - Started process (PID=459) to work on /opt/airflow/dags/data_ingestion_gcs_dag.py
[2022-09-24 02:00:16,037] {processor.py:642} INFO - Processing file /opt/airflow/dags/data_ingestion_gcs_dag.py for tasks to queue
[2022-09-24 02:00:16,038] {logging_mixin.py:109} INFO - [2022-09-24 02:00:16,038] {dagbag.py:500} INFO - Filling up the DagBag from /opt/airflow/dags/data_ingestion_gcs_dag.py
[2022-09-24 02:00:16,726] {processor.py:654} INFO - DAG(s) dict_keys(['data_ingestion_gcs_dag_1']) retrieved from /opt/airflow/dags/data_ingestion_gcs_dag.py
[2022-09-24 02:00:16,734] {logging_mixin.py:109} INFO - [2022-09-24 02:00:16,734] {dag.py:2396} INFO - Sync 1 DAGs
[2022-09-24 02:00:16,749] {logging_mixin.py:109} INFO - [2022-09-24 02:00:16,749] {dag.py:2935} INFO - Setting next_dagrun for data_ingestion_gcs_dag_1 to 2022-09-24T00:00:00+00:00
[2022-09-24 02:00:16,785] {processor.py:171} INFO - Processing /opt/airflow/dags/data_ingestion_gcs_dag.py took 0.752 seconds
[2022-09-24 02:00:46,892] {processor.py:163} INFO - Started process (PID=482) to work on /opt/airflow/dags/data_ingestion_gcs_dag.py
[2022-09-24 02:00:46,893] {processor.py:642} INFO - Processing file /opt/airflow/dags/data_ingestion_gcs_dag.py for tasks to queue
[2022-09-24 02:00:46,894] {logging_mixin.py:109} INFO - [2022-09-24 02:00:46,894] {dagbag.py:500} INFO - Filling up the DagBag from /opt/airflow/dags/data_ingestion_gcs_dag.py
[2022-09-24 02:00:47,543] {processor.py:654} INFO - DAG(s) dict_keys(['data_ingestion_gcs_dag_1']) retrieved from /opt/airflow/dags/data_ingestion_gcs_dag.py
[2022-09-24 02:00:47,551] {logging_mixin.py:109} INFO - [2022-09-24 02:00:47,551] {dag.py:2396} INFO - Sync 1 DAGs
[2022-09-24 02:00:47,564] {logging_mixin.py:109} INFO - [2022-09-24 02:00:47,564] {dag.py:2935} INFO - Setting next_dagrun for data_ingestion_gcs_dag_1 to 2022-09-24T00:00:00+00:00
[2022-09-24 02:00:47,619] {processor.py:171} INFO - Processing /opt/airflow/dags/data_ingestion_gcs_dag.py took 0.730 seconds
[2022-09-24 02:01:17,739] {processor.py:163} INFO - Started process (PID=514) to work on /opt/airflow/dags/data_ingestion_gcs_dag.py
[2022-09-24 02:01:17,740] {processor.py:642} INFO - Processing file /opt/airflow/dags/data_ingestion_gcs_dag.py for tasks to queue
[2022-09-24 02:01:17,741] {logging_mixin.py:109} INFO - [2022-09-24 02:01:17,741] {dagbag.py:500} INFO - Filling up the DagBag from /opt/airflow/dags/data_ingestion_gcs_dag.py
[2022-09-24 02:01:18,505] {processor.py:654} INFO - DAG(s) dict_keys(['data_ingestion_gcs_dag_1']) retrieved from /opt/airflow/dags/data_ingestion_gcs_dag.py
[2022-09-24 02:01:18,515] {logging_mixin.py:109} INFO - [2022-09-24 02:01:18,514] {dag.py:2396} INFO - Sync 1 DAGs
[2022-09-24 02:01:18,529] {logging_mixin.py:109} INFO - [2022-09-24 02:01:18,529] {dag.py:2935} INFO - Setting next_dagrun for data_ingestion_gcs_dag_1 to 2022-09-24T00:00:00+00:00
[2022-09-24 02:01:18,579] {processor.py:171} INFO - Processing /opt/airflow/dags/data_ingestion_gcs_dag.py took 0.843 seconds
[2022-09-24 02:01:48,724] {processor.py:163} INFO - Started process (PID=538) to work on /opt/airflow/dags/data_ingestion_gcs_dag.py
[2022-09-24 02:01:48,725] {processor.py:642} INFO - Processing file /opt/airflow/dags/data_ingestion_gcs_dag.py for tasks to queue
[2022-09-24 02:01:48,726] {logging_mixin.py:109} INFO - [2022-09-24 02:01:48,726] {dagbag.py:500} INFO - Filling up the DagBag from /opt/airflow/dags/data_ingestion_gcs_dag.py
[2022-09-24 02:01:49,460] {processor.py:654} INFO - DAG(s) dict_keys(['data_ingestion_gcs_dag_1']) retrieved from /opt/airflow/dags/data_ingestion_gcs_dag.py
[2022-09-24 02:01:49,470] {logging_mixin.py:109} INFO - [2022-09-24 02:01:49,469] {dag.py:2396} INFO - Sync 1 DAGs
[2022-09-24 02:01:49,486] {logging_mixin.py:109} INFO - [2022-09-24 02:01:49,486] {dag.py:2935} INFO - Setting next_dagrun for data_ingestion_gcs_dag_1 to 2022-09-24T00:00:00+00:00
[2022-09-24 02:01:49,539] {processor.py:171} INFO - Processing /opt/airflow/dags/data_ingestion_gcs_dag.py took 0.818 seconds
[2022-09-24 02:02:19,678] {processor.py:163} INFO - Started process (PID=570) to work on /opt/airflow/dags/data_ingestion_gcs_dag.py
[2022-09-24 02:02:19,679] {processor.py:642} INFO - Processing file /opt/airflow/dags/data_ingestion_gcs_dag.py for tasks to queue
[2022-09-24 02:02:19,680] {logging_mixin.py:109} INFO - [2022-09-24 02:02:19,680] {dagbag.py:500} INFO - Filling up the DagBag from /opt/airflow/dags/data_ingestion_gcs_dag.py
[2022-09-24 02:02:20,354] {processor.py:654} INFO - DAG(s) dict_keys(['data_ingestion_gcs_dag_1']) retrieved from /opt/airflow/dags/data_ingestion_gcs_dag.py
[2022-09-24 02:02:20,361] {logging_mixin.py:109} INFO - [2022-09-24 02:02:20,361] {dag.py:2396} INFO - Sync 1 DAGs
[2022-09-24 02:02:20,375] {logging_mixin.py:109} INFO - [2022-09-24 02:02:20,375] {dag.py:2935} INFO - Setting next_dagrun for data_ingestion_gcs_dag_1 to 2022-09-24T00:00:00+00:00
[2022-09-24 02:02:20,431] {processor.py:171} INFO - Processing /opt/airflow/dags/data_ingestion_gcs_dag.py took 0.756 seconds
[2022-09-24 02:02:50,574] {processor.py:163} INFO - Started process (PID=597) to work on /opt/airflow/dags/data_ingestion_gcs_dag.py
[2022-09-24 02:02:50,576] {processor.py:642} INFO - Processing file /opt/airflow/dags/data_ingestion_gcs_dag.py for tasks to queue
[2022-09-24 02:02:50,577] {logging_mixin.py:109} INFO - [2022-09-24 02:02:50,577] {dagbag.py:500} INFO - Filling up the DagBag from /opt/airflow/dags/data_ingestion_gcs_dag.py
[2022-09-24 02:02:51,293] {processor.py:654} INFO - DAG(s) dict_keys(['data_ingestion_gcs_dag_1']) retrieved from /opt/airflow/dags/data_ingestion_gcs_dag.py
[2022-09-24 02:02:51,301] {logging_mixin.py:109} INFO - [2022-09-24 02:02:51,301] {dag.py:2396} INFO - Sync 1 DAGs
[2022-09-24 02:02:51,317] {logging_mixin.py:109} INFO - [2022-09-24 02:02:51,316] {dag.py:2935} INFO - Setting next_dagrun for data_ingestion_gcs_dag_1 to 2022-09-24T00:00:00+00:00
[2022-09-24 02:02:51,369] {processor.py:171} INFO - Processing /opt/airflow/dags/data_ingestion_gcs_dag.py took 0.797 seconds
[2022-09-24 02:03:21,476] {processor.py:163} INFO - Started process (PID=628) to work on /opt/airflow/dags/data_ingestion_gcs_dag.py
[2022-09-24 02:03:21,478] {processor.py:642} INFO - Processing file /opt/airflow/dags/data_ingestion_gcs_dag.py for tasks to queue
[2022-09-24 02:03:21,479] {logging_mixin.py:109} INFO - [2022-09-24 02:03:21,479] {dagbag.py:500} INFO - Filling up the DagBag from /opt/airflow/dags/data_ingestion_gcs_dag.py
[2022-09-24 02:03:22,134] {processor.py:654} INFO - DAG(s) dict_keys(['data_ingestion_gcs_dag_1']) retrieved from /opt/airflow/dags/data_ingestion_gcs_dag.py
[2022-09-24 02:03:22,142] {logging_mixin.py:109} INFO - [2022-09-24 02:03:22,142] {dag.py:2396} INFO - Sync 1 DAGs
[2022-09-24 02:03:22,156] {logging_mixin.py:109} INFO - [2022-09-24 02:03:22,155] {dag.py:2935} INFO - Setting next_dagrun for data_ingestion_gcs_dag_1 to 2022-09-24T00:00:00+00:00
[2022-09-24 02:03:22,190] {processor.py:171} INFO - Processing /opt/airflow/dags/data_ingestion_gcs_dag.py took 0.716 seconds
[2022-09-24 02:03:52,315] {processor.py:163} INFO - Started process (PID=662) to work on /opt/airflow/dags/data_ingestion_gcs_dag.py
[2022-09-24 02:03:52,316] {processor.py:642} INFO - Processing file /opt/airflow/dags/data_ingestion_gcs_dag.py for tasks to queue
[2022-09-24 02:03:52,317] {logging_mixin.py:109} INFO - [2022-09-24 02:03:52,316] {dagbag.py:500} INFO - Filling up the DagBag from /opt/airflow/dags/data_ingestion_gcs_dag.py
[2022-09-24 02:03:52,978] {processor.py:654} INFO - DAG(s) dict_keys(['data_ingestion_gcs_dag_1']) retrieved from /opt/airflow/dags/data_ingestion_gcs_dag.py
[2022-09-24 02:03:52,986] {logging_mixin.py:109} INFO - [2022-09-24 02:03:52,986] {dag.py:2396} INFO - Sync 1 DAGs
[2022-09-24 02:03:53,003] {logging_mixin.py:109} INFO - [2022-09-24 02:03:53,003] {dag.py:2935} INFO - Setting next_dagrun for data_ingestion_gcs_dag_1 to 2022-09-24T00:00:00+00:00
[2022-09-24 02:03:53,094] {processor.py:171} INFO - Processing /opt/airflow/dags/data_ingestion_gcs_dag.py took 0.782 seconds
[2022-09-24 02:04:23,225] {processor.py:163} INFO - Started process (PID=686) to work on /opt/airflow/dags/data_ingestion_gcs_dag.py
[2022-09-24 02:04:23,227] {processor.py:642} INFO - Processing file /opt/airflow/dags/data_ingestion_gcs_dag.py for tasks to queue
[2022-09-24 02:04:23,227] {logging_mixin.py:109} INFO - [2022-09-24 02:04:23,227] {dagbag.py:500} INFO - Filling up the DagBag from /opt/airflow/dags/data_ingestion_gcs_dag.py
[2022-09-24 02:04:23,919] {processor.py:654} INFO - DAG(s) dict_keys(['data_ingestion_gcs_dag_1']) retrieved from /opt/airflow/dags/data_ingestion_gcs_dag.py
[2022-09-24 02:04:23,927] {logging_mixin.py:109} INFO - [2022-09-24 02:04:23,927] {dag.py:2396} INFO - Sync 1 DAGs
[2022-09-24 02:04:23,942] {logging_mixin.py:109} INFO - [2022-09-24 02:04:23,942] {dag.py:2935} INFO - Setting next_dagrun for data_ingestion_gcs_dag_1 to 2022-09-24T00:00:00+00:00
[2022-09-24 02:04:23,978] {processor.py:171} INFO - Processing /opt/airflow/dags/data_ingestion_gcs_dag.py took 0.755 seconds
[2022-09-24 02:04:54,089] {processor.py:163} INFO - Started process (PID=718) to work on /opt/airflow/dags/data_ingestion_gcs_dag.py
[2022-09-24 02:04:54,090] {processor.py:642} INFO - Processing file /opt/airflow/dags/data_ingestion_gcs_dag.py for tasks to queue
[2022-09-24 02:04:54,091] {logging_mixin.py:109} INFO - [2022-09-24 02:04:54,091] {dagbag.py:500} INFO - Filling up the DagBag from /opt/airflow/dags/data_ingestion_gcs_dag.py
[2022-09-24 02:04:54,772] {processor.py:654} INFO - DAG(s) dict_keys(['data_ingestion_gcs_dag_1']) retrieved from /opt/airflow/dags/data_ingestion_gcs_dag.py
[2022-09-24 02:04:54,781] {logging_mixin.py:109} INFO - [2022-09-24 02:04:54,781] {dag.py:2396} INFO - Sync 1 DAGs
[2022-09-24 02:04:54,798] {logging_mixin.py:109} INFO - [2022-09-24 02:04:54,798] {dag.py:2935} INFO - Setting next_dagrun for data_ingestion_gcs_dag_1 to 2022-09-24T00:00:00+00:00
[2022-09-24 02:04:54,832] {processor.py:171} INFO - Processing /opt/airflow/dags/data_ingestion_gcs_dag.py took 0.746 seconds
[2022-09-24 02:05:24,931] {processor.py:163} INFO - Started process (PID=741) to work on /opt/airflow/dags/data_ingestion_gcs_dag.py
[2022-09-24 02:05:24,933] {processor.py:642} INFO - Processing file /opt/airflow/dags/data_ingestion_gcs_dag.py for tasks to queue
[2022-09-24 02:05:24,934] {logging_mixin.py:109} INFO - [2022-09-24 02:05:24,934] {dagbag.py:500} INFO - Filling up the DagBag from /opt/airflow/dags/data_ingestion_gcs_dag.py
[2022-09-24 02:05:25,588] {processor.py:654} INFO - DAG(s) dict_keys(['data_ingestion_gcs_dag_1']) retrieved from /opt/airflow/dags/data_ingestion_gcs_dag.py
[2022-09-24 02:05:25,596] {logging_mixin.py:109} INFO - [2022-09-24 02:05:25,596] {dag.py:2396} INFO - Sync 1 DAGs
[2022-09-24 02:05:25,610] {logging_mixin.py:109} INFO - [2022-09-24 02:05:25,610] {dag.py:2935} INFO - Setting next_dagrun for data_ingestion_gcs_dag_1 to 2022-09-24T00:00:00+00:00
[2022-09-24 02:05:25,645] {processor.py:171} INFO - Processing /opt/airflow/dags/data_ingestion_gcs_dag.py took 0.717 seconds
[2022-09-24 02:05:55,765] {processor.py:163} INFO - Started process (PID=774) to work on /opt/airflow/dags/data_ingestion_gcs_dag.py
[2022-09-24 02:05:55,766] {processor.py:642} INFO - Processing file /opt/airflow/dags/data_ingestion_gcs_dag.py for tasks to queue
[2022-09-24 02:05:55,767] {logging_mixin.py:109} INFO - [2022-09-24 02:05:55,766] {dagbag.py:500} INFO - Filling up the DagBag from /opt/airflow/dags/data_ingestion_gcs_dag.py
[2022-09-24 02:05:56,441] {processor.py:654} INFO - DAG(s) dict_keys(['data_ingestion_gcs_dag_1']) retrieved from /opt/airflow/dags/data_ingestion_gcs_dag.py
[2022-09-24 02:05:56,449] {logging_mixin.py:109} INFO - [2022-09-24 02:05:56,449] {dag.py:2396} INFO - Sync 1 DAGs
[2022-09-24 02:05:56,464] {logging_mixin.py:109} INFO - [2022-09-24 02:05:56,464] {dag.py:2935} INFO - Setting next_dagrun for data_ingestion_gcs_dag_1 to 2022-09-24T00:00:00+00:00
[2022-09-24 02:05:56,507] {processor.py:171} INFO - Processing /opt/airflow/dags/data_ingestion_gcs_dag.py took 0.745 seconds
[2022-09-24 02:06:26,624] {processor.py:163} INFO - Started process (PID=798) to work on /opt/airflow/dags/data_ingestion_gcs_dag.py
[2022-09-24 02:06:26,625] {processor.py:642} INFO - Processing file /opt/airflow/dags/data_ingestion_gcs_dag.py for tasks to queue
[2022-09-24 02:06:26,626] {logging_mixin.py:109} INFO - [2022-09-24 02:06:26,626] {dagbag.py:500} INFO - Filling up the DagBag from /opt/airflow/dags/data_ingestion_gcs_dag.py
[2022-09-24 02:06:27,305] {processor.py:654} INFO - DAG(s) dict_keys(['data_ingestion_gcs_dag_1']) retrieved from /opt/airflow/dags/data_ingestion_gcs_dag.py
[2022-09-24 02:06:27,313] {logging_mixin.py:109} INFO - [2022-09-24 02:06:27,313] {dag.py:2396} INFO - Sync 1 DAGs
[2022-09-24 02:06:27,328] {logging_mixin.py:109} INFO - [2022-09-24 02:06:27,328] {dag.py:2935} INFO - Setting next_dagrun for data_ingestion_gcs_dag_1 to 2022-09-24T00:00:00+00:00
[2022-09-24 02:06:27,424] {processor.py:171} INFO - Processing /opt/airflow/dags/data_ingestion_gcs_dag.py took 0.803 seconds
[2022-09-24 02:06:57,531] {processor.py:163} INFO - Started process (PID=830) to work on /opt/airflow/dags/data_ingestion_gcs_dag.py
[2022-09-24 02:06:57,532] {processor.py:642} INFO - Processing file /opt/airflow/dags/data_ingestion_gcs_dag.py for tasks to queue
[2022-09-24 02:06:57,533] {logging_mixin.py:109} INFO - [2022-09-24 02:06:57,533] {dagbag.py:500} INFO - Filling up the DagBag from /opt/airflow/dags/data_ingestion_gcs_dag.py
[2022-09-24 02:06:58,192] {processor.py:654} INFO - DAG(s) dict_keys(['data_ingestion_gcs_dag_1']) retrieved from /opt/airflow/dags/data_ingestion_gcs_dag.py
[2022-09-24 02:06:58,201] {logging_mixin.py:109} INFO - [2022-09-24 02:06:58,201] {dag.py:2396} INFO - Sync 1 DAGs
[2022-09-24 02:06:58,216] {logging_mixin.py:109} INFO - [2022-09-24 02:06:58,216] {dag.py:2935} INFO - Setting next_dagrun for data_ingestion_gcs_dag_1 to 2022-09-24T00:00:00+00:00
[2022-09-24 02:06:58,414] {processor.py:171} INFO - Processing /opt/airflow/dags/data_ingestion_gcs_dag.py took 0.886 seconds
[2022-09-24 02:07:28,520] {processor.py:163} INFO - Started process (PID=853) to work on /opt/airflow/dags/data_ingestion_gcs_dag.py
[2022-09-24 02:07:28,521] {processor.py:642} INFO - Processing file /opt/airflow/dags/data_ingestion_gcs_dag.py for tasks to queue
[2022-09-24 02:07:28,521] {logging_mixin.py:109} INFO - [2022-09-24 02:07:28,521] {dagbag.py:500} INFO - Filling up the DagBag from /opt/airflow/dags/data_ingestion_gcs_dag.py
[2022-09-24 02:07:29,157] {processor.py:654} INFO - DAG(s) dict_keys(['data_ingestion_gcs_dag_1']) retrieved from /opt/airflow/dags/data_ingestion_gcs_dag.py
[2022-09-24 02:07:29,165] {logging_mixin.py:109} INFO - [2022-09-24 02:07:29,164] {dag.py:2396} INFO - Sync 1 DAGs
[2022-09-24 02:07:29,180] {logging_mixin.py:109} INFO - [2022-09-24 02:07:29,180] {dag.py:2935} INFO - Setting next_dagrun for data_ingestion_gcs_dag_1 to 2022-09-24T00:00:00+00:00
[2022-09-24 02:07:29,225] {processor.py:171} INFO - Processing /opt/airflow/dags/data_ingestion_gcs_dag.py took 0.708 seconds
[2022-09-24 02:07:59,336] {processor.py:163} INFO - Started process (PID=885) to work on /opt/airflow/dags/data_ingestion_gcs_dag.py
[2022-09-24 02:07:59,338] {processor.py:642} INFO - Processing file /opt/airflow/dags/data_ingestion_gcs_dag.py for tasks to queue
[2022-09-24 02:07:59,338] {logging_mixin.py:109} INFO - [2022-09-24 02:07:59,338] {dagbag.py:500} INFO - Filling up the DagBag from /opt/airflow/dags/data_ingestion_gcs_dag.py
[2022-09-24 02:08:00,150] {processor.py:654} INFO - DAG(s) dict_keys(['data_ingestion_gcs_dag_1']) retrieved from /opt/airflow/dags/data_ingestion_gcs_dag.py
[2022-09-24 02:08:00,158] {logging_mixin.py:109} INFO - [2022-09-24 02:08:00,157] {dag.py:2396} INFO - Sync 1 DAGs
[2022-09-24 02:08:00,173] {logging_mixin.py:109} INFO - [2022-09-24 02:08:00,173] {dag.py:2935} INFO - Setting next_dagrun for data_ingestion_gcs_dag_1 to 2022-09-24T00:00:00+00:00
[2022-09-24 02:08:00,254] {processor.py:171} INFO - Processing /opt/airflow/dags/data_ingestion_gcs_dag.py took 0.922 seconds
[2022-09-24 02:08:30,386] {processor.py:163} INFO - Started process (PID=909) to work on /opt/airflow/dags/data_ingestion_gcs_dag.py
[2022-09-24 02:08:30,387] {processor.py:642} INFO - Processing file /opt/airflow/dags/data_ingestion_gcs_dag.py for tasks to queue
[2022-09-24 02:08:30,387] {logging_mixin.py:109} INFO - [2022-09-24 02:08:30,387] {dagbag.py:500} INFO - Filling up the DagBag from /opt/airflow/dags/data_ingestion_gcs_dag.py
[2022-09-24 02:08:31,136] {processor.py:654} INFO - DAG(s) dict_keys(['data_ingestion_gcs_dag_1']) retrieved from /opt/airflow/dags/data_ingestion_gcs_dag.py
[2022-09-24 02:08:31,144] {logging_mixin.py:109} INFO - [2022-09-24 02:08:31,144] {dag.py:2396} INFO - Sync 1 DAGs
[2022-09-24 02:08:31,161] {logging_mixin.py:109} INFO - [2022-09-24 02:08:31,161] {dag.py:2935} INFO - Setting next_dagrun for data_ingestion_gcs_dag_1 to 2022-09-24T00:00:00+00:00
[2022-09-24 02:08:31,201] {processor.py:171} INFO - Processing /opt/airflow/dags/data_ingestion_gcs_dag.py took 0.818 seconds
[2022-09-24 02:09:01,318] {processor.py:163} INFO - Started process (PID=941) to work on /opt/airflow/dags/data_ingestion_gcs_dag.py
[2022-09-24 02:09:01,319] {processor.py:642} INFO - Processing file /opt/airflow/dags/data_ingestion_gcs_dag.py for tasks to queue
[2022-09-24 02:09:01,320] {logging_mixin.py:109} INFO - [2022-09-24 02:09:01,320] {dagbag.py:500} INFO - Filling up the DagBag from /opt/airflow/dags/data_ingestion_gcs_dag.py
[2022-09-24 02:09:02,015] {processor.py:654} INFO - DAG(s) dict_keys(['data_ingestion_gcs_dag_1']) retrieved from /opt/airflow/dags/data_ingestion_gcs_dag.py
[2022-09-24 02:09:02,024] {logging_mixin.py:109} INFO - [2022-09-24 02:09:02,024] {dag.py:2396} INFO - Sync 1 DAGs
[2022-09-24 02:09:02,041] {logging_mixin.py:109} INFO - [2022-09-24 02:09:02,041] {dag.py:2935} INFO - Setting next_dagrun for data_ingestion_gcs_dag_1 to 2022-09-24T00:00:00+00:00
[2022-09-24 02:09:02,081] {processor.py:171} INFO - Processing /opt/airflow/dags/data_ingestion_gcs_dag.py took 0.766 seconds
[2022-09-24 02:09:32,195] {processor.py:163} INFO - Started process (PID=965) to work on /opt/airflow/dags/data_ingestion_gcs_dag.py
[2022-09-24 02:09:32,196] {processor.py:642} INFO - Processing file /opt/airflow/dags/data_ingestion_gcs_dag.py for tasks to queue
[2022-09-24 02:09:32,197] {logging_mixin.py:109} INFO - [2022-09-24 02:09:32,197] {dagbag.py:500} INFO - Filling up the DagBag from /opt/airflow/dags/data_ingestion_gcs_dag.py
[2022-09-24 02:09:32,872] {processor.py:654} INFO - DAG(s) dict_keys(['data_ingestion_gcs_dag_1']) retrieved from /opt/airflow/dags/data_ingestion_gcs_dag.py
[2022-09-24 02:09:32,880] {logging_mixin.py:109} INFO - [2022-09-24 02:09:32,880] {dag.py:2396} INFO - Sync 1 DAGs
[2022-09-24 02:09:32,895] {logging_mixin.py:109} INFO - [2022-09-24 02:09:32,895] {dag.py:2935} INFO - Setting next_dagrun for data_ingestion_gcs_dag_1 to 2022-09-24T00:00:00+00:00
[2022-09-24 02:09:32,963] {processor.py:171} INFO - Processing /opt/airflow/dags/data_ingestion_gcs_dag.py took 0.770 seconds
[2022-09-24 02:10:03,071] {processor.py:163} INFO - Started process (PID=997) to work on /opt/airflow/dags/data_ingestion_gcs_dag.py
[2022-09-24 02:10:03,072] {processor.py:642} INFO - Processing file /opt/airflow/dags/data_ingestion_gcs_dag.py for tasks to queue
[2022-09-24 02:10:03,073] {logging_mixin.py:109} INFO - [2022-09-24 02:10:03,073] {dagbag.py:500} INFO - Filling up the DagBag from /opt/airflow/dags/data_ingestion_gcs_dag.py
[2022-09-24 02:10:03,882] {processor.py:654} INFO - DAG(s) dict_keys(['data_ingestion_gcs_dag_1']) retrieved from /opt/airflow/dags/data_ingestion_gcs_dag.py
[2022-09-24 02:10:03,890] {logging_mixin.py:109} INFO - [2022-09-24 02:10:03,889] {dag.py:2396} INFO - Sync 1 DAGs
[2022-09-24 02:10:03,906] {logging_mixin.py:109} INFO - [2022-09-24 02:10:03,906] {dag.py:2935} INFO - Setting next_dagrun for data_ingestion_gcs_dag_1 to 2022-09-24T00:00:00+00:00
[2022-09-24 02:10:03,968] {processor.py:171} INFO - Processing /opt/airflow/dags/data_ingestion_gcs_dag.py took 0.901 seconds
[2022-09-24 02:10:34,070] {processor.py:163} INFO - Started process (PID=1020) to work on /opt/airflow/dags/data_ingestion_gcs_dag.py
[2022-09-24 02:10:34,072] {processor.py:642} INFO - Processing file /opt/airflow/dags/data_ingestion_gcs_dag.py for tasks to queue
[2022-09-24 02:10:34,073] {logging_mixin.py:109} INFO - [2022-09-24 02:10:34,073] {dagbag.py:500} INFO - Filling up the DagBag from /opt/airflow/dags/data_ingestion_gcs_dag.py
[2022-09-24 02:10:34,835] {processor.py:654} INFO - DAG(s) dict_keys(['data_ingestion_gcs_dag_1']) retrieved from /opt/airflow/dags/data_ingestion_gcs_dag.py
[2022-09-24 02:10:34,842] {logging_mixin.py:109} INFO - [2022-09-24 02:10:34,842] {dag.py:2396} INFO - Sync 1 DAGs
[2022-09-24 02:10:34,857] {logging_mixin.py:109} INFO - [2022-09-24 02:10:34,857] {dag.py:2935} INFO - Setting next_dagrun for data_ingestion_gcs_dag_1 to 2022-09-24T00:00:00+00:00
[2022-09-24 02:10:34,922] {processor.py:171} INFO - Processing /opt/airflow/dags/data_ingestion_gcs_dag.py took 0.855 seconds
[2022-09-24 02:11:04,953] {processor.py:163} INFO - Started process (PID=1054) to work on /opt/airflow/dags/data_ingestion_gcs_dag.py
[2022-09-24 02:11:04,954] {processor.py:642} INFO - Processing file /opt/airflow/dags/data_ingestion_gcs_dag.py for tasks to queue
[2022-09-24 02:11:04,955] {logging_mixin.py:109} INFO - [2022-09-24 02:11:04,955] {dagbag.py:500} INFO - Filling up the DagBag from /opt/airflow/dags/data_ingestion_gcs_dag.py
[2022-09-24 02:11:05,635] {processor.py:654} INFO - DAG(s) dict_keys(['data_ingestion_gcs_dag_1']) retrieved from /opt/airflow/dags/data_ingestion_gcs_dag.py
[2022-09-24 02:11:05,643] {logging_mixin.py:109} INFO - [2022-09-24 02:11:05,642] {dag.py:2396} INFO - Sync 1 DAGs
[2022-09-24 02:11:05,658] {logging_mixin.py:109} INFO - [2022-09-24 02:11:05,658] {dag.py:2935} INFO - Setting next_dagrun for data_ingestion_gcs_dag_1 to 2022-09-24T00:00:00+00:00
[2022-09-24 02:11:05,697] {processor.py:171} INFO - Processing /opt/airflow/dags/data_ingestion_gcs_dag.py took 0.747 seconds
[2022-09-24 02:11:35,815] {processor.py:163} INFO - Started process (PID=1077) to work on /opt/airflow/dags/data_ingestion_gcs_dag.py
[2022-09-24 02:11:35,817] {processor.py:642} INFO - Processing file /opt/airflow/dags/data_ingestion_gcs_dag.py for tasks to queue
[2022-09-24 02:11:35,817] {logging_mixin.py:109} INFO - [2022-09-24 02:11:35,817] {dagbag.py:500} INFO - Filling up the DagBag from /opt/airflow/dags/data_ingestion_gcs_dag.py
[2022-09-24 02:11:36,477] {processor.py:654} INFO - DAG(s) dict_keys(['data_ingestion_gcs_dag_1']) retrieved from /opt/airflow/dags/data_ingestion_gcs_dag.py
[2022-09-24 02:11:36,486] {logging_mixin.py:109} INFO - [2022-09-24 02:11:36,486] {dag.py:2396} INFO - Sync 1 DAGs
[2022-09-24 02:11:36,501] {logging_mixin.py:109} INFO - [2022-09-24 02:11:36,501] {dag.py:2935} INFO - Setting next_dagrun for data_ingestion_gcs_dag_1 to 2022-09-24T00:00:00+00:00
[2022-09-24 02:11:36,575] {processor.py:171} INFO - Processing /opt/airflow/dags/data_ingestion_gcs_dag.py took 0.763 seconds
[2022-09-24 02:12:06,691] {processor.py:163} INFO - Started process (PID=1109) to work on /opt/airflow/dags/data_ingestion_gcs_dag.py
[2022-09-24 02:12:06,692] {processor.py:642} INFO - Processing file /opt/airflow/dags/data_ingestion_gcs_dag.py for tasks to queue
[2022-09-24 02:12:06,693] {logging_mixin.py:109} INFO - [2022-09-24 02:12:06,693] {dagbag.py:500} INFO - Filling up the DagBag from /opt/airflow/dags/data_ingestion_gcs_dag.py
[2022-09-24 02:12:07,341] {processor.py:654} INFO - DAG(s) dict_keys(['data_ingestion_gcs_dag_1']) retrieved from /opt/airflow/dags/data_ingestion_gcs_dag.py
[2022-09-24 02:12:07,351] {logging_mixin.py:109} INFO - [2022-09-24 02:12:07,351] {dag.py:2396} INFO - Sync 1 DAGs
[2022-09-24 02:12:07,365] {logging_mixin.py:109} INFO - [2022-09-24 02:12:07,364] {dag.py:2935} INFO - Setting next_dagrun for data_ingestion_gcs_dag_1 to 2022-09-24T00:00:00+00:00
[2022-09-24 02:12:07,402] {processor.py:171} INFO - Processing /opt/airflow/dags/data_ingestion_gcs_dag.py took 0.715 seconds
[2022-09-24 02:12:37,507] {processor.py:163} INFO - Started process (PID=1132) to work on /opt/airflow/dags/data_ingestion_gcs_dag.py
[2022-09-24 02:12:37,508] {processor.py:642} INFO - Processing file /opt/airflow/dags/data_ingestion_gcs_dag.py for tasks to queue
[2022-09-24 02:12:37,509] {logging_mixin.py:109} INFO - [2022-09-24 02:12:37,509] {dagbag.py:500} INFO - Filling up the DagBag from /opt/airflow/dags/data_ingestion_gcs_dag.py
[2022-09-24 02:12:38,158] {processor.py:654} INFO - DAG(s) dict_keys(['data_ingestion_gcs_dag_1']) retrieved from /opt/airflow/dags/data_ingestion_gcs_dag.py
[2022-09-24 02:12:38,167] {logging_mixin.py:109} INFO - [2022-09-24 02:12:38,167] {dag.py:2396} INFO - Sync 1 DAGs
[2022-09-24 02:12:38,181] {logging_mixin.py:109} INFO - [2022-09-24 02:12:38,181] {dag.py:2935} INFO - Setting next_dagrun for data_ingestion_gcs_dag_1 to 2022-09-24T00:00:00+00:00
[2022-09-24 02:12:38,247] {processor.py:171} INFO - Processing /opt/airflow/dags/data_ingestion_gcs_dag.py took 0.743 seconds
[2022-09-24 02:13:08,377] {processor.py:163} INFO - Started process (PID=1165) to work on /opt/airflow/dags/data_ingestion_gcs_dag.py
[2022-09-24 02:13:08,378] {processor.py:642} INFO - Processing file /opt/airflow/dags/data_ingestion_gcs_dag.py for tasks to queue
[2022-09-24 02:13:08,379] {logging_mixin.py:109} INFO - [2022-09-24 02:13:08,379] {dagbag.py:500} INFO - Filling up the DagBag from /opt/airflow/dags/data_ingestion_gcs_dag.py
[2022-09-24 02:13:09,034] {processor.py:654} INFO - DAG(s) dict_keys(['data_ingestion_gcs_dag_1']) retrieved from /opt/airflow/dags/data_ingestion_gcs_dag.py
[2022-09-24 02:13:09,043] {logging_mixin.py:109} INFO - [2022-09-24 02:13:09,042] {dag.py:2396} INFO - Sync 1 DAGs
[2022-09-24 02:13:09,059] {logging_mixin.py:109} INFO - [2022-09-24 02:13:09,059] {dag.py:2935} INFO - Setting next_dagrun for data_ingestion_gcs_dag_1 to 2022-09-24T00:00:00+00:00
[2022-09-24 02:13:09,095] {processor.py:171} INFO - Processing /opt/airflow/dags/data_ingestion_gcs_dag.py took 0.721 seconds
[2022-09-24 02:13:39,213] {processor.py:163} INFO - Started process (PID=1189) to work on /opt/airflow/dags/data_ingestion_gcs_dag.py
[2022-09-24 02:13:39,215] {processor.py:642} INFO - Processing file /opt/airflow/dags/data_ingestion_gcs_dag.py for tasks to queue
[2022-09-24 02:13:39,216] {logging_mixin.py:109} INFO - [2022-09-24 02:13:39,216] {dagbag.py:500} INFO - Filling up the DagBag from /opt/airflow/dags/data_ingestion_gcs_dag.py
[2022-09-24 02:13:39,919] {processor.py:654} INFO - DAG(s) dict_keys(['data_ingestion_gcs_dag_1']) retrieved from /opt/airflow/dags/data_ingestion_gcs_dag.py
[2022-09-24 02:13:39,929] {logging_mixin.py:109} INFO - [2022-09-24 02:13:39,928] {dag.py:2396} INFO - Sync 1 DAGs
[2022-09-24 02:13:39,943] {logging_mixin.py:109} INFO - [2022-09-24 02:13:39,943] {dag.py:2935} INFO - Setting next_dagrun for data_ingestion_gcs_dag_1 to 2022-09-24T00:00:00+00:00
[2022-09-24 02:13:40,010] {processor.py:171} INFO - Processing /opt/airflow/dags/data_ingestion_gcs_dag.py took 0.800 seconds
[2022-09-24 02:14:10,122] {processor.py:163} INFO - Started process (PID=1221) to work on /opt/airflow/dags/data_ingestion_gcs_dag.py
[2022-09-24 02:14:10,123] {processor.py:642} INFO - Processing file /opt/airflow/dags/data_ingestion_gcs_dag.py for tasks to queue
[2022-09-24 02:14:10,124] {logging_mixin.py:109} INFO - [2022-09-24 02:14:10,124] {dagbag.py:500} INFO - Filling up the DagBag from /opt/airflow/dags/data_ingestion_gcs_dag.py
[2022-09-24 02:14:11,235] {processor.py:654} INFO - DAG(s) dict_keys(['data_ingestion_gcs_dag_1']) retrieved from /opt/airflow/dags/data_ingestion_gcs_dag.py
[2022-09-24 02:14:11,255] {logging_mixin.py:109} INFO - [2022-09-24 02:14:11,255] {dag.py:2396} INFO - Sync 1 DAGs
[2022-09-24 02:14:11,277] {logging_mixin.py:109} INFO - [2022-09-24 02:14:11,277] {dag.py:2935} INFO - Setting next_dagrun for data_ingestion_gcs_dag_1 to 2022-09-24T00:00:00+00:00
[2022-09-24 02:14:12,222] {processor.py:171} INFO - Processing /opt/airflow/dags/data_ingestion_gcs_dag.py took 2.103 seconds
[2022-09-24 03:28:45,317] {processor.py:163} INFO - Started process (PID=37) to work on /opt/airflow/dags/data_ingestion_gcs_dag.py
[2022-09-24 03:28:45,510] {processor.py:642} INFO - Processing file /opt/airflow/dags/data_ingestion_gcs_dag.py for tasks to queue
[2022-09-24 03:28:45,511] {logging_mixin.py:109} INFO - [2022-09-24 03:28:45,511] {dagbag.py:500} INFO - Filling up the DagBag from /opt/airflow/dags/data_ingestion_gcs_dag.py
[2022-09-24 03:28:47,148] {processor.py:654} INFO - DAG(s) dict_keys(['data_ingestion_gcs_dag_1']) retrieved from /opt/airflow/dags/data_ingestion_gcs_dag.py
[2022-09-24 03:28:47,164] {logging_mixin.py:109} INFO - [2022-09-24 03:28:47,163] {dag.py:2396} INFO - Sync 1 DAGs
[2022-09-24 03:28:47,195] {logging_mixin.py:109} INFO - [2022-09-24 03:28:47,195] {dag.py:2935} INFO - Setting next_dagrun for data_ingestion_gcs_dag_1 to 2022-09-24T00:00:00+00:00
[2022-09-24 03:28:48,438] {processor.py:171} INFO - Processing /opt/airflow/dags/data_ingestion_gcs_dag.py took 3.128 seconds
[2022-09-24 03:29:18,707] {processor.py:163} INFO - Started process (PID=60) to work on /opt/airflow/dags/data_ingestion_gcs_dag.py
[2022-09-24 03:29:18,710] {processor.py:642} INFO - Processing file /opt/airflow/dags/data_ingestion_gcs_dag.py for tasks to queue
[2022-09-24 03:29:18,712] {logging_mixin.py:109} INFO - [2022-09-24 03:29:18,712] {dagbag.py:500} INFO - Filling up the DagBag from /opt/airflow/dags/data_ingestion_gcs_dag.py
[2022-09-24 03:29:19,881] {processor.py:654} INFO - DAG(s) dict_keys(['data_ingestion_gcs_dag_1']) retrieved from /opt/airflow/dags/data_ingestion_gcs_dag.py
[2022-09-24 03:29:19,898] {logging_mixin.py:109} INFO - [2022-09-24 03:29:19,896] {dag.py:2396} INFO - Sync 1 DAGs
[2022-09-24 03:29:19,938] {logging_mixin.py:109} INFO - [2022-09-24 03:29:19,938] {dag.py:2935} INFO - Setting next_dagrun for data_ingestion_gcs_dag_1 to 2022-09-24T00:00:00+00:00
[2022-09-24 03:29:20,600] {processor.py:171} INFO - Processing /opt/airflow/dags/data_ingestion_gcs_dag.py took 1.896 seconds
[2022-09-24 03:29:50,791] {processor.py:163} INFO - Started process (PID=92) to work on /opt/airflow/dags/data_ingestion_gcs_dag.py
[2022-09-24 03:29:50,809] {processor.py:642} INFO - Processing file /opt/airflow/dags/data_ingestion_gcs_dag.py for tasks to queue
[2022-09-24 03:29:50,811] {logging_mixin.py:109} INFO - [2022-09-24 03:29:50,811] {dagbag.py:500} INFO - Filling up the DagBag from /opt/airflow/dags/data_ingestion_gcs_dag.py
[2022-09-24 03:29:51,789] {processor.py:654} INFO - DAG(s) dict_keys(['data_ingestion_gcs_dag_1']) retrieved from /opt/airflow/dags/data_ingestion_gcs_dag.py
[2022-09-24 03:29:51,798] {logging_mixin.py:109} INFO - [2022-09-24 03:29:51,797] {dag.py:2396} INFO - Sync 1 DAGs
[2022-09-24 03:29:51,816] {logging_mixin.py:109} INFO - [2022-09-24 03:29:51,816] {dag.py:2935} INFO - Setting next_dagrun for data_ingestion_gcs_dag_1 to 2022-09-24T00:00:00+00:00
[2022-09-24 03:29:51,852] {processor.py:171} INFO - Processing /opt/airflow/dags/data_ingestion_gcs_dag.py took 1.064 seconds
[2022-09-24 03:30:21,926] {processor.py:163} INFO - Started process (PID=116) to work on /opt/airflow/dags/data_ingestion_gcs_dag.py
[2022-09-24 03:30:21,928] {processor.py:642} INFO - Processing file /opt/airflow/dags/data_ingestion_gcs_dag.py for tasks to queue
[2022-09-24 03:30:21,928] {logging_mixin.py:109} INFO - [2022-09-24 03:30:21,928] {dagbag.py:500} INFO - Filling up the DagBag from /opt/airflow/dags/data_ingestion_gcs_dag.py
[2022-09-24 03:30:22,690] {processor.py:654} INFO - DAG(s) dict_keys(['data_ingestion_gcs_dag_1']) retrieved from /opt/airflow/dags/data_ingestion_gcs_dag.py
[2022-09-24 03:30:22,698] {logging_mixin.py:109} INFO - [2022-09-24 03:30:22,698] {dag.py:2396} INFO - Sync 1 DAGs
[2022-09-24 03:30:22,716] {logging_mixin.py:109} INFO - [2022-09-24 03:30:22,715] {dag.py:2935} INFO - Setting next_dagrun for data_ingestion_gcs_dag_1 to 2022-09-24T00:00:00+00:00
[2022-09-24 03:30:22,777] {processor.py:171} INFO - Processing /opt/airflow/dags/data_ingestion_gcs_dag.py took 0.854 seconds
[2022-09-24 03:30:52,949] {processor.py:163} INFO - Started process (PID=139) to work on /opt/airflow/dags/data_ingestion_gcs_dag.py
[2022-09-24 03:30:52,951] {processor.py:642} INFO - Processing file /opt/airflow/dags/data_ingestion_gcs_dag.py for tasks to queue
[2022-09-24 03:30:52,951] {logging_mixin.py:109} INFO - [2022-09-24 03:30:52,951] {dagbag.py:500} INFO - Filling up the DagBag from /opt/airflow/dags/data_ingestion_gcs_dag.py
[2022-09-24 03:30:53,839] {processor.py:654} INFO - DAG(s) dict_keys(['data_ingestion_gcs_dag_1']) retrieved from /opt/airflow/dags/data_ingestion_gcs_dag.py
[2022-09-24 03:30:53,848] {logging_mixin.py:109} INFO - [2022-09-24 03:30:53,848] {dag.py:2396} INFO - Sync 1 DAGs
[2022-09-24 03:30:53,868] {logging_mixin.py:109} INFO - [2022-09-24 03:30:53,868] {dag.py:2935} INFO - Setting next_dagrun for data_ingestion_gcs_dag_1 to 2022-09-24T00:00:00+00:00
[2022-09-24 03:30:54,182] {processor.py:171} INFO - Processing /opt/airflow/dags/data_ingestion_gcs_dag.py took 1.236 seconds
[2022-09-24 03:31:24,230] {processor.py:163} INFO - Started process (PID=171) to work on /opt/airflow/dags/data_ingestion_gcs_dag.py
[2022-09-24 03:31:24,231] {processor.py:642} INFO - Processing file /opt/airflow/dags/data_ingestion_gcs_dag.py for tasks to queue
[2022-09-24 03:31:24,232] {logging_mixin.py:109} INFO - [2022-09-24 03:31:24,232] {dagbag.py:500} INFO - Filling up the DagBag from /opt/airflow/dags/data_ingestion_gcs_dag.py
[2022-09-24 03:31:25,256] {processor.py:654} INFO - DAG(s) dict_keys(['data_ingestion_gcs_dag_1']) retrieved from /opt/airflow/dags/data_ingestion_gcs_dag.py
[2022-09-24 03:31:25,266] {logging_mixin.py:109} INFO - [2022-09-24 03:31:25,265] {dag.py:2396} INFO - Sync 1 DAGs
[2022-09-24 03:31:25,287] {logging_mixin.py:109} INFO - [2022-09-24 03:31:25,287] {dag.py:2935} INFO - Setting next_dagrun for data_ingestion_gcs_dag_1 to 2022-09-24T00:00:00+00:00
[2022-09-24 03:31:25,330] {processor.py:171} INFO - Processing /opt/airflow/dags/data_ingestion_gcs_dag.py took 1.103 seconds
[2022-09-24 03:31:55,361] {processor.py:163} INFO - Started process (PID=194) to work on /opt/airflow/dags/data_ingestion_gcs_dag.py
[2022-09-24 03:31:55,362] {processor.py:642} INFO - Processing file /opt/airflow/dags/data_ingestion_gcs_dag.py for tasks to queue
[2022-09-24 03:31:55,363] {logging_mixin.py:109} INFO - [2022-09-24 03:31:55,363] {dagbag.py:500} INFO - Filling up the DagBag from /opt/airflow/dags/data_ingestion_gcs_dag.py
[2022-09-24 03:31:56,105] {processor.py:654} INFO - DAG(s) dict_keys(['data_ingestion_gcs_dag_1']) retrieved from /opt/airflow/dags/data_ingestion_gcs_dag.py
[2022-09-24 03:31:56,115] {logging_mixin.py:109} INFO - [2022-09-24 03:31:56,115] {dag.py:2396} INFO - Sync 1 DAGs
[2022-09-24 03:31:56,130] {logging_mixin.py:109} INFO - [2022-09-24 03:31:56,130] {dag.py:2935} INFO - Setting next_dagrun for data_ingestion_gcs_dag_1 to 2022-09-24T00:00:00+00:00
[2022-09-24 03:31:56,178] {processor.py:171} INFO - Processing /opt/airflow/dags/data_ingestion_gcs_dag.py took 0.821 seconds
[2022-09-24 03:32:26,295] {processor.py:163} INFO - Started process (PID=227) to work on /opt/airflow/dags/data_ingestion_gcs_dag.py
[2022-09-24 03:32:26,296] {processor.py:642} INFO - Processing file /opt/airflow/dags/data_ingestion_gcs_dag.py for tasks to queue
[2022-09-24 03:32:26,297] {logging_mixin.py:109} INFO - [2022-09-24 03:32:26,297] {dagbag.py:500} INFO - Filling up the DagBag from /opt/airflow/dags/data_ingestion_gcs_dag.py
[2022-09-24 03:32:27,167] {processor.py:654} INFO - DAG(s) dict_keys(['data_ingestion_gcs_dag_1']) retrieved from /opt/airflow/dags/data_ingestion_gcs_dag.py
[2022-09-24 03:32:27,182] {logging_mixin.py:109} INFO - [2022-09-24 03:32:27,182] {dag.py:2396} INFO - Sync 1 DAGs
[2022-09-24 03:32:27,198] {logging_mixin.py:109} INFO - [2022-09-24 03:32:27,198] {dag.py:2935} INFO - Setting next_dagrun for data_ingestion_gcs_dag_1 to 2022-09-24T00:00:00+00:00
[2022-09-24 03:32:27,246] {processor.py:171} INFO - Processing /opt/airflow/dags/data_ingestion_gcs_dag.py took 0.955 seconds
[2022-09-24 03:32:57,409] {processor.py:163} INFO - Started process (PID=250) to work on /opt/airflow/dags/data_ingestion_gcs_dag.py
[2022-09-24 03:32:57,411] {processor.py:642} INFO - Processing file /opt/airflow/dags/data_ingestion_gcs_dag.py for tasks to queue
[2022-09-24 03:32:57,411] {logging_mixin.py:109} INFO - [2022-09-24 03:32:57,411] {dagbag.py:500} INFO - Filling up the DagBag from /opt/airflow/dags/data_ingestion_gcs_dag.py
[2022-09-24 03:32:58,280] {processor.py:654} INFO - DAG(s) dict_keys(['data_ingestion_gcs_dag_1']) retrieved from /opt/airflow/dags/data_ingestion_gcs_dag.py
[2022-09-24 03:32:58,295] {logging_mixin.py:109} INFO - [2022-09-24 03:32:58,294] {dag.py:2396} INFO - Sync 1 DAGs
[2022-09-24 03:32:58,322] {logging_mixin.py:109} INFO - [2022-09-24 03:32:58,322] {dag.py:2935} INFO - Setting next_dagrun for data_ingestion_gcs_dag_1 to 2022-09-24T00:00:00+00:00
[2022-09-24 03:32:58,537] {processor.py:171} INFO - Processing /opt/airflow/dags/data_ingestion_gcs_dag.py took 1.130 seconds
[2022-09-24 03:33:28,679] {processor.py:163} INFO - Started process (PID=283) to work on /opt/airflow/dags/data_ingestion_gcs_dag.py
[2022-09-24 03:33:28,680] {processor.py:642} INFO - Processing file /opt/airflow/dags/data_ingestion_gcs_dag.py for tasks to queue
[2022-09-24 03:33:28,681] {logging_mixin.py:109} INFO - [2022-09-24 03:33:28,681] {dagbag.py:500} INFO - Filling up the DagBag from /opt/airflow/dags/data_ingestion_gcs_dag.py
[2022-09-24 03:33:29,682] {processor.py:654} INFO - DAG(s) dict_keys(['data_ingestion_gcs_dag_1']) retrieved from /opt/airflow/dags/data_ingestion_gcs_dag.py
[2022-09-24 03:33:29,698] {logging_mixin.py:109} INFO - [2022-09-24 03:33:29,698] {dag.py:2396} INFO - Sync 1 DAGs
[2022-09-24 03:33:29,717] {logging_mixin.py:109} INFO - [2022-09-24 03:33:29,717] {dag.py:2935} INFO - Setting next_dagrun for data_ingestion_gcs_dag_1 to 2022-09-24T00:00:00+00:00
[2022-09-24 03:33:29,780] {processor.py:171} INFO - Processing /opt/airflow/dags/data_ingestion_gcs_dag.py took 1.105 seconds
[2022-09-24 03:33:59,989] {processor.py:163} INFO - Started process (PID=307) to work on /opt/airflow/dags/data_ingestion_gcs_dag.py
[2022-09-24 03:33:59,990] {processor.py:642} INFO - Processing file /opt/airflow/dags/data_ingestion_gcs_dag.py for tasks to queue
[2022-09-24 03:33:59,991] {logging_mixin.py:109} INFO - [2022-09-24 03:33:59,991] {dagbag.py:500} INFO - Filling up the DagBag from /opt/airflow/dags/data_ingestion_gcs_dag.py
[2022-09-24 03:34:00,801] {processor.py:654} INFO - DAG(s) dict_keys(['data_ingestion_gcs_dag_1']) retrieved from /opt/airflow/dags/data_ingestion_gcs_dag.py
[2022-09-24 03:34:00,811] {logging_mixin.py:109} INFO - [2022-09-24 03:34:00,810] {dag.py:2396} INFO - Sync 1 DAGs
[2022-09-24 03:34:00,827] {logging_mixin.py:109} INFO - [2022-09-24 03:34:00,827] {dag.py:2935} INFO - Setting next_dagrun for data_ingestion_gcs_dag_1 to 2022-09-24T00:00:00+00:00
[2022-09-24 03:34:00,872] {processor.py:171} INFO - Processing /opt/airflow/dags/data_ingestion_gcs_dag.py took 0.886 seconds
[2022-09-24 03:34:31,001] {processor.py:163} INFO - Started process (PID=331) to work on /opt/airflow/dags/data_ingestion_gcs_dag.py
[2022-09-24 03:34:31,002] {processor.py:642} INFO - Processing file /opt/airflow/dags/data_ingestion_gcs_dag.py for tasks to queue
[2022-09-24 03:34:31,003] {logging_mixin.py:109} INFO - [2022-09-24 03:34:31,003] {dagbag.py:500} INFO - Filling up the DagBag from /opt/airflow/dags/data_ingestion_gcs_dag.py
[2022-09-24 03:34:31,831] {processor.py:654} INFO - DAG(s) dict_keys(['data_ingestion_gcs_dag_1']) retrieved from /opt/airflow/dags/data_ingestion_gcs_dag.py
[2022-09-24 03:34:31,839] {logging_mixin.py:109} INFO - [2022-09-24 03:34:31,839] {dag.py:2396} INFO - Sync 1 DAGs
[2022-09-24 03:34:31,854] {logging_mixin.py:109} INFO - [2022-09-24 03:34:31,854] {dag.py:2935} INFO - Setting next_dagrun for data_ingestion_gcs_dag_1 to 2022-09-24T00:00:00+00:00
[2022-09-24 03:34:31,888] {processor.py:171} INFO - Processing /opt/airflow/dags/data_ingestion_gcs_dag.py took 0.890 seconds
[2022-09-24 03:35:02,217] {processor.py:163} INFO - Started process (PID=364) to work on /opt/airflow/dags/data_ingestion_gcs_dag.py
[2022-09-24 03:35:02,218] {processor.py:642} INFO - Processing file /opt/airflow/dags/data_ingestion_gcs_dag.py for tasks to queue
[2022-09-24 03:35:02,219] {logging_mixin.py:109} INFO - [2022-09-24 03:35:02,219] {dagbag.py:500} INFO - Filling up the DagBag from /opt/airflow/dags/data_ingestion_gcs_dag.py
[2022-09-24 03:35:03,640] {processor.py:654} INFO - DAG(s) dict_keys(['data_ingestion_gcs_dag_1']) retrieved from /opt/airflow/dags/data_ingestion_gcs_dag.py
[2022-09-24 03:35:03,652] {logging_mixin.py:109} INFO - [2022-09-24 03:35:03,650] {dag.py:2396} INFO - Sync 1 DAGs
[2022-09-24 03:35:03,679] {logging_mixin.py:109} INFO - [2022-09-24 03:35:03,679] {dag.py:2935} INFO - Setting next_dagrun for data_ingestion_gcs_dag_1 to 2022-09-24T00:00:00+00:00
[2022-09-24 03:35:03,750] {processor.py:171} INFO - Processing /opt/airflow/dags/data_ingestion_gcs_dag.py took 1.537 seconds
[2022-09-24 03:35:33,977] {processor.py:163} INFO - Started process (PID=387) to work on /opt/airflow/dags/data_ingestion_gcs_dag.py
[2022-09-24 03:35:33,987] {processor.py:642} INFO - Processing file /opt/airflow/dags/data_ingestion_gcs_dag.py for tasks to queue
[2022-09-24 03:35:33,991] {logging_mixin.py:109} INFO - [2022-09-24 03:35:33,990] {dagbag.py:500} INFO - Filling up the DagBag from /opt/airflow/dags/data_ingestion_gcs_dag.py
[2022-09-24 03:35:35,346] {processor.py:654} INFO - DAG(s) dict_keys(['data_ingestion_gcs_dag_1']) retrieved from /opt/airflow/dags/data_ingestion_gcs_dag.py
[2022-09-24 03:35:35,364] {logging_mixin.py:109} INFO - [2022-09-24 03:35:35,363] {dag.py:2396} INFO - Sync 1 DAGs
[2022-09-24 03:35:35,386] {logging_mixin.py:109} INFO - [2022-09-24 03:35:35,386] {dag.py:2935} INFO - Setting next_dagrun for data_ingestion_gcs_dag_1 to 2022-09-24T00:00:00+00:00
[2022-09-24 03:35:35,470] {processor.py:171} INFO - Processing /opt/airflow/dags/data_ingestion_gcs_dag.py took 1.498 seconds
[2022-09-24 03:36:05,781] {processor.py:163} INFO - Started process (PID=419) to work on /opt/airflow/dags/data_ingestion_gcs_dag.py
[2022-09-24 03:36:05,782] {processor.py:642} INFO - Processing file /opt/airflow/dags/data_ingestion_gcs_dag.py for tasks to queue
[2022-09-24 03:36:05,783] {logging_mixin.py:109} INFO - [2022-09-24 03:36:05,783] {dagbag.py:500} INFO - Filling up the DagBag from /opt/airflow/dags/data_ingestion_gcs_dag.py
[2022-09-24 03:36:06,682] {processor.py:654} INFO - DAG(s) dict_keys(['data_ingestion_gcs_dag_1']) retrieved from /opt/airflow/dags/data_ingestion_gcs_dag.py
[2022-09-24 03:36:06,693] {logging_mixin.py:109} INFO - [2022-09-24 03:36:06,692] {dag.py:2396} INFO - Sync 1 DAGs
[2022-09-24 03:36:06,708] {logging_mixin.py:109} INFO - [2022-09-24 03:36:06,708] {dag.py:2935} INFO - Setting next_dagrun for data_ingestion_gcs_dag_1 to 2022-09-24T00:00:00+00:00
[2022-09-24 03:36:06,756] {processor.py:171} INFO - Processing /opt/airflow/dags/data_ingestion_gcs_dag.py took 0.978 seconds
[2022-09-24 03:36:36,924] {processor.py:163} INFO - Started process (PID=442) to work on /opt/airflow/dags/data_ingestion_gcs_dag.py
[2022-09-24 03:36:36,925] {processor.py:642} INFO - Processing file /opt/airflow/dags/data_ingestion_gcs_dag.py for tasks to queue
[2022-09-24 03:36:36,926] {logging_mixin.py:109} INFO - [2022-09-24 03:36:36,926] {dagbag.py:500} INFO - Filling up the DagBag from /opt/airflow/dags/data_ingestion_gcs_dag.py
[2022-09-24 03:36:37,742] {processor.py:654} INFO - DAG(s) dict_keys(['data_ingestion_gcs_dag_1']) retrieved from /opt/airflow/dags/data_ingestion_gcs_dag.py
[2022-09-24 03:36:37,751] {logging_mixin.py:109} INFO - [2022-09-24 03:36:37,751] {dag.py:2396} INFO - Sync 1 DAGs
[2022-09-24 03:36:37,768] {logging_mixin.py:109} INFO - [2022-09-24 03:36:37,767] {dag.py:2935} INFO - Setting next_dagrun for data_ingestion_gcs_dag_1 to 2022-09-24T00:00:00+00:00
[2022-09-24 03:36:38,145] {processor.py:171} INFO - Processing /opt/airflow/dags/data_ingestion_gcs_dag.py took 1.226 seconds
[2022-09-24 03:37:08,192] {processor.py:163} INFO - Started process (PID=465) to work on /opt/airflow/dags/data_ingestion_gcs_dag.py
[2022-09-24 03:37:08,195] {processor.py:642} INFO - Processing file /opt/airflow/dags/data_ingestion_gcs_dag.py for tasks to queue
[2022-09-24 03:37:08,196] {logging_mixin.py:109} INFO - [2022-09-24 03:37:08,195] {dagbag.py:500} INFO - Filling up the DagBag from /opt/airflow/dags/data_ingestion_gcs_dag.py
[2022-09-24 03:37:09,199] {processor.py:654} INFO - DAG(s) dict_keys(['data_ingestion_gcs_dag_1']) retrieved from /opt/airflow/dags/data_ingestion_gcs_dag.py
[2022-09-24 03:37:09,208] {logging_mixin.py:109} INFO - [2022-09-24 03:37:09,208] {dag.py:2396} INFO - Sync 1 DAGs
[2022-09-24 03:37:09,225] {logging_mixin.py:109} INFO - [2022-09-24 03:37:09,225] {dag.py:2935} INFO - Setting next_dagrun for data_ingestion_gcs_dag_1 to 2022-09-24T00:00:00+00:00
[2022-09-24 03:37:09,487] {processor.py:171} INFO - Processing /opt/airflow/dags/data_ingestion_gcs_dag.py took 1.297 seconds
[2022-09-24 03:37:39,647] {processor.py:163} INFO - Started process (PID=498) to work on /opt/airflow/dags/data_ingestion_gcs_dag.py
[2022-09-24 03:37:39,649] {processor.py:642} INFO - Processing file /opt/airflow/dags/data_ingestion_gcs_dag.py for tasks to queue
[2022-09-24 03:37:39,650] {logging_mixin.py:109} INFO - [2022-09-24 03:37:39,650] {dagbag.py:500} INFO - Filling up the DagBag from /opt/airflow/dags/data_ingestion_gcs_dag.py
[2022-09-24 03:37:40,659] {processor.py:654} INFO - DAG(s) dict_keys(['data_ingestion_gcs_dag_1']) retrieved from /opt/airflow/dags/data_ingestion_gcs_dag.py
[2022-09-24 03:37:40,669] {logging_mixin.py:109} INFO - [2022-09-24 03:37:40,669] {dag.py:2396} INFO - Sync 1 DAGs
[2022-09-24 03:37:40,699] {logging_mixin.py:109} INFO - [2022-09-24 03:37:40,699] {dag.py:2935} INFO - Setting next_dagrun for data_ingestion_gcs_dag_1 to 2022-09-24T00:00:00+00:00
[2022-09-24 03:37:40,840] {processor.py:171} INFO - Processing /opt/airflow/dags/data_ingestion_gcs_dag.py took 1.196 seconds
[2022-09-24 03:38:10,976] {processor.py:163} INFO - Started process (PID=522) to work on /opt/airflow/dags/data_ingestion_gcs_dag.py
[2022-09-24 03:38:10,977] {processor.py:642} INFO - Processing file /opt/airflow/dags/data_ingestion_gcs_dag.py for tasks to queue
[2022-09-24 03:38:10,978] {logging_mixin.py:109} INFO - [2022-09-24 03:38:10,978] {dagbag.py:500} INFO - Filling up the DagBag from /opt/airflow/dags/data_ingestion_gcs_dag.py
[2022-09-24 03:38:11,862] {processor.py:654} INFO - DAG(s) dict_keys(['data_ingestion_gcs_dag_1']) retrieved from /opt/airflow/dags/data_ingestion_gcs_dag.py
[2022-09-24 03:38:11,879] {logging_mixin.py:109} INFO - [2022-09-24 03:38:11,879] {dag.py:2396} INFO - Sync 1 DAGs
[2022-09-24 03:38:11,899] {logging_mixin.py:109} INFO - [2022-09-24 03:38:11,899] {dag.py:2935} INFO - Setting next_dagrun for data_ingestion_gcs_dag_1 to 2022-09-24T00:00:00+00:00
[2022-09-24 03:38:12,016] {processor.py:171} INFO - Processing /opt/airflow/dags/data_ingestion_gcs_dag.py took 1.043 seconds
[2022-09-24 03:38:42,136] {processor.py:163} INFO - Started process (PID=546) to work on /opt/airflow/dags/data_ingestion_gcs_dag.py
[2022-09-24 03:38:42,138] {processor.py:642} INFO - Processing file /opt/airflow/dags/data_ingestion_gcs_dag.py for tasks to queue
[2022-09-24 03:38:42,138] {logging_mixin.py:109} INFO - [2022-09-24 03:38:42,138] {dagbag.py:500} INFO - Filling up the DagBag from /opt/airflow/dags/data_ingestion_gcs_dag.py
[2022-09-24 03:38:43,064] {processor.py:654} INFO - DAG(s) dict_keys(['data_ingestion_gcs_dag_1']) retrieved from /opt/airflow/dags/data_ingestion_gcs_dag.py
[2022-09-24 03:38:43,072] {logging_mixin.py:109} INFO - [2022-09-24 03:38:43,072] {dag.py:2396} INFO - Sync 1 DAGs
[2022-09-24 03:38:43,088] {logging_mixin.py:109} INFO - [2022-09-24 03:38:43,088] {dag.py:2935} INFO - Setting next_dagrun for data_ingestion_gcs_dag_1 to 2022-09-24T00:00:00+00:00
[2022-09-24 03:38:43,124] {processor.py:171} INFO - Processing /opt/airflow/dags/data_ingestion_gcs_dag.py took 0.991 seconds
[2022-09-24 03:39:13,410] {processor.py:163} INFO - Started process (PID=580) to work on /opt/airflow/dags/data_ingestion_gcs_dag.py
[2022-09-24 03:39:13,411] {processor.py:642} INFO - Processing file /opt/airflow/dags/data_ingestion_gcs_dag.py for tasks to queue
[2022-09-24 03:39:13,419] {logging_mixin.py:109} INFO - [2022-09-24 03:39:13,419] {dagbag.py:500} INFO - Filling up the DagBag from /opt/airflow/dags/data_ingestion_gcs_dag.py
[2022-09-24 03:39:14,515] {processor.py:654} INFO - DAG(s) dict_keys(['data_ingestion_gcs_dag_1']) retrieved from /opt/airflow/dags/data_ingestion_gcs_dag.py
[2022-09-24 03:39:14,538] {logging_mixin.py:109} INFO - [2022-09-24 03:39:14,537] {dag.py:2396} INFO - Sync 1 DAGs
[2022-09-24 03:39:14,578] {logging_mixin.py:109} INFO - [2022-09-24 03:39:14,578] {dag.py:2935} INFO - Setting next_dagrun for data_ingestion_gcs_dag_1 to 2022-09-24T00:00:00+00:00
[2022-09-24 03:39:14,699] {processor.py:171} INFO - Processing /opt/airflow/dags/data_ingestion_gcs_dag.py took 1.292 seconds
[2022-09-24 03:39:45,042] {processor.py:163} INFO - Started process (PID=606) to work on /opt/airflow/dags/data_ingestion_gcs_dag.py
[2022-09-24 03:39:45,043] {processor.py:642} INFO - Processing file /opt/airflow/dags/data_ingestion_gcs_dag.py for tasks to queue
[2022-09-24 03:39:45,045] {logging_mixin.py:109} INFO - [2022-09-24 03:39:45,045] {dagbag.py:500} INFO - Filling up the DagBag from /opt/airflow/dags/data_ingestion_gcs_dag.py
[2022-09-24 03:39:45,937] {processor.py:654} INFO - DAG(s) dict_keys(['data_ingestion_gcs_dag_1']) retrieved from /opt/airflow/dags/data_ingestion_gcs_dag.py
[2022-09-24 03:39:45,945] {logging_mixin.py:109} INFO - [2022-09-24 03:39:45,945] {dag.py:2396} INFO - Sync 1 DAGs
[2022-09-24 03:39:45,961] {logging_mixin.py:109} INFO - [2022-09-24 03:39:45,960] {dag.py:2935} INFO - Setting next_dagrun for data_ingestion_gcs_dag_1 to 2022-09-24T00:00:00+00:00
[2022-09-24 03:39:45,999] {processor.py:171} INFO - Processing /opt/airflow/dags/data_ingestion_gcs_dag.py took 0.960 seconds
[2022-09-24 03:40:16,164] {processor.py:163} INFO - Started process (PID=630) to work on /opt/airflow/dags/data_ingestion_gcs_dag.py
[2022-09-24 03:40:16,167] {processor.py:642} INFO - Processing file /opt/airflow/dags/data_ingestion_gcs_dag.py for tasks to queue
[2022-09-24 03:40:16,168] {logging_mixin.py:109} INFO - [2022-09-24 03:40:16,168] {dagbag.py:500} INFO - Filling up the DagBag from /opt/airflow/dags/data_ingestion_gcs_dag.py
[2022-09-24 03:40:17,003] {processor.py:654} INFO - DAG(s) dict_keys(['data_ingestion_gcs_dag_1']) retrieved from /opt/airflow/dags/data_ingestion_gcs_dag.py
[2022-09-24 03:40:17,012] {logging_mixin.py:109} INFO - [2022-09-24 03:40:17,012] {dag.py:2396} INFO - Sync 1 DAGs
[2022-09-24 03:40:17,029] {logging_mixin.py:109} INFO - [2022-09-24 03:40:17,029] {dag.py:2935} INFO - Setting next_dagrun for data_ingestion_gcs_dag_1 to 2022-09-24T00:00:00+00:00
[2022-09-24 03:40:17,075] {processor.py:171} INFO - Processing /opt/airflow/dags/data_ingestion_gcs_dag.py took 0.914 seconds
[2022-09-24 03:40:47,263] {processor.py:163} INFO - Started process (PID=668) to work on /opt/airflow/dags/data_ingestion_gcs_dag.py
[2022-09-24 03:40:47,271] {processor.py:642} INFO - Processing file /opt/airflow/dags/data_ingestion_gcs_dag.py for tasks to queue
[2022-09-24 03:40:47,278] {logging_mixin.py:109} INFO - [2022-09-24 03:40:47,278] {dagbag.py:500} INFO - Filling up the DagBag from /opt/airflow/dags/data_ingestion_gcs_dag.py
[2022-09-24 03:40:48,622] {processor.py:654} INFO - DAG(s) dict_keys(['data_ingestion_gcs_dag_1']) retrieved from /opt/airflow/dags/data_ingestion_gcs_dag.py
[2022-09-24 03:40:48,632] {logging_mixin.py:109} INFO - [2022-09-24 03:40:48,632] {dag.py:2396} INFO - Sync 1 DAGs
[2022-09-24 03:40:48,653] {logging_mixin.py:109} INFO - [2022-09-24 03:40:48,653] {dag.py:2935} INFO - Setting next_dagrun for data_ingestion_gcs_dag_1 to 2022-09-24T00:00:00+00:00
[2022-09-24 03:40:48,740] {processor.py:171} INFO - Processing /opt/airflow/dags/data_ingestion_gcs_dag.py took 1.480 seconds
[2022-09-24 03:41:18,980] {processor.py:163} INFO - Started process (PID=696) to work on /opt/airflow/dags/data_ingestion_gcs_dag.py
[2022-09-24 03:41:18,981] {processor.py:642} INFO - Processing file /opt/airflow/dags/data_ingestion_gcs_dag.py for tasks to queue
[2022-09-24 03:41:18,982] {logging_mixin.py:109} INFO - [2022-09-24 03:41:18,982] {dagbag.py:500} INFO - Filling up the DagBag from /opt/airflow/dags/data_ingestion_gcs_dag.py
[2022-09-24 03:41:20,365] {processor.py:654} INFO - DAG(s) dict_keys(['data_ingestion_gcs_dag_1']) retrieved from /opt/airflow/dags/data_ingestion_gcs_dag.py
[2022-09-24 03:41:20,379] {logging_mixin.py:109} INFO - [2022-09-24 03:41:20,379] {dag.py:2396} INFO - Sync 1 DAGs
[2022-09-24 03:41:20,399] {logging_mixin.py:109} INFO - [2022-09-24 03:41:20,399] {dag.py:2935} INFO - Setting next_dagrun for data_ingestion_gcs_dag_1 to 2022-09-24T00:00:00+00:00
[2022-09-24 03:41:20,475] {processor.py:171} INFO - Processing /opt/airflow/dags/data_ingestion_gcs_dag.py took 1.498 seconds
[2022-09-24 03:41:51,610] {processor.py:163} INFO - Started process (PID=724) to work on /opt/airflow/dags/data_ingestion_gcs_dag.py
[2022-09-24 03:41:51,611] {processor.py:642} INFO - Processing file /opt/airflow/dags/data_ingestion_gcs_dag.py for tasks to queue
[2022-09-24 03:41:51,612] {logging_mixin.py:109} INFO - [2022-09-24 03:41:51,612] {dagbag.py:500} INFO - Filling up the DagBag from /opt/airflow/dags/data_ingestion_gcs_dag.py
[2022-09-24 03:41:52,730] {processor.py:654} INFO - DAG(s) dict_keys(['data_ingestion_gcs_dag_1']) retrieved from /opt/airflow/dags/data_ingestion_gcs_dag.py
[2022-09-24 03:41:52,747] {logging_mixin.py:109} INFO - [2022-09-24 03:41:52,747] {dag.py:2396} INFO - Sync 1 DAGs
[2022-09-24 03:41:52,774] {logging_mixin.py:109} INFO - [2022-09-24 03:41:52,773] {dag.py:2935} INFO - Setting next_dagrun for data_ingestion_gcs_dag_1 to 2022-09-24T00:00:00+00:00
[2022-09-24 03:41:52,842] {processor.py:171} INFO - Processing /opt/airflow/dags/data_ingestion_gcs_dag.py took 1.235 seconds
[2022-09-24 03:42:23,620] {processor.py:163} INFO - Started process (PID=764) to work on /opt/airflow/dags/data_ingestion_gcs_dag.py
[2022-09-24 03:42:23,651] {processor.py:642} INFO - Processing file /opt/airflow/dags/data_ingestion_gcs_dag.py for tasks to queue
[2022-09-24 03:42:23,657] {logging_mixin.py:109} INFO - [2022-09-24 03:42:23,656] {dagbag.py:500} INFO - Filling up the DagBag from /opt/airflow/dags/data_ingestion_gcs_dag.py
[2022-09-24 03:42:24,713] {processor.py:654} INFO - DAG(s) dict_keys(['data_ingestion_gcs_dag_1']) retrieved from /opt/airflow/dags/data_ingestion_gcs_dag.py
[2022-09-24 03:42:24,722] {logging_mixin.py:109} INFO - [2022-09-24 03:42:24,721] {dag.py:2396} INFO - Sync 1 DAGs
[2022-09-24 03:42:24,742] {logging_mixin.py:109} INFO - [2022-09-24 03:42:24,742] {dag.py:2935} INFO - Setting next_dagrun for data_ingestion_gcs_dag_1 to 2022-09-24T00:00:00+00:00
[2022-09-24 03:42:24,845] {processor.py:171} INFO - Processing /opt/airflow/dags/data_ingestion_gcs_dag.py took 1.232 seconds
[2022-09-24 03:42:55,682] {processor.py:163} INFO - Started process (PID=821) to work on /opt/airflow/dags/data_ingestion_gcs_dag.py
[2022-09-24 03:42:55,685] {processor.py:642} INFO - Processing file /opt/airflow/dags/data_ingestion_gcs_dag.py for tasks to queue
[2022-09-24 03:42:55,716] {logging_mixin.py:109} INFO - [2022-09-24 03:42:55,716] {dagbag.py:500} INFO - Filling up the DagBag from /opt/airflow/dags/data_ingestion_gcs_dag.py
[2022-09-24 03:42:58,827] {processor.py:654} INFO - DAG(s) dict_keys(['data_ingestion_gcs_dag_1']) retrieved from /opt/airflow/dags/data_ingestion_gcs_dag.py
[2022-09-24 03:42:58,836] {logging_mixin.py:109} INFO - [2022-09-24 03:42:58,836] {dag.py:2396} INFO - Sync 1 DAGs
[2022-09-24 03:42:58,855] {logging_mixin.py:109} INFO - [2022-09-24 03:42:58,855] {dag.py:2935} INFO - Setting next_dagrun for data_ingestion_gcs_dag_1 to 2022-09-24T00:00:00+00:00
[2022-09-24 03:42:59,142] {processor.py:171} INFO - Processing /opt/airflow/dags/data_ingestion_gcs_dag.py took 3.488 seconds
[2022-09-24 03:43:29,380] {processor.py:163} INFO - Started process (PID=873) to work on /opt/airflow/dags/data_ingestion_gcs_dag.py
[2022-09-24 03:43:29,383] {processor.py:642} INFO - Processing file /opt/airflow/dags/data_ingestion_gcs_dag.py for tasks to queue
[2022-09-24 03:43:29,391] {logging_mixin.py:109} INFO - [2022-09-24 03:43:29,391] {dagbag.py:500} INFO - Filling up the DagBag from /opt/airflow/dags/data_ingestion_gcs_dag.py
[2022-09-24 03:43:31,736] {processor.py:654} INFO - DAG(s) dict_keys(['data_ingestion_gcs_dag_1']) retrieved from /opt/airflow/dags/data_ingestion_gcs_dag.py
[2022-09-24 03:43:31,752] {logging_mixin.py:109} INFO - [2022-09-24 03:43:31,752] {dag.py:2396} INFO - Sync 1 DAGs
[2022-09-24 03:43:31,786] {logging_mixin.py:109} INFO - [2022-09-24 03:43:31,786] {dag.py:2935} INFO - Setting next_dagrun for data_ingestion_gcs_dag_1 to 2022-09-24T00:00:00+00:00
[2022-09-24 03:43:31,881] {processor.py:171} INFO - Processing /opt/airflow/dags/data_ingestion_gcs_dag.py took 2.505 seconds
[2022-09-24 03:44:02,753] {processor.py:163} INFO - Started process (PID=947) to work on /opt/airflow/dags/data_ingestion_gcs_dag.py
[2022-09-24 03:44:02,760] {processor.py:642} INFO - Processing file /opt/airflow/dags/data_ingestion_gcs_dag.py for tasks to queue
[2022-09-24 03:44:02,767] {logging_mixin.py:109} INFO - [2022-09-24 03:44:02,767] {dagbag.py:500} INFO - Filling up the DagBag from /opt/airflow/dags/data_ingestion_gcs_dag.py
[2022-09-24 03:44:06,774] {processor.py:654} INFO - DAG(s) dict_keys(['data_ingestion_gcs_dag_1']) retrieved from /opt/airflow/dags/data_ingestion_gcs_dag.py
[2022-09-24 03:44:06,803] {logging_mixin.py:109} INFO - [2022-09-24 03:44:06,802] {dag.py:2396} INFO - Sync 1 DAGs
[2022-09-24 03:44:06,922] {logging_mixin.py:109} INFO - [2022-09-24 03:44:06,922] {dag.py:2935} INFO - Setting next_dagrun for data_ingestion_gcs_dag_1 to 2022-09-24T00:00:00+00:00
[2022-09-24 03:44:07,062] {processor.py:171} INFO - Processing /opt/airflow/dags/data_ingestion_gcs_dag.py took 4.312 seconds
[2022-09-24 03:44:37,944] {processor.py:163} INFO - Started process (PID=1009) to work on /opt/airflow/dags/data_ingestion_gcs_dag.py
[2022-09-24 03:44:37,955] {processor.py:642} INFO - Processing file /opt/airflow/dags/data_ingestion_gcs_dag.py for tasks to queue
[2022-09-24 03:44:37,959] {logging_mixin.py:109} INFO - [2022-09-24 03:44:37,959] {dagbag.py:500} INFO - Filling up the DagBag from /opt/airflow/dags/data_ingestion_gcs_dag.py
[2022-09-24 03:44:41,319] {processor.py:654} INFO - DAG(s) dict_keys(['data_ingestion_gcs_dag_1']) retrieved from /opt/airflow/dags/data_ingestion_gcs_dag.py
[2022-09-24 03:44:41,371] {logging_mixin.py:109} INFO - [2022-09-24 03:44:41,370] {dag.py:2396} INFO - Sync 1 DAGs
[2022-09-24 03:44:41,492] {logging_mixin.py:109} INFO - [2022-09-24 03:44:41,492] {dag.py:2935} INFO - Setting next_dagrun for data_ingestion_gcs_dag_1 to 2022-09-24T00:00:00+00:00
[2022-09-24 03:44:41,674] {processor.py:171} INFO - Processing /opt/airflow/dags/data_ingestion_gcs_dag.py took 3.757 seconds
[2022-09-24 03:45:12,276] {processor.py:163} INFO - Started process (PID=1068) to work on /opt/airflow/dags/data_ingestion_gcs_dag.py
[2022-09-24 03:45:12,277] {processor.py:642} INFO - Processing file /opt/airflow/dags/data_ingestion_gcs_dag.py for tasks to queue
[2022-09-24 03:45:12,300] {logging_mixin.py:109} INFO - [2022-09-24 03:45:12,281] {dagbag.py:500} INFO - Filling up the DagBag from /opt/airflow/dags/data_ingestion_gcs_dag.py
[2022-09-24 03:45:14,300] {processor.py:654} INFO - DAG(s) dict_keys(['data_ingestion_gcs_dag_1']) retrieved from /opt/airflow/dags/data_ingestion_gcs_dag.py
[2022-09-24 03:45:14,316] {logging_mixin.py:109} INFO - [2022-09-24 03:45:14,316] {dag.py:2396} INFO - Sync 1 DAGs
[2022-09-24 03:45:14,357] {logging_mixin.py:109} INFO - [2022-09-24 03:45:14,356] {dag.py:2935} INFO - Setting next_dagrun for data_ingestion_gcs_dag_1 to 2022-09-24T00:00:00+00:00
[2022-09-24 03:45:14,398] {processor.py:171} INFO - Processing /opt/airflow/dags/data_ingestion_gcs_dag.py took 2.125 seconds
[2022-09-24 03:45:44,770] {processor.py:163} INFO - Started process (PID=1102) to work on /opt/airflow/dags/data_ingestion_gcs_dag.py
[2022-09-24 03:45:44,771] {processor.py:642} INFO - Processing file /opt/airflow/dags/data_ingestion_gcs_dag.py for tasks to queue
[2022-09-24 03:45:44,771] {logging_mixin.py:109} INFO - [2022-09-24 03:45:44,771] {dagbag.py:500} INFO - Filling up the DagBag from /opt/airflow/dags/data_ingestion_gcs_dag.py
[2022-09-24 03:45:45,736] {processor.py:654} INFO - DAG(s) dict_keys(['data_ingestion_gcs_dag_1']) retrieved from /opt/airflow/dags/data_ingestion_gcs_dag.py
[2022-09-24 03:45:45,751] {logging_mixin.py:109} INFO - [2022-09-24 03:45:45,746] {dag.py:2396} INFO - Sync 1 DAGs
[2022-09-24 03:45:45,780] {logging_mixin.py:109} INFO - [2022-09-24 03:45:45,780] {dag.py:2935} INFO - Setting next_dagrun for data_ingestion_gcs_dag_1 to 2022-09-24T00:00:00+00:00
[2022-09-24 03:45:45,819] {processor.py:171} INFO - Processing /opt/airflow/dags/data_ingestion_gcs_dag.py took 1.052 seconds
[2022-09-24 03:46:16,104] {processor.py:163} INFO - Started process (PID=1126) to work on /opt/airflow/dags/data_ingestion_gcs_dag.py
[2022-09-24 03:46:16,106] {processor.py:642} INFO - Processing file /opt/airflow/dags/data_ingestion_gcs_dag.py for tasks to queue
[2022-09-24 03:46:16,106] {logging_mixin.py:109} INFO - [2022-09-24 03:46:16,106] {dagbag.py:500} INFO - Filling up the DagBag from /opt/airflow/dags/data_ingestion_gcs_dag.py
[2022-09-24 03:46:17,025] {processor.py:654} INFO - DAG(s) dict_keys(['data_ingestion_gcs_dag_1']) retrieved from /opt/airflow/dags/data_ingestion_gcs_dag.py
[2022-09-24 03:46:17,035] {logging_mixin.py:109} INFO - [2022-09-24 03:46:17,035] {dag.py:2396} INFO - Sync 1 DAGs
[2022-09-24 03:46:17,063] {logging_mixin.py:109} INFO - [2022-09-24 03:46:17,063] {dag.py:2935} INFO - Setting next_dagrun for data_ingestion_gcs_dag_1 to 2022-09-24T00:00:00+00:00
[2022-09-24 03:46:17,102] {processor.py:171} INFO - Processing /opt/airflow/dags/data_ingestion_gcs_dag.py took 1.001 seconds
[2022-09-24 03:46:47,292] {processor.py:163} INFO - Started process (PID=1151) to work on /opt/airflow/dags/data_ingestion_gcs_dag.py
[2022-09-24 03:46:47,294] {processor.py:642} INFO - Processing file /opt/airflow/dags/data_ingestion_gcs_dag.py for tasks to queue
[2022-09-24 03:46:47,297] {logging_mixin.py:109} INFO - [2022-09-24 03:46:47,297] {dagbag.py:500} INFO - Filling up the DagBag from /opt/airflow/dags/data_ingestion_gcs_dag.py
[2022-09-24 03:46:48,251] {processor.py:654} INFO - DAG(s) dict_keys(['data_ingestion_gcs_dag_1']) retrieved from /opt/airflow/dags/data_ingestion_gcs_dag.py
[2022-09-24 03:46:48,261] {logging_mixin.py:109} INFO - [2022-09-24 03:46:48,261] {dag.py:2396} INFO - Sync 1 DAGs
[2022-09-24 03:46:48,282] {logging_mixin.py:109} INFO - [2022-09-24 03:46:48,281] {dag.py:2935} INFO - Setting next_dagrun for data_ingestion_gcs_dag_1 to 2022-09-24T00:00:00+00:00
[2022-09-24 03:46:48,397] {processor.py:171} INFO - Processing /opt/airflow/dags/data_ingestion_gcs_dag.py took 1.109 seconds
[2022-09-24 03:47:18,734] {processor.py:163} INFO - Started process (PID=1185) to work on /opt/airflow/dags/data_ingestion_gcs_dag.py
[2022-09-24 03:47:18,740] {processor.py:642} INFO - Processing file /opt/airflow/dags/data_ingestion_gcs_dag.py for tasks to queue
[2022-09-24 03:47:18,741] {logging_mixin.py:109} INFO - [2022-09-24 03:47:18,741] {dagbag.py:500} INFO - Filling up the DagBag from /opt/airflow/dags/data_ingestion_gcs_dag.py
[2022-09-24 03:47:20,372] {processor.py:654} INFO - DAG(s) dict_keys(['data_ingestion_gcs_dag_1']) retrieved from /opt/airflow/dags/data_ingestion_gcs_dag.py
[2022-09-24 03:47:20,395] {logging_mixin.py:109} INFO - [2022-09-24 03:47:20,395] {dag.py:2396} INFO - Sync 1 DAGs
[2022-09-24 03:47:20,439] {logging_mixin.py:109} INFO - [2022-09-24 03:47:20,439] {dag.py:2935} INFO - Setting next_dagrun for data_ingestion_gcs_dag_1 to 2022-09-24T00:00:00+00:00
[2022-09-24 03:47:20,705] {processor.py:171} INFO - Processing /opt/airflow/dags/data_ingestion_gcs_dag.py took 1.974 seconds
[2022-09-24 03:47:50,967] {processor.py:163} INFO - Started process (PID=1211) to work on /opt/airflow/dags/data_ingestion_gcs_dag.py
[2022-09-24 03:47:50,968] {processor.py:642} INFO - Processing file /opt/airflow/dags/data_ingestion_gcs_dag.py for tasks to queue
[2022-09-24 03:47:50,969] {logging_mixin.py:109} INFO - [2022-09-24 03:47:50,969] {dagbag.py:500} INFO - Filling up the DagBag from /opt/airflow/dags/data_ingestion_gcs_dag.py
[2022-09-24 03:47:51,778] {processor.py:654} INFO - DAG(s) dict_keys(['data_ingestion_gcs_dag_1']) retrieved from /opt/airflow/dags/data_ingestion_gcs_dag.py
[2022-09-24 03:47:51,792] {logging_mixin.py:109} INFO - [2022-09-24 03:47:51,791] {dag.py:2396} INFO - Sync 1 DAGs
[2022-09-24 03:47:51,808] {logging_mixin.py:109} INFO - [2022-09-24 03:47:51,807] {dag.py:2935} INFO - Setting next_dagrun for data_ingestion_gcs_dag_1 to 2022-09-24T00:00:00+00:00
[2022-09-24 03:47:51,846] {processor.py:171} INFO - Processing /opt/airflow/dags/data_ingestion_gcs_dag.py took 0.882 seconds
[2022-09-24 03:48:22,426] {processor.py:163} INFO - Started process (PID=1244) to work on /opt/airflow/dags/data_ingestion_gcs_dag.py
[2022-09-24 03:48:22,427] {processor.py:642} INFO - Processing file /opt/airflow/dags/data_ingestion_gcs_dag.py for tasks to queue
[2022-09-24 03:48:22,428] {logging_mixin.py:109} INFO - [2022-09-24 03:48:22,428] {dagbag.py:500} INFO - Filling up the DagBag from /opt/airflow/dags/data_ingestion_gcs_dag.py
[2022-09-24 03:48:23,556] {processor.py:654} INFO - DAG(s) dict_keys(['data_ingestion_gcs_dag_1']) retrieved from /opt/airflow/dags/data_ingestion_gcs_dag.py
[2022-09-24 03:48:23,568] {logging_mixin.py:109} INFO - [2022-09-24 03:48:23,567] {dag.py:2396} INFO - Sync 1 DAGs
[2022-09-24 03:48:23,589] {logging_mixin.py:109} INFO - [2022-09-24 03:48:23,589] {dag.py:2935} INFO - Setting next_dagrun for data_ingestion_gcs_dag_1 to 2022-09-24T00:00:00+00:00
[2022-09-24 03:48:23,779] {processor.py:171} INFO - Processing /opt/airflow/dags/data_ingestion_gcs_dag.py took 1.356 seconds
[2022-09-24 03:48:54,054] {processor.py:163} INFO - Started process (PID=1268) to work on /opt/airflow/dags/data_ingestion_gcs_dag.py
[2022-09-24 03:48:54,055] {processor.py:642} INFO - Processing file /opt/airflow/dags/data_ingestion_gcs_dag.py for tasks to queue
[2022-09-24 03:48:54,056] {logging_mixin.py:109} INFO - [2022-09-24 03:48:54,056] {dagbag.py:500} INFO - Filling up the DagBag from /opt/airflow/dags/data_ingestion_gcs_dag.py
[2022-09-24 03:48:55,032] {processor.py:654} INFO - DAG(s) dict_keys(['data_ingestion_gcs_dag_1']) retrieved from /opt/airflow/dags/data_ingestion_gcs_dag.py
[2022-09-24 03:48:55,048] {logging_mixin.py:109} INFO - [2022-09-24 03:48:55,047] {dag.py:2396} INFO - Sync 1 DAGs
[2022-09-24 03:48:55,067] {logging_mixin.py:109} INFO - [2022-09-24 03:48:55,067] {dag.py:2935} INFO - Setting next_dagrun for data_ingestion_gcs_dag_1 to 2022-09-24T00:00:00+00:00
[2022-09-24 03:48:55,129] {processor.py:171} INFO - Processing /opt/airflow/dags/data_ingestion_gcs_dag.py took 1.078 seconds
[2022-09-24 03:49:25,513] {processor.py:163} INFO - Started process (PID=1292) to work on /opt/airflow/dags/data_ingestion_gcs_dag.py
[2022-09-24 03:49:25,515] {processor.py:642} INFO - Processing file /opt/airflow/dags/data_ingestion_gcs_dag.py for tasks to queue
[2022-09-24 03:49:25,516] {logging_mixin.py:109} INFO - [2022-09-24 03:49:25,516] {dagbag.py:500} INFO - Filling up the DagBag from /opt/airflow/dags/data_ingestion_gcs_dag.py
[2022-09-24 03:49:26,312] {processor.py:654} INFO - DAG(s) dict_keys(['data_ingestion_gcs_dag_1']) retrieved from /opt/airflow/dags/data_ingestion_gcs_dag.py
[2022-09-24 03:49:26,325] {logging_mixin.py:109} INFO - [2022-09-24 03:49:26,324] {dag.py:2396} INFO - Sync 1 DAGs
[2022-09-24 03:49:26,346] {logging_mixin.py:109} INFO - [2022-09-24 03:49:26,345] {dag.py:2935} INFO - Setting next_dagrun for data_ingestion_gcs_dag_1 to 2022-09-24T00:00:00+00:00
[2022-09-24 03:49:26,477] {processor.py:171} INFO - Processing /opt/airflow/dags/data_ingestion_gcs_dag.py took 0.967 seconds
[2022-09-24 03:49:56,749] {processor.py:163} INFO - Started process (PID=1325) to work on /opt/airflow/dags/data_ingestion_gcs_dag.py
[2022-09-24 03:49:56,750] {processor.py:642} INFO - Processing file /opt/airflow/dags/data_ingestion_gcs_dag.py for tasks to queue
[2022-09-24 03:49:56,751] {logging_mixin.py:109} INFO - [2022-09-24 03:49:56,751] {dagbag.py:500} INFO - Filling up the DagBag from /opt/airflow/dags/data_ingestion_gcs_dag.py
[2022-09-24 03:49:57,617] {processor.py:654} INFO - DAG(s) dict_keys(['data_ingestion_gcs_dag_1']) retrieved from /opt/airflow/dags/data_ingestion_gcs_dag.py
[2022-09-24 03:49:57,628] {logging_mixin.py:109} INFO - [2022-09-24 03:49:57,628] {dag.py:2396} INFO - Sync 1 DAGs
[2022-09-24 03:49:57,646] {logging_mixin.py:109} INFO - [2022-09-24 03:49:57,646] {dag.py:2935} INFO - Setting next_dagrun for data_ingestion_gcs_dag_1 to 2022-09-24T00:00:00+00:00
[2022-09-24 03:49:57,680] {processor.py:171} INFO - Processing /opt/airflow/dags/data_ingestion_gcs_dag.py took 0.935 seconds
[2022-09-24 03:50:28,026] {processor.py:163} INFO - Started process (PID=1350) to work on /opt/airflow/dags/data_ingestion_gcs_dag.py
[2022-09-24 03:50:28,031] {processor.py:642} INFO - Processing file /opt/airflow/dags/data_ingestion_gcs_dag.py for tasks to queue
[2022-09-24 03:50:28,032] {logging_mixin.py:109} INFO - [2022-09-24 03:50:28,032] {dagbag.py:500} INFO - Filling up the DagBag from /opt/airflow/dags/data_ingestion_gcs_dag.py
[2022-09-24 03:50:29,192] {processor.py:654} INFO - DAG(s) dict_keys(['data_ingestion_gcs_dag_1']) retrieved from /opt/airflow/dags/data_ingestion_gcs_dag.py
[2022-09-24 03:50:29,200] {logging_mixin.py:109} INFO - [2022-09-24 03:50:29,200] {dag.py:2396} INFO - Sync 1 DAGs
[2022-09-24 03:50:29,222] {logging_mixin.py:109} INFO - [2022-09-24 03:50:29,222] {dag.py:2935} INFO - Setting next_dagrun for data_ingestion_gcs_dag_1 to 2022-09-24T00:00:00+00:00
[2022-09-24 03:50:29,586] {processor.py:171} INFO - Processing /opt/airflow/dags/data_ingestion_gcs_dag.py took 1.564 seconds
[2022-09-24 03:51:00,044] {processor.py:163} INFO - Started process (PID=1374) to work on /opt/airflow/dags/data_ingestion_gcs_dag.py
[2022-09-24 03:51:00,045] {processor.py:642} INFO - Processing file /opt/airflow/dags/data_ingestion_gcs_dag.py for tasks to queue
[2022-09-24 03:51:00,046] {logging_mixin.py:109} INFO - [2022-09-24 03:51:00,046] {dagbag.py:500} INFO - Filling up the DagBag from /opt/airflow/dags/data_ingestion_gcs_dag.py
[2022-09-24 03:51:01,055] {processor.py:654} INFO - DAG(s) dict_keys(['data_ingestion_gcs_dag_1']) retrieved from /opt/airflow/dags/data_ingestion_gcs_dag.py
[2022-09-24 03:51:01,065] {logging_mixin.py:109} INFO - [2022-09-24 03:51:01,065] {dag.py:2396} INFO - Sync 1 DAGs
[2022-09-24 03:51:01,093] {logging_mixin.py:109} INFO - [2022-09-24 03:51:01,093] {dag.py:2935} INFO - Setting next_dagrun for data_ingestion_gcs_dag_1 to 2022-09-24T00:00:00+00:00
[2022-09-24 03:51:01,147] {processor.py:171} INFO - Processing /opt/airflow/dags/data_ingestion_gcs_dag.py took 1.106 seconds
[2022-09-24 03:51:31,368] {processor.py:163} INFO - Started process (PID=1397) to work on /opt/airflow/dags/data_ingestion_gcs_dag.py
[2022-09-24 03:51:31,369] {processor.py:642} INFO - Processing file /opt/airflow/dags/data_ingestion_gcs_dag.py for tasks to queue
[2022-09-24 03:51:31,370] {logging_mixin.py:109} INFO - [2022-09-24 03:51:31,370] {dagbag.py:500} INFO - Filling up the DagBag from /opt/airflow/dags/data_ingestion_gcs_dag.py
[2022-09-24 03:51:32,331] {processor.py:654} INFO - DAG(s) dict_keys(['data_ingestion_gcs_dag_1']) retrieved from /opt/airflow/dags/data_ingestion_gcs_dag.py
[2022-09-24 03:51:32,340] {logging_mixin.py:109} INFO - [2022-09-24 03:51:32,339] {dag.py:2396} INFO - Sync 1 DAGs
[2022-09-24 03:51:32,363] {logging_mixin.py:109} INFO - [2022-09-24 03:51:32,363] {dag.py:2935} INFO - Setting next_dagrun for data_ingestion_gcs_dag_1 to 2022-09-24T00:00:00+00:00
[2022-09-24 03:51:32,428] {processor.py:171} INFO - Processing /opt/airflow/dags/data_ingestion_gcs_dag.py took 1.064 seconds
[2022-09-24 03:52:02,934] {processor.py:163} INFO - Started process (PID=1431) to work on /opt/airflow/dags/data_ingestion_gcs_dag.py
[2022-09-24 03:52:02,937] {processor.py:642} INFO - Processing file /opt/airflow/dags/data_ingestion_gcs_dag.py for tasks to queue
[2022-09-24 03:52:02,940] {logging_mixin.py:109} INFO - [2022-09-24 03:52:02,940] {dagbag.py:500} INFO - Filling up the DagBag from /opt/airflow/dags/data_ingestion_gcs_dag.py
[2022-09-24 03:52:03,936] {processor.py:654} INFO - DAG(s) dict_keys(['data_ingestion_gcs_dag_1']) retrieved from /opt/airflow/dags/data_ingestion_gcs_dag.py
[2022-09-24 03:52:03,945] {logging_mixin.py:109} INFO - [2022-09-24 03:52:03,945] {dag.py:2396} INFO - Sync 1 DAGs
[2022-09-24 03:52:03,963] {logging_mixin.py:109} INFO - [2022-09-24 03:52:03,963] {dag.py:2935} INFO - Setting next_dagrun for data_ingestion_gcs_dag_1 to 2022-09-24T00:00:00+00:00
[2022-09-24 03:52:04,195] {processor.py:171} INFO - Processing /opt/airflow/dags/data_ingestion_gcs_dag.py took 1.264 seconds
