[2022-09-24 03:43:22,579] {taskinstance.py:1032} INFO - Dependencies all met for <TaskInstance: data_ingestion_gcp.get_age scheduled__2021-10-19T00:00:00+00:00 [queued]>
[2022-09-24 03:43:22,757] {taskinstance.py:1032} INFO - Dependencies all met for <TaskInstance: data_ingestion_gcp.get_age scheduled__2021-10-19T00:00:00+00:00 [queued]>
[2022-09-24 03:43:22,757] {taskinstance.py:1238} INFO - 
--------------------------------------------------------------------------------
[2022-09-24 03:43:22,809] {taskinstance.py:1239} INFO - Starting attempt 1 of 6
[2022-09-24 03:43:22,825] {taskinstance.py:1240} INFO - 
--------------------------------------------------------------------------------
[2022-09-24 03:43:23,207] {taskinstance.py:1259} INFO - Executing <Task(PythonOperator): get_age> on 2021-10-19 00:00:00+00:00
[2022-09-24 03:43:23,225] {standard_task_runner.py:52} INFO - Started process 711 to run task
[2022-09-24 03:43:23,257] {standard_task_runner.py:76} INFO - Running: ['***', 'tasks', 'run', 'data_ingestion_gcp', 'get_age', 'scheduled__2021-10-19T00:00:00+00:00', '--job-id', '92', '--raw', '--subdir', 'DAGS_FOLDER/task_2.py', '--cfg-path', '/tmp/tmpqmcjl32n', '--error-file', '/tmp/tmp3x0aj2gg']
[2022-09-24 03:43:23,280] {standard_task_runner.py:77} INFO - Job 92: Subtask get_age
[2022-09-24 03:43:23,802] {logging_mixin.py:109} INFO - Running <TaskInstance: data_ingestion_gcp.get_age scheduled__2021-10-19T00:00:00+00:00 [running]> on host 9ec7cb7c64d4
[2022-09-24 03:43:24,798] {taskinstance.py:1426} INFO - Exporting the following env vars:
AIRFLOW_CTX_DAG_OWNER=Hanif
AIRFLOW_CTX_DAG_ID=data_ingestion_gcp
AIRFLOW_CTX_TASK_ID=get_age
AIRFLOW_CTX_EXECUTION_DATE=2021-10-19T00:00:00+00:00
AIRFLOW_CTX_DAG_RUN_ID=scheduled__2021-10-19T00:00:00+00:00
[2022-09-24 03:43:25,037] {python.py:175} INFO - Done. Returned value was: None
[2022-09-24 03:43:25,945] {taskinstance.py:1277} INFO - Marking task as SUCCESS. dag_id=data_ingestion_gcp, task_id=get_age, execution_date=20211019T000000, start_date=20220924T034322, end_date=20220924T034325
[2022-09-24 03:43:26,234] {local_task_job.py:154} INFO - Task exited with return code 0
[2022-09-24 03:43:26,411] {local_task_job.py:264} INFO - 1 downstream tasks scheduled from follow-on schedule check
