[2022-09-24 03:44:03,649] {taskinstance.py:1032} INFO - Dependencies all met for <TaskInstance: data_ingestion_gcp.get_age scheduled__2021-10-31T00:00:00+00:00 [queued]>
[2022-09-24 03:44:03,753] {taskinstance.py:1032} INFO - Dependencies all met for <TaskInstance: data_ingestion_gcp.get_age scheduled__2021-10-31T00:00:00+00:00 [queued]>
[2022-09-24 03:44:03,769] {taskinstance.py:1238} INFO - 
--------------------------------------------------------------------------------
[2022-09-24 03:44:03,786] {taskinstance.py:1239} INFO - Starting attempt 1 of 6
[2022-09-24 03:44:03,800] {taskinstance.py:1240} INFO - 
--------------------------------------------------------------------------------
[2022-09-24 03:44:04,016] {taskinstance.py:1259} INFO - Executing <Task(PythonOperator): get_age> on 2021-10-31 00:00:00+00:00
[2022-09-24 03:44:04,060] {standard_task_runner.py:52} INFO - Started process 802 to run task
[2022-09-24 03:44:04,138] {standard_task_runner.py:76} INFO - Running: ['***', 'tasks', 'run', 'data_ingestion_gcp', 'get_age', 'scheduled__2021-10-31T00:00:00+00:00', '--job-id', '128', '--raw', '--subdir', 'DAGS_FOLDER/task_2.py', '--cfg-path', '/tmp/tmphswfii9b', '--error-file', '/tmp/tmpo8x9mnan']
[2022-09-24 03:44:04,161] {standard_task_runner.py:77} INFO - Job 128: Subtask get_age
[2022-09-24 03:44:04,847] {logging_mixin.py:109} INFO - Running <TaskInstance: data_ingestion_gcp.get_age scheduled__2021-10-31T00:00:00+00:00 [running]> on host 9ec7cb7c64d4
[2022-09-24 03:44:05,820] {taskinstance.py:1426} INFO - Exporting the following env vars:
AIRFLOW_CTX_DAG_OWNER=Hanif
AIRFLOW_CTX_DAG_ID=data_ingestion_gcp
AIRFLOW_CTX_TASK_ID=get_age
AIRFLOW_CTX_EXECUTION_DATE=2021-10-31T00:00:00+00:00
AIRFLOW_CTX_DAG_RUN_ID=scheduled__2021-10-31T00:00:00+00:00
[2022-09-24 03:44:05,977] {python.py:175} INFO - Done. Returned value was: None
[2022-09-24 03:44:06,032] {taskinstance.py:1277} INFO - Marking task as SUCCESS. dag_id=data_ingestion_gcp, task_id=get_age, execution_date=20211031T000000, start_date=20220924T034403, end_date=20220924T034406
[2022-09-24 03:44:06,270] {local_task_job.py:154} INFO - Task exited with return code 0
[2022-09-24 03:44:06,509] {local_task_job.py:264} INFO - 1 downstream tasks scheduled from follow-on schedule check
