[2022-09-24 03:43:55,079] {taskinstance.py:1032} INFO - Dependencies all met for <TaskInstance: data_ingestion_gcp.get_age scheduled__2021-10-28T00:00:00+00:00 [queued]>
[2022-09-24 03:43:55,108] {taskinstance.py:1032} INFO - Dependencies all met for <TaskInstance: data_ingestion_gcp.get_age scheduled__2021-10-28T00:00:00+00:00 [queued]>
[2022-09-24 03:43:55,110] {taskinstance.py:1238} INFO - 
--------------------------------------------------------------------------------
[2022-09-24 03:43:55,112] {taskinstance.py:1239} INFO - Starting attempt 1 of 6
[2022-09-24 03:43:55,113] {taskinstance.py:1240} INFO - 
--------------------------------------------------------------------------------
[2022-09-24 03:43:55,204] {taskinstance.py:1259} INFO - Executing <Task(PythonOperator): get_age> on 2021-10-28 00:00:00+00:00
[2022-09-24 03:43:55,209] {standard_task_runner.py:52} INFO - Started process 777 to run task
[2022-09-24 03:43:55,212] {standard_task_runner.py:76} INFO - Running: ['***', 'tasks', 'run', 'data_ingestion_gcp', 'get_age', 'scheduled__2021-10-28T00:00:00+00:00', '--job-id', '122', '--raw', '--subdir', 'DAGS_FOLDER/task_2.py', '--cfg-path', '/tmp/tmp0rp3sjek', '--error-file', '/tmp/tmp4pvmzsdk']
[2022-09-24 03:43:55,213] {standard_task_runner.py:77} INFO - Job 122: Subtask get_age
[2022-09-24 03:43:55,497] {logging_mixin.py:109} INFO - Running <TaskInstance: data_ingestion_gcp.get_age scheduled__2021-10-28T00:00:00+00:00 [running]> on host 9ec7cb7c64d4
[2022-09-24 03:43:55,997] {taskinstance.py:1426} INFO - Exporting the following env vars:
AIRFLOW_CTX_DAG_OWNER=Hanif
AIRFLOW_CTX_DAG_ID=data_ingestion_gcp
AIRFLOW_CTX_TASK_ID=get_age
AIRFLOW_CTX_EXECUTION_DATE=2021-10-28T00:00:00+00:00
AIRFLOW_CTX_DAG_RUN_ID=scheduled__2021-10-28T00:00:00+00:00
[2022-09-24 03:43:56,082] {python.py:175} INFO - Done. Returned value was: None
[2022-09-24 03:43:56,099] {taskinstance.py:1277} INFO - Marking task as SUCCESS. dag_id=data_ingestion_gcp, task_id=get_age, execution_date=20211028T000000, start_date=20220924T034355, end_date=20220924T034356
[2022-09-24 03:43:56,245] {local_task_job.py:154} INFO - Task exited with return code 0
[2022-09-24 03:43:56,390] {local_task_job.py:264} INFO - 0 downstream tasks scheduled from follow-on schedule check
