[2022-09-24 03:42:57,795] {taskinstance.py:1032} INFO - Dependencies all met for <TaskInstance: data_ingestion_gcp.get_age scheduled__2021-10-12T00:00:00+00:00 [queued]>
[2022-09-24 03:42:57,821] {taskinstance.py:1032} INFO - Dependencies all met for <TaskInstance: data_ingestion_gcp.get_age scheduled__2021-10-12T00:00:00+00:00 [queued]>
[2022-09-24 03:42:57,827] {taskinstance.py:1238} INFO - 
--------------------------------------------------------------------------------
[2022-09-24 03:42:57,849] {taskinstance.py:1239} INFO - Starting attempt 1 of 6
[2022-09-24 03:42:57,869] {taskinstance.py:1240} INFO - 
--------------------------------------------------------------------------------
[2022-09-24 03:42:58,108] {taskinstance.py:1259} INFO - Executing <Task(PythonOperator): get_age> on 2021-10-12 00:00:00+00:00
[2022-09-24 03:42:58,153] {standard_task_runner.py:76} INFO - Running: ['***', 'tasks', 'run', 'data_ingestion_gcp', 'get_age', 'scheduled__2021-10-12T00:00:00+00:00', '--job-id', '72', '--raw', '--subdir', 'DAGS_FOLDER/task_2.py', '--cfg-path', '/tmp/tmps0sqxd9z', '--error-file', '/tmp/tmpsl49nszd']
[2022-09-24 03:42:58,168] {standard_task_runner.py:77} INFO - Job 72: Subtask get_age
[2022-09-24 03:42:58,127] {standard_task_runner.py:52} INFO - Started process 650 to run task
[2022-09-24 03:42:58,785] {logging_mixin.py:109} INFO - Running <TaskInstance: data_ingestion_gcp.get_age scheduled__2021-10-12T00:00:00+00:00 [running]> on host 9ec7cb7c64d4
[2022-09-24 03:42:59,557] {taskinstance.py:1426} INFO - Exporting the following env vars:
AIRFLOW_CTX_DAG_OWNER=Hanif
AIRFLOW_CTX_DAG_ID=data_ingestion_gcp
AIRFLOW_CTX_TASK_ID=get_age
AIRFLOW_CTX_EXECUTION_DATE=2021-10-12T00:00:00+00:00
AIRFLOW_CTX_DAG_RUN_ID=scheduled__2021-10-12T00:00:00+00:00
[2022-09-24 03:42:59,748] {python.py:175} INFO - Done. Returned value was: None
[2022-09-24 03:42:59,860] {taskinstance.py:1277} INFO - Marking task as SUCCESS. dag_id=data_ingestion_gcp, task_id=get_age, execution_date=20211012T000000, start_date=20220924T034257, end_date=20220924T034259
[2022-09-24 03:43:00,098] {local_task_job.py:154} INFO - Task exited with return code 0
[2022-09-24 03:43:00,766] {local_task_job.py:264} INFO - 0 downstream tasks scheduled from follow-on schedule check
