[2022-09-24 03:43:29,310] {taskinstance.py:1032} INFO - Dependencies all met for <TaskInstance: data_ingestion_gcp.greet scheduled__2021-10-19T00:00:00+00:00 [queued]>
[2022-09-24 03:43:29,343] {taskinstance.py:1032} INFO - Dependencies all met for <TaskInstance: data_ingestion_gcp.greet scheduled__2021-10-19T00:00:00+00:00 [queued]>
[2022-09-24 03:43:29,343] {taskinstance.py:1238} INFO - 
--------------------------------------------------------------------------------
[2022-09-24 03:43:29,344] {taskinstance.py:1239} INFO - Starting attempt 1 of 6
[2022-09-24 03:43:29,344] {taskinstance.py:1240} INFO - 
--------------------------------------------------------------------------------
[2022-09-24 03:43:29,944] {taskinstance.py:1259} INFO - Executing <Task(PythonOperator): greet> on 2021-10-19 00:00:00+00:00
[2022-09-24 03:43:29,977] {standard_task_runner.py:76} INFO - Running: ['***', 'tasks', 'run', 'data_ingestion_gcp', 'greet', 'scheduled__2021-10-19T00:00:00+00:00', '--job-id', '98', '--raw', '--subdir', 'DAGS_FOLDER/task_2.py', '--cfg-path', '/tmp/tmpjzv9a65d', '--error-file', '/tmp/tmpat90f79k']
[2022-09-24 03:43:29,978] {standard_task_runner.py:77} INFO - Job 98: Subtask greet
[2022-09-24 03:43:30,008] {standard_task_runner.py:52} INFO - Started process 721 to run task
[2022-09-24 03:43:30,301] {logging_mixin.py:109} INFO - Running <TaskInstance: data_ingestion_gcp.greet scheduled__2021-10-19T00:00:00+00:00 [running]> on host 9ec7cb7c64d4
[2022-09-24 03:43:31,028] {taskinstance.py:1426} INFO - Exporting the following env vars:
AIRFLOW_CTX_DAG_OWNER=Hanif
AIRFLOW_CTX_DAG_ID=data_ingestion_gcp
AIRFLOW_CTX_TASK_ID=greet
AIRFLOW_CTX_EXECUTION_DATE=2021-10-19T00:00:00+00:00
AIRFLOW_CTX_DAG_RUN_ID=scheduled__2021-10-19T00:00:00+00:00
[2022-09-24 03:43:31,044] {logging_mixin.py:109} INFO - some dict:  {'a': 1, 'b': 2}
[2022-09-24 03:43:31,235] {logging_mixin.py:109} INFO - Hello World! My name is Hanif Fajari, and I am 21 years old!
[2022-09-24 03:43:31,242] {python.py:175} INFO - Done. Returned value was: None
[2022-09-24 03:43:31,265] {taskinstance.py:1277} INFO - Marking task as SUCCESS. dag_id=data_ingestion_gcp, task_id=greet, execution_date=20211019T000000, start_date=20220924T034329, end_date=20220924T034331
[2022-09-24 03:43:31,466] {local_task_job.py:154} INFO - Task exited with return code 0
[2022-09-24 03:43:31,587] {local_task_job.py:264} INFO - 0 downstream tasks scheduled from follow-on schedule check
