[2022-09-24 03:44:21,369] {taskinstance.py:1032} INFO - Dependencies all met for <TaskInstance: data_ingestion_gcp.greet scheduled__2021-11-03T00:00:00+00:00 [queued]>
[2022-09-24 03:44:21,401] {taskinstance.py:1032} INFO - Dependencies all met for <TaskInstance: data_ingestion_gcp.greet scheduled__2021-11-03T00:00:00+00:00 [queued]>
[2022-09-24 03:44:21,464] {taskinstance.py:1238} INFO - 
--------------------------------------------------------------------------------
[2022-09-24 03:44:21,466] {taskinstance.py:1239} INFO - Starting attempt 1 of 6
[2022-09-24 03:44:21,479] {taskinstance.py:1240} INFO - 
--------------------------------------------------------------------------------
[2022-09-24 03:44:21,734] {taskinstance.py:1259} INFO - Executing <Task(PythonOperator): greet> on 2021-11-03 00:00:00+00:00
[2022-09-24 03:44:21,756] {standard_task_runner.py:52} INFO - Started process 837 to run task
[2022-09-24 03:44:21,768] {standard_task_runner.py:76} INFO - Running: ['***', 'tasks', 'run', 'data_ingestion_gcp', 'greet', 'scheduled__2021-11-03T00:00:00+00:00', '--job-id', '142', '--raw', '--subdir', 'DAGS_FOLDER/task_2.py', '--cfg-path', '/tmp/tmp17bknqa9', '--error-file', '/tmp/tmpqc9b04ev']
[2022-09-24 03:44:21,769] {standard_task_runner.py:77} INFO - Job 142: Subtask greet
[2022-09-24 03:44:21,989] {logging_mixin.py:109} INFO - Running <TaskInstance: data_ingestion_gcp.greet scheduled__2021-11-03T00:00:00+00:00 [running]> on host 9ec7cb7c64d4
[2022-09-24 03:44:22,828] {taskinstance.py:1426} INFO - Exporting the following env vars:
AIRFLOW_CTX_DAG_OWNER=Hanif
AIRFLOW_CTX_DAG_ID=data_ingestion_gcp
AIRFLOW_CTX_TASK_ID=greet
AIRFLOW_CTX_EXECUTION_DATE=2021-11-03T00:00:00+00:00
AIRFLOW_CTX_DAG_RUN_ID=scheduled__2021-11-03T00:00:00+00:00
[2022-09-24 03:44:22,844] {logging_mixin.py:109} INFO - some dict:  {'a': 1, 'b': 2}
[2022-09-24 03:44:23,085] {logging_mixin.py:109} INFO - Hello World! My name is Hanif Fajari, and I am 21 years old!
[2022-09-24 03:44:23,133] {python.py:175} INFO - Done. Returned value was: None
[2022-09-24 03:44:23,240] {taskinstance.py:1277} INFO - Marking task as SUCCESS. dag_id=data_ingestion_gcp, task_id=greet, execution_date=20211103T000000, start_date=20220924T034421, end_date=20220924T034423
[2022-09-24 03:44:23,861] {local_task_job.py:154} INFO - Task exited with return code 0
[2022-09-24 03:44:24,235] {local_task_job.py:264} INFO - 0 downstream tasks scheduled from follow-on schedule check
