[2022-09-23 15:33:19,192] {taskinstance.py:1032} INFO - Dependencies all met for <TaskInstance: data_ingestion_gcs_dag.format_to_parquet_task manual__2022-09-23T15:33:03.972415+00:00 [queued]>
[2022-09-23 15:33:19,203] {taskinstance.py:1032} INFO - Dependencies all met for <TaskInstance: data_ingestion_gcs_dag.format_to_parquet_task manual__2022-09-23T15:33:03.972415+00:00 [queued]>
[2022-09-23 15:33:19,203] {taskinstance.py:1238} INFO - 
--------------------------------------------------------------------------------
[2022-09-23 15:33:19,204] {taskinstance.py:1239} INFO - Starting attempt 1 of 2
[2022-09-23 15:33:19,204] {taskinstance.py:1240} INFO - 
--------------------------------------------------------------------------------
[2022-09-23 15:33:19,256] {taskinstance.py:1259} INFO - Executing <Task(PythonOperator): format_to_parquet_task> on 2022-09-23 15:33:03.972415+00:00
[2022-09-23 15:33:19,262] {standard_task_runner.py:52} INFO - Started process 330 to run task
[2022-09-23 15:33:19,265] {standard_task_runner.py:76} INFO - Running: ['***', 'tasks', 'run', 'data_ingestion_gcs_dag', 'format_to_parquet_task', 'manual__2022-09-23T15:33:03.972415+00:00', '--job-id', '28', '--raw', '--subdir', 'DAGS_FOLDER/data_ingestion_gcs_dag.py', '--cfg-path', '/tmp/tmpt8gibr4z', '--error-file', '/tmp/tmpsqzoevbx']
[2022-09-23 15:33:19,266] {standard_task_runner.py:77} INFO - Job 28: Subtask format_to_parquet_task
[2022-09-23 15:33:19,354] {logging_mixin.py:109} INFO - Running <TaskInstance: data_ingestion_gcs_dag.format_to_parquet_task manual__2022-09-23T15:33:03.972415+00:00 [running]> on host 23a6f015d341
[2022-09-23 15:33:19,506] {taskinstance.py:1426} INFO - Exporting the following env vars:
AIRFLOW_CTX_DAG_OWNER=***
AIRFLOW_CTX_DAG_ID=data_ingestion_gcs_dag
AIRFLOW_CTX_TASK_ID=format_to_parquet_task
AIRFLOW_CTX_EXECUTION_DATE=2022-09-23T15:33:03.972415+00:00
AIRFLOW_CTX_DAG_RUN_ID=manual__2022-09-23T15:33:03.972415+00:00
[2022-09-23 15:33:19,623] {python.py:175} INFO - Done. Returned value was: None
[2022-09-23 15:33:19,633] {taskinstance.py:1277} INFO - Marking task as SUCCESS. dag_id=data_ingestion_gcs_dag, task_id=format_to_parquet_task, execution_date=20220923T153303, start_date=20220923T153319, end_date=20220923T153319
[2022-09-23 15:33:19,759] {local_task_job.py:154} INFO - Task exited with return code 0
[2022-09-23 15:33:19,822] {local_task_job.py:264} INFO - 1 downstream tasks scheduled from follow-on schedule check
