[2022-09-24 03:44:53,793] {taskinstance.py:1032} INFO - Dependencies all met for <TaskInstance: data_ingestion_gcp.greet scheduled__2021-11-12T00:00:00+00:00 [queued]>
[2022-09-24 03:44:53,870] {taskinstance.py:1032} INFO - Dependencies all met for <TaskInstance: data_ingestion_gcp.greet scheduled__2021-11-12T00:00:00+00:00 [queued]>
[2022-09-24 03:44:53,883] {taskinstance.py:1238} INFO - 
--------------------------------------------------------------------------------
[2022-09-24 03:44:53,919] {taskinstance.py:1239} INFO - Starting attempt 1 of 6
[2022-09-24 03:44:53,934] {taskinstance.py:1240} INFO - 
--------------------------------------------------------------------------------
[2022-09-24 03:44:54,108] {taskinstance.py:1259} INFO - Executing <Task(PythonOperator): greet> on 2021-11-12 00:00:00+00:00
[2022-09-24 03:44:54,117] {standard_task_runner.py:52} INFO - Started process 920 to run task
[2022-09-24 03:44:54,120] {standard_task_runner.py:76} INFO - Running: ['***', 'tasks', 'run', 'data_ingestion_gcp', 'greet', 'scheduled__2021-11-12T00:00:00+00:00', '--job-id', '174', '--raw', '--subdir', 'DAGS_FOLDER/task_2.py', '--cfg-path', '/tmp/tmpp3dkwh_w', '--error-file', '/tmp/tmptu0h_0kn']
[2022-09-24 03:44:54,121] {standard_task_runner.py:77} INFO - Job 174: Subtask greet
[2022-09-24 03:44:54,431] {logging_mixin.py:109} INFO - Running <TaskInstance: data_ingestion_gcp.greet scheduled__2021-11-12T00:00:00+00:00 [running]> on host 9ec7cb7c64d4
[2022-09-24 03:44:55,595] {taskinstance.py:1426} INFO - Exporting the following env vars:
AIRFLOW_CTX_DAG_OWNER=Hanif
AIRFLOW_CTX_DAG_ID=data_ingestion_gcp
AIRFLOW_CTX_TASK_ID=greet
AIRFLOW_CTX_EXECUTION_DATE=2021-11-12T00:00:00+00:00
AIRFLOW_CTX_DAG_RUN_ID=scheduled__2021-11-12T00:00:00+00:00
[2022-09-24 03:44:55,598] {logging_mixin.py:109} INFO - some dict:  {'a': 1, 'b': 2}
[2022-09-24 03:44:56,017] {logging_mixin.py:109} INFO - Hello World! My name is Hanif Fajari, and I am 21 years old!
[2022-09-24 03:44:56,065] {python.py:175} INFO - Done. Returned value was: None
[2022-09-24 03:44:56,178] {taskinstance.py:1277} INFO - Marking task as SUCCESS. dag_id=data_ingestion_gcp, task_id=greet, execution_date=20211112T000000, start_date=20220924T034453, end_date=20220924T034456
[2022-09-24 03:44:56,476] {local_task_job.py:154} INFO - Task exited with return code 0
[2022-09-24 03:44:56,680] {local_task_job.py:264} INFO - 0 downstream tasks scheduled from follow-on schedule check
