[2022-09-24 03:44:27,653] {taskinstance.py:1032} INFO - Dependencies all met for <TaskInstance: data_ingestion_gcp.greet scheduled__2021-11-04T00:00:00+00:00 [queued]>
[2022-09-24 03:44:27,687] {taskinstance.py:1032} INFO - Dependencies all met for <TaskInstance: data_ingestion_gcp.greet scheduled__2021-11-04T00:00:00+00:00 [queued]>
[2022-09-24 03:44:27,688] {taskinstance.py:1238} INFO - 
--------------------------------------------------------------------------------
[2022-09-24 03:44:27,689] {taskinstance.py:1239} INFO - Starting attempt 1 of 6
[2022-09-24 03:44:27,690] {taskinstance.py:1240} INFO - 
--------------------------------------------------------------------------------
[2022-09-24 03:44:27,817] {taskinstance.py:1259} INFO - Executing <Task(PythonOperator): greet> on 2021-11-04 00:00:00+00:00
[2022-09-24 03:44:27,825] {standard_task_runner.py:52} INFO - Started process 848 to run task
[2022-09-24 03:44:27,833] {standard_task_runner.py:76} INFO - Running: ['***', 'tasks', 'run', 'data_ingestion_gcp', 'greet', 'scheduled__2021-11-04T00:00:00+00:00', '--job-id', '147', '--raw', '--subdir', 'DAGS_FOLDER/task_2.py', '--cfg-path', '/tmp/tmppc1u1uyt', '--error-file', '/tmp/tmpg4ch1et7']
[2022-09-24 03:44:27,842] {standard_task_runner.py:77} INFO - Job 147: Subtask greet
[2022-09-24 03:44:28,153] {logging_mixin.py:109} INFO - Running <TaskInstance: data_ingestion_gcp.greet scheduled__2021-11-04T00:00:00+00:00 [running]> on host 9ec7cb7c64d4
[2022-09-24 03:44:28,663] {taskinstance.py:1426} INFO - Exporting the following env vars:
AIRFLOW_CTX_DAG_OWNER=Hanif
AIRFLOW_CTX_DAG_ID=data_ingestion_gcp
AIRFLOW_CTX_TASK_ID=greet
AIRFLOW_CTX_EXECUTION_DATE=2021-11-04T00:00:00+00:00
AIRFLOW_CTX_DAG_RUN_ID=scheduled__2021-11-04T00:00:00+00:00
[2022-09-24 03:44:28,676] {logging_mixin.py:109} INFO - some dict:  {'a': 1, 'b': 2}
[2022-09-24 03:44:28,760] {logging_mixin.py:109} INFO - Hello World! My name is Hanif Fajari, and I am 21 years old!
[2022-09-24 03:44:28,789] {python.py:175} INFO - Done. Returned value was: None
[2022-09-24 03:44:28,822] {taskinstance.py:1277} INFO - Marking task as SUCCESS. dag_id=data_ingestion_gcp, task_id=greet, execution_date=20211104T000000, start_date=20220924T034427, end_date=20220924T034428
[2022-09-24 03:44:29,083] {local_task_job.py:154} INFO - Task exited with return code 0
[2022-09-24 03:44:29,341] {local_task_job.py:264} INFO - 0 downstream tasks scheduled from follow-on schedule check
