[2022-09-24 03:44:32,703] {taskinstance.py:1032} INFO - Dependencies all met for <TaskInstance: data_ingestion_gcp.greet scheduled__2021-11-06T00:00:00+00:00 [queued]>
[2022-09-24 03:44:32,728] {taskinstance.py:1032} INFO - Dependencies all met for <TaskInstance: data_ingestion_gcp.greet scheduled__2021-11-06T00:00:00+00:00 [queued]>
[2022-09-24 03:44:32,737] {taskinstance.py:1238} INFO - 
--------------------------------------------------------------------------------
[2022-09-24 03:44:32,739] {taskinstance.py:1239} INFO - Starting attempt 1 of 6
[2022-09-24 03:44:32,740] {taskinstance.py:1240} INFO - 
--------------------------------------------------------------------------------
[2022-09-24 03:44:33,066] {taskinstance.py:1259} INFO - Executing <Task(PythonOperator): greet> on 2021-11-06 00:00:00+00:00
[2022-09-24 03:44:33,078] {standard_task_runner.py:52} INFO - Started process 862 to run task
[2022-09-24 03:44:33,081] {standard_task_runner.py:76} INFO - Running: ['***', 'tasks', 'run', 'data_ingestion_gcp', 'greet', 'scheduled__2021-11-06T00:00:00+00:00', '--job-id', '154', '--raw', '--subdir', 'DAGS_FOLDER/task_2.py', '--cfg-path', '/tmp/tmp3bg1kozi', '--error-file', '/tmp/tmpyxoyduut']
[2022-09-24 03:44:33,082] {standard_task_runner.py:77} INFO - Job 154: Subtask greet
[2022-09-24 03:44:33,431] {logging_mixin.py:109} INFO - Running <TaskInstance: data_ingestion_gcp.greet scheduled__2021-11-06T00:00:00+00:00 [running]> on host 9ec7cb7c64d4
[2022-09-24 03:44:33,826] {taskinstance.py:1426} INFO - Exporting the following env vars:
AIRFLOW_CTX_DAG_OWNER=Hanif
AIRFLOW_CTX_DAG_ID=data_ingestion_gcp
AIRFLOW_CTX_TASK_ID=greet
AIRFLOW_CTX_EXECUTION_DATE=2021-11-06T00:00:00+00:00
AIRFLOW_CTX_DAG_RUN_ID=scheduled__2021-11-06T00:00:00+00:00
[2022-09-24 03:44:33,840] {logging_mixin.py:109} INFO - some dict:  {'a': 1, 'b': 2}
[2022-09-24 03:44:33,877] {logging_mixin.py:109} INFO - Hello World! My name is Hanif Fajari, and I am 21 years old!
[2022-09-24 03:44:33,881] {python.py:175} INFO - Done. Returned value was: None
[2022-09-24 03:44:33,919] {taskinstance.py:1277} INFO - Marking task as SUCCESS. dag_id=data_ingestion_gcp, task_id=greet, execution_date=20211106T000000, start_date=20220924T034432, end_date=20220924T034433
[2022-09-24 03:44:34,067] {local_task_job.py:154} INFO - Task exited with return code 0
[2022-09-24 03:44:34,916] {local_task_job.py:264} INFO - 0 downstream tasks scheduled from follow-on schedule check
