[2022-09-24 03:43:42,889] {taskinstance.py:1032} INFO - Dependencies all met for <TaskInstance: data_ingestion_gcp.greet scheduled__2021-10-22T00:00:00+00:00 [queued]>
[2022-09-24 03:43:42,930] {taskinstance.py:1032} INFO - Dependencies all met for <TaskInstance: data_ingestion_gcp.greet scheduled__2021-10-22T00:00:00+00:00 [queued]>
[2022-09-24 03:43:42,933] {taskinstance.py:1238} INFO - 
--------------------------------------------------------------------------------
[2022-09-24 03:43:42,935] {taskinstance.py:1239} INFO - Starting attempt 1 of 6
[2022-09-24 03:43:42,935] {taskinstance.py:1240} INFO - 
--------------------------------------------------------------------------------
[2022-09-24 03:43:43,187] {taskinstance.py:1259} INFO - Executing <Task(PythonOperator): greet> on 2021-10-22 00:00:00+00:00
[2022-09-24 03:43:43,197] {standard_task_runner.py:52} INFO - Started process 753 to run task
[2022-09-24 03:43:43,220] {standard_task_runner.py:76} INFO - Running: ['***', 'tasks', 'run', 'data_ingestion_gcp', 'greet', 'scheduled__2021-10-22T00:00:00+00:00', '--job-id', '109', '--raw', '--subdir', 'DAGS_FOLDER/task_2.py', '--cfg-path', '/tmp/tmpav8pu1gy', '--error-file', '/tmp/tmpatfq3w40']
[2022-09-24 03:43:43,225] {standard_task_runner.py:77} INFO - Job 109: Subtask greet
[2022-09-24 03:43:43,805] {logging_mixin.py:109} INFO - Running <TaskInstance: data_ingestion_gcp.greet scheduled__2021-10-22T00:00:00+00:00 [running]> on host 9ec7cb7c64d4
[2022-09-24 03:43:44,463] {taskinstance.py:1426} INFO - Exporting the following env vars:
AIRFLOW_CTX_DAG_OWNER=Hanif
AIRFLOW_CTX_DAG_ID=data_ingestion_gcp
AIRFLOW_CTX_TASK_ID=greet
AIRFLOW_CTX_EXECUTION_DATE=2021-10-22T00:00:00+00:00
AIRFLOW_CTX_DAG_RUN_ID=scheduled__2021-10-22T00:00:00+00:00
[2022-09-24 03:43:44,477] {logging_mixin.py:109} INFO - some dict:  {'a': 1, 'b': 2}
[2022-09-24 03:43:44,845] {logging_mixin.py:109} INFO - Hello World! My name is Hanif Fajari, and I am 21 years old!
[2022-09-24 03:43:44,860] {python.py:175} INFO - Done. Returned value was: None
[2022-09-24 03:43:44,895] {taskinstance.py:1277} INFO - Marking task as SUCCESS. dag_id=data_ingestion_gcp, task_id=greet, execution_date=20211022T000000, start_date=20220924T034342, end_date=20220924T034344
[2022-09-24 03:43:45,210] {local_task_job.py:154} INFO - Task exited with return code 0
[2022-09-24 03:43:45,509] {local_task_job.py:264} INFO - 0 downstream tasks scheduled from follow-on schedule check
