[2022-09-24 03:42:48,170] {taskinstance.py:1032} INFO - Dependencies all met for <TaskInstance: data_ingestion_gcp.get_name scheduled__2021-10-09T00:00:00+00:00 [queued]>
[2022-09-24 03:42:48,265] {taskinstance.py:1032} INFO - Dependencies all met for <TaskInstance: data_ingestion_gcp.get_name scheduled__2021-10-09T00:00:00+00:00 [queued]>
[2022-09-24 03:42:48,291] {taskinstance.py:1238} INFO - 
--------------------------------------------------------------------------------
[2022-09-24 03:42:48,323] {taskinstance.py:1239} INFO - Starting attempt 1 of 6
[2022-09-24 03:42:48,334] {taskinstance.py:1240} INFO - 
--------------------------------------------------------------------------------
[2022-09-24 03:42:48,837] {taskinstance.py:1259} INFO - Executing <Task(PythonOperator): get_name> on 2021-10-09 00:00:00+00:00
[2022-09-24 03:42:48,864] {standard_task_runner.py:52} INFO - Started process 634 to run task
[2022-09-24 03:42:48,929] {standard_task_runner.py:76} INFO - Running: ['***', 'tasks', 'run', 'data_ingestion_gcp', 'get_name', 'scheduled__2021-10-09T00:00:00+00:00', '--job-id', '62', '--raw', '--subdir', 'DAGS_FOLDER/task_2.py', '--cfg-path', '/tmp/tmpmigo5r1r', '--error-file', '/tmp/tmpzrbniz3_']
[2022-09-24 03:42:48,938] {standard_task_runner.py:77} INFO - Job 62: Subtask get_name
[2022-09-24 03:42:49,481] {logging_mixin.py:109} INFO - Running <TaskInstance: data_ingestion_gcp.get_name scheduled__2021-10-09T00:00:00+00:00 [running]> on host 9ec7cb7c64d4
[2022-09-24 03:42:50,272] {taskinstance.py:1426} INFO - Exporting the following env vars:
AIRFLOW_CTX_DAG_OWNER=Hanif
AIRFLOW_CTX_DAG_ID=data_ingestion_gcp
AIRFLOW_CTX_TASK_ID=get_name
AIRFLOW_CTX_EXECUTION_DATE=2021-10-09T00:00:00+00:00
AIRFLOW_CTX_DAG_RUN_ID=scheduled__2021-10-09T00:00:00+00:00
[2022-09-24 03:42:50,724] {python.py:175} INFO - Done. Returned value was: None
[2022-09-24 03:42:50,831] {taskinstance.py:1277} INFO - Marking task as SUCCESS. dag_id=data_ingestion_gcp, task_id=get_name, execution_date=20211009T000000, start_date=20220924T034248, end_date=20220924T034250
[2022-09-24 03:42:51,199] {local_task_job.py:154} INFO - Task exited with return code 0
[2022-09-24 03:42:51,819] {local_task_job.py:264} INFO - 1 downstream tasks scheduled from follow-on schedule check
