[2022-09-24 03:43:35,972] {taskinstance.py:1032} INFO - Dependencies all met for <TaskInstance: data_ingestion_gcp.get_age scheduled__2021-10-21T00:00:00+00:00 [queued]>
[2022-09-24 03:43:35,984] {taskinstance.py:1032} INFO - Dependencies all met for <TaskInstance: data_ingestion_gcp.get_age scheduled__2021-10-21T00:00:00+00:00 [queued]>
[2022-09-24 03:43:35,985] {taskinstance.py:1238} INFO - 
--------------------------------------------------------------------------------
[2022-09-24 03:43:35,985] {taskinstance.py:1239} INFO - Starting attempt 1 of 6
[2022-09-24 03:43:35,985] {taskinstance.py:1240} INFO - 
--------------------------------------------------------------------------------
[2022-09-24 03:43:36,079] {taskinstance.py:1259} INFO - Executing <Task(PythonOperator): get_age> on 2021-10-21 00:00:00+00:00
[2022-09-24 03:43:36,087] {standard_task_runner.py:52} INFO - Started process 726 to run task
[2022-09-24 03:43:36,095] {standard_task_runner.py:76} INFO - Running: ['***', 'tasks', 'run', 'data_ingestion_gcp', 'get_age', 'scheduled__2021-10-21T00:00:00+00:00', '--job-id', '101', '--raw', '--subdir', 'DAGS_FOLDER/task_2.py', '--cfg-path', '/tmp/tmpbyesod4x', '--error-file', '/tmp/tmpx8ssx1af']
[2022-09-24 03:43:36,096] {standard_task_runner.py:77} INFO - Job 101: Subtask get_age
[2022-09-24 03:43:36,289] {logging_mixin.py:109} INFO - Running <TaskInstance: data_ingestion_gcp.get_age scheduled__2021-10-21T00:00:00+00:00 [running]> on host 9ec7cb7c64d4
[2022-09-24 03:43:36,683] {taskinstance.py:1426} INFO - Exporting the following env vars:
AIRFLOW_CTX_DAG_OWNER=Hanif
AIRFLOW_CTX_DAG_ID=data_ingestion_gcp
AIRFLOW_CTX_TASK_ID=get_age
AIRFLOW_CTX_EXECUTION_DATE=2021-10-21T00:00:00+00:00
AIRFLOW_CTX_DAG_RUN_ID=scheduled__2021-10-21T00:00:00+00:00
[2022-09-24 03:43:36,787] {python.py:175} INFO - Done. Returned value was: None
[2022-09-24 03:43:36,851] {taskinstance.py:1277} INFO - Marking task as SUCCESS. dag_id=data_ingestion_gcp, task_id=get_age, execution_date=20211021T000000, start_date=20220924T034335, end_date=20220924T034336
[2022-09-24 03:43:37,169] {local_task_job.py:154} INFO - Task exited with return code 0
[2022-09-24 03:43:37,725] {local_task_job.py:264} INFO - 0 downstream tasks scheduled from follow-on schedule check
