[2022-09-24 03:43:46,084] {taskinstance.py:1032} INFO - Dependencies all met for <TaskInstance: data_ingestion_gcp.get_name scheduled__2021-10-26T00:00:00+00:00 [queued]>
[2022-09-24 03:43:46,310] {taskinstance.py:1032} INFO - Dependencies all met for <TaskInstance: data_ingestion_gcp.get_name scheduled__2021-10-26T00:00:00+00:00 [queued]>
[2022-09-24 03:43:46,325] {taskinstance.py:1238} INFO - 
--------------------------------------------------------------------------------
[2022-09-24 03:43:46,341] {taskinstance.py:1239} INFO - Starting attempt 1 of 6
[2022-09-24 03:43:46,342] {taskinstance.py:1240} INFO - 
--------------------------------------------------------------------------------
[2022-09-24 03:43:46,665] {taskinstance.py:1259} INFO - Executing <Task(PythonOperator): get_name> on 2021-10-26 00:00:00+00:00
[2022-09-24 03:43:46,785] {standard_task_runner.py:52} INFO - Started process 764 to run task
[2022-09-24 03:43:46,804] {standard_task_runner.py:76} INFO - Running: ['***', 'tasks', 'run', 'data_ingestion_gcp', 'get_name', 'scheduled__2021-10-26T00:00:00+00:00', '--job-id', '114', '--raw', '--subdir', 'DAGS_FOLDER/task_2.py', '--cfg-path', '/tmp/tmp_lf_dakg', '--error-file', '/tmp/tmpw2jr9x4w']
[2022-09-24 03:43:46,818] {standard_task_runner.py:77} INFO - Job 114: Subtask get_name
[2022-09-24 03:43:47,287] {logging_mixin.py:109} INFO - Running <TaskInstance: data_ingestion_gcp.get_name scheduled__2021-10-26T00:00:00+00:00 [running]> on host 9ec7cb7c64d4
[2022-09-24 03:43:47,756] {taskinstance.py:1426} INFO - Exporting the following env vars:
AIRFLOW_CTX_DAG_OWNER=Hanif
AIRFLOW_CTX_DAG_ID=data_ingestion_gcp
AIRFLOW_CTX_TASK_ID=get_name
AIRFLOW_CTX_EXECUTION_DATE=2021-10-26T00:00:00+00:00
AIRFLOW_CTX_DAG_RUN_ID=scheduled__2021-10-26T00:00:00+00:00
[2022-09-24 03:43:47,991] {python.py:175} INFO - Done. Returned value was: None
[2022-09-24 03:43:48,044] {taskinstance.py:1277} INFO - Marking task as SUCCESS. dag_id=data_ingestion_gcp, task_id=get_name, execution_date=20211026T000000, start_date=20220924T034346, end_date=20220924T034348
[2022-09-24 03:43:48,163] {local_task_job.py:154} INFO - Task exited with return code 0
[2022-09-24 03:43:48,476] {local_task_job.py:264} INFO - 0 downstream tasks scheduled from follow-on schedule check
