[2022-09-23 13:46:02,907] {taskinstance.py:1032} INFO - Dependencies all met for <TaskInstance: data_ingestion_gcs_dag.format_to_parquet_task scheduled__2022-09-22T00:00:00+00:00 [queued]>
[2022-09-23 13:46:02,918] {taskinstance.py:1032} INFO - Dependencies all met for <TaskInstance: data_ingestion_gcs_dag.format_to_parquet_task scheduled__2022-09-22T00:00:00+00:00 [queued]>
[2022-09-23 13:46:02,918] {taskinstance.py:1238} INFO - 
--------------------------------------------------------------------------------
[2022-09-23 13:46:02,919] {taskinstance.py:1239} INFO - Starting attempt 1 of 2
[2022-09-23 13:46:02,919] {taskinstance.py:1240} INFO - 
--------------------------------------------------------------------------------
[2022-09-23 13:46:03,223] {taskinstance.py:1259} INFO - Executing <Task(PythonOperator): format_to_parquet_task> on 2022-09-22 00:00:00+00:00
[2022-09-23 13:46:03,229] {standard_task_runner.py:52} INFO - Started process 84 to run task
[2022-09-23 13:46:03,232] {standard_task_runner.py:76} INFO - Running: ['***', 'tasks', 'run', 'data_ingestion_gcs_dag', 'format_to_parquet_task', 'scheduled__2022-09-22T00:00:00+00:00', '--job-id', '14', '--raw', '--subdir', 'DAGS_FOLDER/data_ingestion_gcs_dag.py', '--cfg-path', '/tmp/tmplibk8f8c', '--error-file', '/tmp/tmpj8srysdy']
[2022-09-23 13:46:03,234] {standard_task_runner.py:77} INFO - Job 14: Subtask format_to_parquet_task
[2022-09-23 13:46:03,494] {logging_mixin.py:109} INFO - Running <TaskInstance: data_ingestion_gcs_dag.format_to_parquet_task scheduled__2022-09-22T00:00:00+00:00 [running]> on host f2fa355046eb
[2022-09-23 13:46:04,269] {taskinstance.py:1426} INFO - Exporting the following env vars:
AIRFLOW_CTX_DAG_OWNER=***
AIRFLOW_CTX_DAG_ID=data_ingestion_gcs_dag
AIRFLOW_CTX_TASK_ID=format_to_parquet_task
AIRFLOW_CTX_EXECUTION_DATE=2022-09-22T00:00:00+00:00
AIRFLOW_CTX_DAG_RUN_ID=scheduled__2022-09-22T00:00:00+00:00
[2022-09-23 13:46:04,749] {python.py:175} INFO - Done. Returned value was: None
[2022-09-23 13:46:04,761] {taskinstance.py:1277} INFO - Marking task as SUCCESS. dag_id=data_ingestion_gcs_dag, task_id=format_to_parquet_task, execution_date=20220922T000000, start_date=20220923T134602, end_date=20220923T134604
[2022-09-23 13:46:04,980] {local_task_job.py:154} INFO - Task exited with return code 0
[2022-09-23 13:46:05,317] {local_task_job.py:264} INFO - 1 downstream tasks scheduled from follow-on schedule check
[2022-09-23 15:33:07,833] {taskinstance.py:1032} INFO - Dependencies all met for <TaskInstance: data_ingestion_gcs_dag.format_to_parquet_task scheduled__2022-09-22T00:00:00+00:00 [queued]>
[2022-09-23 15:33:07,865] {taskinstance.py:1032} INFO - Dependencies all met for <TaskInstance: data_ingestion_gcs_dag.format_to_parquet_task scheduled__2022-09-22T00:00:00+00:00 [queued]>
[2022-09-23 15:33:07,866] {taskinstance.py:1238} INFO - 
--------------------------------------------------------------------------------
[2022-09-23 15:33:07,866] {taskinstance.py:1239} INFO - Starting attempt 1 of 2
[2022-09-23 15:33:07,866] {taskinstance.py:1240} INFO - 
--------------------------------------------------------------------------------
[2022-09-23 15:33:07,978] {taskinstance.py:1259} INFO - Executing <Task(PythonOperator): format_to_parquet_task> on 2022-09-22 00:00:00+00:00
[2022-09-23 15:33:07,985] {standard_task_runner.py:52} INFO - Started process 303 to run task
[2022-09-23 15:33:07,988] {standard_task_runner.py:76} INFO - Running: ['***', 'tasks', 'run', 'data_ingestion_gcs_dag', 'format_to_parquet_task', 'scheduled__2022-09-22T00:00:00+00:00', '--job-id', '25', '--raw', '--subdir', 'DAGS_FOLDER/data_ingestion_gcs_dag.py', '--cfg-path', '/tmp/tmp50hmagdn', '--error-file', '/tmp/tmp6k29pidj']
[2022-09-23 15:33:07,990] {standard_task_runner.py:77} INFO - Job 25: Subtask format_to_parquet_task
[2022-09-23 15:33:08,142] {logging_mixin.py:109} INFO - Running <TaskInstance: data_ingestion_gcs_dag.format_to_parquet_task scheduled__2022-09-22T00:00:00+00:00 [running]> on host 23a6f015d341
[2022-09-23 15:33:08,580] {taskinstance.py:1426} INFO - Exporting the following env vars:
AIRFLOW_CTX_DAG_OWNER=***
AIRFLOW_CTX_DAG_ID=data_ingestion_gcs_dag
AIRFLOW_CTX_TASK_ID=format_to_parquet_task
AIRFLOW_CTX_EXECUTION_DATE=2022-09-22T00:00:00+00:00
AIRFLOW_CTX_DAG_RUN_ID=scheduled__2022-09-22T00:00:00+00:00
[2022-09-23 15:33:08,714] {python.py:175} INFO - Done. Returned value was: None
[2022-09-23 15:33:08,730] {taskinstance.py:1277} INFO - Marking task as SUCCESS. dag_id=data_ingestion_gcs_dag, task_id=format_to_parquet_task, execution_date=20220922T000000, start_date=20220923T153307, end_date=20220923T153308
[2022-09-23 15:33:08,843] {local_task_job.py:154} INFO - Task exited with return code 0
[2022-09-23 15:33:09,006] {local_task_job.py:264} INFO - 1 downstream tasks scheduled from follow-on schedule check
