[2022-09-24 03:43:19,689] {taskinstance.py:1032} INFO - Dependencies all met for <TaskInstance: data_ingestion_gcp.greet scheduled__2021-10-15T00:00:00+00:00 [queued]>
[2022-09-24 03:43:19,764] {taskinstance.py:1032} INFO - Dependencies all met for <TaskInstance: data_ingestion_gcp.greet scheduled__2021-10-15T00:00:00+00:00 [queued]>
[2022-09-24 03:43:19,765] {taskinstance.py:1238} INFO - 
--------------------------------------------------------------------------------
[2022-09-24 03:43:19,765] {taskinstance.py:1239} INFO - Starting attempt 1 of 6
[2022-09-24 03:43:19,765] {taskinstance.py:1240} INFO - 
--------------------------------------------------------------------------------
[2022-09-24 03:43:20,172] {taskinstance.py:1259} INFO - Executing <Task(PythonOperator): greet> on 2021-10-15 00:00:00+00:00
[2022-09-24 03:43:20,203] {standard_task_runner.py:52} INFO - Started process 706 to run task
[2022-09-24 03:43:20,220] {standard_task_runner.py:76} INFO - Running: ['***', 'tasks', 'run', 'data_ingestion_gcp', 'greet', 'scheduled__2021-10-15T00:00:00+00:00', '--job-id', '90', '--raw', '--subdir', 'DAGS_FOLDER/task_2.py', '--cfg-path', '/tmp/tmpqtxc2q25', '--error-file', '/tmp/tmp13c29jr6']
[2022-09-24 03:43:20,238] {standard_task_runner.py:77} INFO - Job 90: Subtask greet
[2022-09-24 03:43:20,918] {logging_mixin.py:109} INFO - Running <TaskInstance: data_ingestion_gcp.greet scheduled__2021-10-15T00:00:00+00:00 [running]> on host 9ec7cb7c64d4
[2022-09-24 03:43:21,734] {taskinstance.py:1426} INFO - Exporting the following env vars:
AIRFLOW_CTX_DAG_OWNER=Hanif
AIRFLOW_CTX_DAG_ID=data_ingestion_gcp
AIRFLOW_CTX_TASK_ID=greet
AIRFLOW_CTX_EXECUTION_DATE=2021-10-15T00:00:00+00:00
AIRFLOW_CTX_DAG_RUN_ID=scheduled__2021-10-15T00:00:00+00:00
[2022-09-24 03:43:21,735] {logging_mixin.py:109} INFO - some dict:  {'a': 1, 'b': 2}
[2022-09-24 03:43:21,758] {logging_mixin.py:109} INFO - Hello World! My name is Hanif Fajari, and I am 21 years old!
[2022-09-24 03:43:21,758] {python.py:175} INFO - Done. Returned value was: None
[2022-09-24 03:43:22,100] {taskinstance.py:1277} INFO - Marking task as SUCCESS. dag_id=data_ingestion_gcp, task_id=greet, execution_date=20211015T000000, start_date=20220924T034319, end_date=20220924T034322
[2022-09-24 03:43:22,438] {local_task_job.py:154} INFO - Task exited with return code 0
[2022-09-24 03:43:22,738] {local_task_job.py:264} INFO - 0 downstream tasks scheduled from follow-on schedule check
