[2022-09-24 03:43:41,140] {taskinstance.py:1032} INFO - Dependencies all met for <TaskInstance: data_ingestion_gcp.get_name scheduled__2021-10-24T00:00:00+00:00 [queued]>
[2022-09-24 03:43:41,315] {taskinstance.py:1032} INFO - Dependencies all met for <TaskInstance: data_ingestion_gcp.get_name scheduled__2021-10-24T00:00:00+00:00 [queued]>
[2022-09-24 03:43:41,323] {taskinstance.py:1238} INFO - 
--------------------------------------------------------------------------------
[2022-09-24 03:43:41,326] {taskinstance.py:1239} INFO - Starting attempt 1 of 6
[2022-09-24 03:43:41,327] {taskinstance.py:1240} INFO - 
--------------------------------------------------------------------------------
[2022-09-24 03:43:41,539] {taskinstance.py:1259} INFO - Executing <Task(PythonOperator): get_name> on 2021-10-24 00:00:00+00:00
[2022-09-24 03:43:41,622] {standard_task_runner.py:76} INFO - Running: ['***', 'tasks', 'run', 'data_ingestion_gcp', 'get_name', 'scheduled__2021-10-24T00:00:00+00:00', '--job-id', '106', '--raw', '--subdir', 'DAGS_FOLDER/task_2.py', '--cfg-path', '/tmp/tmp1mphlids', '--error-file', '/tmp/tmp9eulurv9']
[2022-09-24 03:43:41,602] {standard_task_runner.py:52} INFO - Started process 750 to run task
[2022-09-24 03:43:41,668] {standard_task_runner.py:77} INFO - Job 106: Subtask get_name
[2022-09-24 03:43:42,213] {logging_mixin.py:109} INFO - Running <TaskInstance: data_ingestion_gcp.get_name scheduled__2021-10-24T00:00:00+00:00 [running]> on host 9ec7cb7c64d4
[2022-09-24 03:43:42,605] {taskinstance.py:1426} INFO - Exporting the following env vars:
AIRFLOW_CTX_DAG_OWNER=Hanif
AIRFLOW_CTX_DAG_ID=data_ingestion_gcp
AIRFLOW_CTX_TASK_ID=get_name
AIRFLOW_CTX_EXECUTION_DATE=2021-10-24T00:00:00+00:00
AIRFLOW_CTX_DAG_RUN_ID=scheduled__2021-10-24T00:00:00+00:00
[2022-09-24 03:43:42,868] {python.py:175} INFO - Done. Returned value was: None
[2022-09-24 03:43:42,928] {taskinstance.py:1277} INFO - Marking task as SUCCESS. dag_id=data_ingestion_gcp, task_id=get_name, execution_date=20211024T000000, start_date=20220924T034341, end_date=20220924T034342
[2022-09-24 03:43:43,157] {local_task_job.py:154} INFO - Task exited with return code 0
[2022-09-24 03:43:43,611] {local_task_job.py:264} INFO - 1 downstream tasks scheduled from follow-on schedule check
