[2022-09-24 03:42:49,800] {taskinstance.py:1032} INFO - Dependencies all met for <TaskInstance: data_ingestion_gcp.get_name scheduled__2021-10-10T00:00:00+00:00 [queued]>
[2022-09-24 03:42:49,871] {taskinstance.py:1032} INFO - Dependencies all met for <TaskInstance: data_ingestion_gcp.get_name scheduled__2021-10-10T00:00:00+00:00 [queued]>
[2022-09-24 03:42:49,893] {taskinstance.py:1238} INFO - 
--------------------------------------------------------------------------------
[2022-09-24 03:42:49,904] {taskinstance.py:1239} INFO - Starting attempt 1 of 6
[2022-09-24 03:42:49,905] {taskinstance.py:1240} INFO - 
--------------------------------------------------------------------------------
[2022-09-24 03:42:50,603] {taskinstance.py:1259} INFO - Executing <Task(PythonOperator): get_name> on 2021-10-10 00:00:00+00:00
[2022-09-24 03:42:50,616] {standard_task_runner.py:52} INFO - Started process 636 to run task
[2022-09-24 03:42:50,634] {standard_task_runner.py:76} INFO - Running: ['***', 'tasks', 'run', 'data_ingestion_gcp', 'get_name', 'scheduled__2021-10-10T00:00:00+00:00', '--job-id', '65', '--raw', '--subdir', 'DAGS_FOLDER/task_2.py', '--cfg-path', '/tmp/tmplssozi1e', '--error-file', '/tmp/tmpmzbtnocl']
[2022-09-24 03:42:50,635] {standard_task_runner.py:77} INFO - Job 65: Subtask get_name
[2022-09-24 03:42:51,582] {logging_mixin.py:109} INFO - Running <TaskInstance: data_ingestion_gcp.get_name scheduled__2021-10-10T00:00:00+00:00 [running]> on host 9ec7cb7c64d4
[2022-09-24 03:42:52,614] {taskinstance.py:1426} INFO - Exporting the following env vars:
AIRFLOW_CTX_DAG_OWNER=Hanif
AIRFLOW_CTX_DAG_ID=data_ingestion_gcp
AIRFLOW_CTX_TASK_ID=get_name
AIRFLOW_CTX_EXECUTION_DATE=2021-10-10T00:00:00+00:00
AIRFLOW_CTX_DAG_RUN_ID=scheduled__2021-10-10T00:00:00+00:00
[2022-09-24 03:42:52,932] {python.py:175} INFO - Done. Returned value was: None
[2022-09-24 03:42:53,399] {taskinstance.py:1277} INFO - Marking task as SUCCESS. dag_id=data_ingestion_gcp, task_id=get_name, execution_date=20211010T000000, start_date=20220924T034249, end_date=20220924T034253
[2022-09-24 03:42:54,280] {local_task_job.py:154} INFO - Task exited with return code 0
[2022-09-24 03:42:54,825] {local_task_job.py:264} INFO - 1 downstream tasks scheduled from follow-on schedule check
