[2022-09-24 03:44:57,964] {taskinstance.py:1032} INFO - Dependencies all met for <TaskInstance: data_ingestion_gcp.greet scheduled__2022-09-23T00:00:00+00:00 [queued]>
[2022-09-24 03:44:58,004] {taskinstance.py:1032} INFO - Dependencies all met for <TaskInstance: data_ingestion_gcp.greet scheduled__2022-09-23T00:00:00+00:00 [queued]>
[2022-09-24 03:44:58,005] {taskinstance.py:1238} INFO - 
--------------------------------------------------------------------------------
[2022-09-24 03:44:58,008] {taskinstance.py:1239} INFO - Starting attempt 1 of 6
[2022-09-24 03:44:58,019] {taskinstance.py:1240} INFO - 
--------------------------------------------------------------------------------
[2022-09-24 03:44:58,176] {taskinstance.py:1259} INFO - Executing <Task(PythonOperator): greet> on 2022-09-23 00:00:00+00:00
[2022-09-24 03:44:58,191] {standard_task_runner.py:52} INFO - Started process 925 to run task
[2022-09-24 03:44:58,194] {standard_task_runner.py:76} INFO - Running: ['***', 'tasks', 'run', 'data_ingestion_gcp', 'greet', 'scheduled__2022-09-23T00:00:00+00:00', '--job-id', '177', '--raw', '--subdir', 'DAGS_FOLDER/task_2.py', '--cfg-path', '/tmp/tmp23vxp_5p', '--error-file', '/tmp/tmprgzglqq7']
[2022-09-24 03:44:58,200] {standard_task_runner.py:77} INFO - Job 177: Subtask greet
[2022-09-24 03:44:58,421] {logging_mixin.py:109} INFO - Running <TaskInstance: data_ingestion_gcp.greet scheduled__2022-09-23T00:00:00+00:00 [running]> on host 9ec7cb7c64d4
[2022-09-24 03:44:58,828] {taskinstance.py:1426} INFO - Exporting the following env vars:
AIRFLOW_CTX_DAG_OWNER=Hanif
AIRFLOW_CTX_DAG_ID=data_ingestion_gcp
AIRFLOW_CTX_TASK_ID=greet
AIRFLOW_CTX_EXECUTION_DATE=2022-09-23T00:00:00+00:00
AIRFLOW_CTX_DAG_RUN_ID=scheduled__2022-09-23T00:00:00+00:00
[2022-09-24 03:44:58,829] {logging_mixin.py:109} INFO - some dict:  {'a': 1, 'b': 2}
[2022-09-24 03:44:58,861] {logging_mixin.py:109} INFO - Hello World! My name is Hanif Fajari, and I am 21 years old!
[2022-09-24 03:44:58,863] {python.py:175} INFO - Done. Returned value was: None
[2022-09-24 03:44:58,900] {taskinstance.py:1277} INFO - Marking task as SUCCESS. dag_id=data_ingestion_gcp, task_id=greet, execution_date=20220923T000000, start_date=20220924T034457, end_date=20220924T034458
[2022-09-24 03:44:59,083] {local_task_job.py:154} INFO - Task exited with return code 0
[2022-09-24 03:44:59,217] {local_task_job.py:264} INFO - 0 downstream tasks scheduled from follow-on schedule check
