[2022-09-24 03:44:43,322] {taskinstance.py:1032} INFO - Dependencies all met for <TaskInstance: data_ingestion_gcp.get_name scheduled__2021-11-11T00:00:00+00:00 [queued]>
[2022-09-24 03:44:43,361] {taskinstance.py:1032} INFO - Dependencies all met for <TaskInstance: data_ingestion_gcp.get_name scheduled__2021-11-11T00:00:00+00:00 [queued]>
[2022-09-24 03:44:43,364] {taskinstance.py:1238} INFO - 
--------------------------------------------------------------------------------
[2022-09-24 03:44:43,411] {taskinstance.py:1239} INFO - Starting attempt 1 of 6
[2022-09-24 03:44:43,429] {taskinstance.py:1240} INFO - 
--------------------------------------------------------------------------------
[2022-09-24 03:44:43,607] {taskinstance.py:1259} INFO - Executing <Task(PythonOperator): get_name> on 2021-11-11 00:00:00+00:00
[2022-09-24 03:44:43,638] {standard_task_runner.py:52} INFO - Started process 885 to run task
[2022-09-24 03:44:43,651] {standard_task_runner.py:76} INFO - Running: ['***', 'tasks', 'run', 'data_ingestion_gcp', 'get_name', 'scheduled__2021-11-11T00:00:00+00:00', '--job-id', '161', '--raw', '--subdir', 'DAGS_FOLDER/task_2.py', '--cfg-path', '/tmp/tmp518eygti', '--error-file', '/tmp/tmpg15ug65_']
[2022-09-24 03:44:43,702] {standard_task_runner.py:77} INFO - Job 161: Subtask get_name
[2022-09-24 03:44:44,163] {logging_mixin.py:109} INFO - Running <TaskInstance: data_ingestion_gcp.get_name scheduled__2021-11-11T00:00:00+00:00 [running]> on host 9ec7cb7c64d4
[2022-09-24 03:44:45,081] {taskinstance.py:1426} INFO - Exporting the following env vars:
AIRFLOW_CTX_DAG_OWNER=Hanif
AIRFLOW_CTX_DAG_ID=data_ingestion_gcp
AIRFLOW_CTX_TASK_ID=get_name
AIRFLOW_CTX_EXECUTION_DATE=2021-11-11T00:00:00+00:00
AIRFLOW_CTX_DAG_RUN_ID=scheduled__2021-11-11T00:00:00+00:00
[2022-09-24 03:44:45,696] {python.py:175} INFO - Done. Returned value was: None
[2022-09-24 03:44:45,765] {taskinstance.py:1277} INFO - Marking task as SUCCESS. dag_id=data_ingestion_gcp, task_id=get_name, execution_date=20211111T000000, start_date=20220924T034443, end_date=20220924T034445
[2022-09-24 03:44:46,006] {local_task_job.py:154} INFO - Task exited with return code 0
[2022-09-24 03:44:46,496] {local_task_job.py:264} INFO - 1 downstream tasks scheduled from follow-on schedule check
