[2022-09-24 03:44:13,930] {taskinstance.py:1032} INFO - Dependencies all met for <TaskInstance: data_ingestion_gcp.greet scheduled__2021-11-01T00:00:00+00:00 [queued]>
[2022-09-24 03:44:13,949] {taskinstance.py:1032} INFO - Dependencies all met for <TaskInstance: data_ingestion_gcp.greet scheduled__2021-11-01T00:00:00+00:00 [queued]>
[2022-09-24 03:44:13,949] {taskinstance.py:1238} INFO - 
--------------------------------------------------------------------------------
[2022-09-24 03:44:13,951] {taskinstance.py:1239} INFO - Starting attempt 1 of 6
[2022-09-24 03:44:13,951] {taskinstance.py:1240} INFO - 
--------------------------------------------------------------------------------
[2022-09-24 03:44:14,226] {taskinstance.py:1259} INFO - Executing <Task(PythonOperator): greet> on 2021-11-01 00:00:00+00:00
[2022-09-24 03:44:14,231] {standard_task_runner.py:52} INFO - Started process 813 to run task
[2022-09-24 03:44:14,245] {standard_task_runner.py:76} INFO - Running: ['***', 'tasks', 'run', 'data_ingestion_gcp', 'greet', 'scheduled__2021-11-01T00:00:00+00:00', '--job-id', '135', '--raw', '--subdir', 'DAGS_FOLDER/task_2.py', '--cfg-path', '/tmp/tmpx0tcs0cq', '--error-file', '/tmp/tmpqmozf6uk']
[2022-09-24 03:44:14,247] {standard_task_runner.py:77} INFO - Job 135: Subtask greet
[2022-09-24 03:44:14,587] {logging_mixin.py:109} INFO - Running <TaskInstance: data_ingestion_gcp.greet scheduled__2021-11-01T00:00:00+00:00 [running]> on host 9ec7cb7c64d4
[2022-09-24 03:44:14,927] {taskinstance.py:1426} INFO - Exporting the following env vars:
AIRFLOW_CTX_DAG_OWNER=Hanif
AIRFLOW_CTX_DAG_ID=data_ingestion_gcp
AIRFLOW_CTX_TASK_ID=greet
AIRFLOW_CTX_EXECUTION_DATE=2021-11-01T00:00:00+00:00
AIRFLOW_CTX_DAG_RUN_ID=scheduled__2021-11-01T00:00:00+00:00
[2022-09-24 03:44:14,930] {logging_mixin.py:109} INFO - some dict:  {'a': 1, 'b': 2}
[2022-09-24 03:44:14,967] {logging_mixin.py:109} INFO - Hello World! My name is Hanif Fajari, and I am 21 years old!
[2022-09-24 03:44:14,979] {python.py:175} INFO - Done. Returned value was: None
[2022-09-24 03:44:15,003] {taskinstance.py:1277} INFO - Marking task as SUCCESS. dag_id=data_ingestion_gcp, task_id=greet, execution_date=20211101T000000, start_date=20220924T034413, end_date=20220924T034415
[2022-09-24 03:44:15,143] {local_task_job.py:154} INFO - Task exited with return code 0
[2022-09-24 03:44:15,412] {local_task_job.py:264} INFO - 0 downstream tasks scheduled from follow-on schedule check
