[2022-09-22 07:34:07,432] {taskinstance.py:1032} INFO - Dependencies all met for <TaskInstance: data_ingestion_gcs_dag.download_dataset_task manual__2022-09-22T07:28:27.089871+00:00 [queued]>
[2022-09-22 07:34:07,441] {taskinstance.py:1032} INFO - Dependencies all met for <TaskInstance: data_ingestion_gcs_dag.download_dataset_task manual__2022-09-22T07:28:27.089871+00:00 [queued]>
[2022-09-22 07:34:07,441] {taskinstance.py:1238} INFO - 
--------------------------------------------------------------------------------
[2022-09-22 07:34:07,442] {taskinstance.py:1239} INFO - Starting attempt 1 of 2
[2022-09-22 07:34:07,442] {taskinstance.py:1240} INFO - 
--------------------------------------------------------------------------------
[2022-09-22 07:34:07,494] {taskinstance.py:1259} INFO - Executing <Task(BashOperator): download_dataset_task> on 2022-09-22 07:28:27.089871+00:00
[2022-09-22 07:34:07,499] {standard_task_runner.py:52} INFO - Started process 583 to run task
[2022-09-22 07:34:07,503] {standard_task_runner.py:76} INFO - Running: ['***', 'tasks', 'run', 'data_ingestion_gcs_dag', 'download_dataset_task', 'manual__2022-09-22T07:28:27.089871+00:00', '--job-id', '7', '--raw', '--subdir', 'DAGS_FOLDER/data_ingestion_gcs_dag.py', '--cfg-path', '/tmp/tmp5y6s0eo1', '--error-file', '/tmp/tmpljfdigwv']
[2022-09-22 07:34:07,504] {standard_task_runner.py:77} INFO - Job 7: Subtask download_dataset_task
[2022-09-22 07:34:07,582] {logging_mixin.py:109} INFO - Running <TaskInstance: data_ingestion_gcs_dag.download_dataset_task manual__2022-09-22T07:28:27.089871+00:00 [running]> on host ecad4a6a2de1
[2022-09-22 07:34:07,717] {taskinstance.py:1426} INFO - Exporting the following env vars:
AIRFLOW_CTX_DAG_OWNER=***
AIRFLOW_CTX_DAG_ID=data_ingestion_gcs_dag
AIRFLOW_CTX_TASK_ID=download_dataset_task
AIRFLOW_CTX_EXECUTION_DATE=2022-09-22T07:28:27.089871+00:00
AIRFLOW_CTX_DAG_RUN_ID=manual__2022-09-22T07:28:27.089871+00:00
[2022-09-22 07:34:07,718] {subprocess.py:62} INFO - Tmp dir root location: 
 /tmp
[2022-09-22 07:34:07,719] {subprocess.py:74} INFO - Running command: ['bash', '-c', 'curl -sSL https://s3.amazonaws.com/nyc-tlc/trip+data/yellow_tripdata_2021-01.csv > /opt/***//yellow_tripdata_2021-01.csv']
[2022-09-22 07:34:07,735] {subprocess.py:85} INFO - Output:
[2022-09-22 07:34:10,275] {subprocess.py:93} INFO - Command exited with return code 0
[2022-09-22 07:34:10,396] {taskinstance.py:1277} INFO - Marking task as SUCCESS. dag_id=data_ingestion_gcs_dag, task_id=download_dataset_task, execution_date=20220922T072827, start_date=20220922T073407, end_date=20220922T073410
[2022-09-22 07:34:10,614] {local_task_job.py:154} INFO - Task exited with return code 0
[2022-09-22 07:34:10,727] {local_task_job.py:264} INFO - 1 downstream tasks scheduled from follow-on schedule check
