[2022-09-24 03:44:52,999] {taskinstance.py:1032} INFO - Dependencies all met for <TaskInstance: data_ingestion_gcp.get_name scheduled__2022-09-23T00:00:00+00:00 [queued]>
[2022-09-24 03:44:53,059] {taskinstance.py:1032} INFO - Dependencies all met for <TaskInstance: data_ingestion_gcp.get_name scheduled__2022-09-23T00:00:00+00:00 [queued]>
[2022-09-24 03:44:53,061] {taskinstance.py:1238} INFO - 
--------------------------------------------------------------------------------
[2022-09-24 03:44:53,065] {taskinstance.py:1239} INFO - Starting attempt 1 of 6
[2022-09-24 03:44:53,066] {taskinstance.py:1240} INFO - 
--------------------------------------------------------------------------------
[2022-09-24 03:44:53,375] {taskinstance.py:1259} INFO - Executing <Task(PythonOperator): get_name> on 2022-09-23 00:00:00+00:00
[2022-09-24 03:44:53,393] {standard_task_runner.py:52} INFO - Started process 916 to run task
[2022-09-24 03:44:53,415] {standard_task_runner.py:76} INFO - Running: ['***', 'tasks', 'run', 'data_ingestion_gcp', 'get_name', 'scheduled__2022-09-23T00:00:00+00:00', '--job-id', '173', '--raw', '--subdir', 'DAGS_FOLDER/task_2.py', '--cfg-path', '/tmp/tmpfuwx4u5h', '--error-file', '/tmp/tmpuhn11cos']
[2022-09-24 03:44:53,421] {standard_task_runner.py:77} INFO - Job 173: Subtask get_name
[2022-09-24 03:44:53,886] {logging_mixin.py:109} INFO - Running <TaskInstance: data_ingestion_gcp.get_name scheduled__2022-09-23T00:00:00+00:00 [running]> on host 9ec7cb7c64d4
[2022-09-24 03:44:54,363] {taskinstance.py:1426} INFO - Exporting the following env vars:
AIRFLOW_CTX_DAG_OWNER=Hanif
AIRFLOW_CTX_DAG_ID=data_ingestion_gcp
AIRFLOW_CTX_TASK_ID=get_name
AIRFLOW_CTX_EXECUTION_DATE=2022-09-23T00:00:00+00:00
AIRFLOW_CTX_DAG_RUN_ID=scheduled__2022-09-23T00:00:00+00:00
[2022-09-24 03:44:55,242] {python.py:175} INFO - Done. Returned value was: None
[2022-09-24 03:44:55,539] {taskinstance.py:1277} INFO - Marking task as SUCCESS. dag_id=data_ingestion_gcp, task_id=get_name, execution_date=20220923T000000, start_date=20220924T034453, end_date=20220924T034455
[2022-09-24 03:44:55,839] {local_task_job.py:154} INFO - Task exited with return code 0
[2022-09-24 03:44:56,385] {local_task_job.py:264} INFO - 1 downstream tasks scheduled from follow-on schedule check
