[2022-09-23 15:33:21,765] {taskinstance.py:1032} INFO - Dependencies all met for <TaskInstance: data_ingestion_gcs_dag.local_to_gcs_task manual__2022-09-23T15:33:03.972415+00:00 [queued]>
[2022-09-23 15:33:21,777] {taskinstance.py:1032} INFO - Dependencies all met for <TaskInstance: data_ingestion_gcs_dag.local_to_gcs_task manual__2022-09-23T15:33:03.972415+00:00 [queued]>
[2022-09-23 15:33:21,778] {taskinstance.py:1238} INFO - 
--------------------------------------------------------------------------------
[2022-09-23 15:33:21,778] {taskinstance.py:1239} INFO - Starting attempt 1 of 2
[2022-09-23 15:33:21,778] {taskinstance.py:1240} INFO - 
--------------------------------------------------------------------------------
[2022-09-23 15:33:21,855] {taskinstance.py:1259} INFO - Executing <Task(PythonOperator): local_to_gcs_task> on 2022-09-23 15:33:03.972415+00:00
[2022-09-23 15:33:21,861] {standard_task_runner.py:52} INFO - Started process 338 to run task
[2022-09-23 15:33:21,866] {standard_task_runner.py:76} INFO - Running: ['***', 'tasks', 'run', 'data_ingestion_gcs_dag', 'local_to_gcs_task', 'manual__2022-09-23T15:33:03.972415+00:00', '--job-id', '29', '--raw', '--subdir', 'DAGS_FOLDER/data_ingestion_gcs_dag.py', '--cfg-path', '/tmp/tmptxo4yxhb', '--error-file', '/tmp/tmpelx7hb_o']
[2022-09-23 15:33:21,868] {standard_task_runner.py:77} INFO - Job 29: Subtask local_to_gcs_task
[2022-09-23 15:33:21,978] {logging_mixin.py:109} INFO - Running <TaskInstance: data_ingestion_gcs_dag.local_to_gcs_task manual__2022-09-23T15:33:03.972415+00:00 [running]> on host 23a6f015d341
[2022-09-23 15:33:22,123] {taskinstance.py:1426} INFO - Exporting the following env vars:
AIRFLOW_CTX_DAG_OWNER=***
AIRFLOW_CTX_DAG_ID=data_ingestion_gcs_dag
AIRFLOW_CTX_TASK_ID=local_to_gcs_task
AIRFLOW_CTX_EXECUTION_DATE=2022-09-23T15:33:03.972415+00:00
AIRFLOW_CTX_DAG_RUN_ID=manual__2022-09-23T15:33:03.972415+00:00
[2022-09-23 15:33:23,440] {python.py:175} INFO - Done. Returned value was: None
[2022-09-23 15:33:23,452] {taskinstance.py:1277} INFO - Marking task as SUCCESS. dag_id=data_ingestion_gcs_dag, task_id=local_to_gcs_task, execution_date=20220923T153303, start_date=20220923T153321, end_date=20220923T153323
[2022-09-23 15:33:23,522] {local_task_job.py:154} INFO - Task exited with return code 0
[2022-09-23 15:33:23,580] {local_task_job.py:264} INFO - 0 downstream tasks scheduled from follow-on schedule check
