[2022-09-24 03:42:45,814] {taskinstance.py:1032} INFO - Dependencies all met for <TaskInstance: data_ingestion_gcp.get_name scheduled__2021-10-08T00:00:00+00:00 [queued]>
[2022-09-24 03:42:46,108] {taskinstance.py:1032} INFO - Dependencies all met for <TaskInstance: data_ingestion_gcp.get_name scheduled__2021-10-08T00:00:00+00:00 [queued]>
[2022-09-24 03:42:46,184] {taskinstance.py:1238} INFO - 
--------------------------------------------------------------------------------
[2022-09-24 03:42:46,187] {taskinstance.py:1239} INFO - Starting attempt 1 of 6
[2022-09-24 03:42:46,187] {taskinstance.py:1240} INFO - 
--------------------------------------------------------------------------------
[2022-09-24 03:42:46,474] {taskinstance.py:1259} INFO - Executing <Task(PythonOperator): get_name> on 2021-10-08 00:00:00+00:00
[2022-09-24 03:42:46,498] {standard_task_runner.py:52} INFO - Started process 628 to run task
[2022-09-24 03:42:46,601] {standard_task_runner.py:76} INFO - Running: ['***', 'tasks', 'run', 'data_ingestion_gcp', 'get_name', 'scheduled__2021-10-08T00:00:00+00:00', '--job-id', '60', '--raw', '--subdir', 'DAGS_FOLDER/task_2.py', '--cfg-path', '/tmp/tmptgb99tv2', '--error-file', '/tmp/tmpt26d10g6']
[2022-09-24 03:42:46,618] {standard_task_runner.py:77} INFO - Job 60: Subtask get_name
[2022-09-24 03:42:47,278] {logging_mixin.py:109} INFO - Running <TaskInstance: data_ingestion_gcp.get_name scheduled__2021-10-08T00:00:00+00:00 [running]> on host 9ec7cb7c64d4
[2022-09-24 03:42:47,925] {taskinstance.py:1426} INFO - Exporting the following env vars:
AIRFLOW_CTX_DAG_OWNER=Hanif
AIRFLOW_CTX_DAG_ID=data_ingestion_gcp
AIRFLOW_CTX_TASK_ID=get_name
AIRFLOW_CTX_EXECUTION_DATE=2021-10-08T00:00:00+00:00
AIRFLOW_CTX_DAG_RUN_ID=scheduled__2021-10-08T00:00:00+00:00
[2022-09-24 03:42:48,467] {python.py:175} INFO - Done. Returned value was: None
[2022-09-24 03:42:48,602] {taskinstance.py:1277} INFO - Marking task as SUCCESS. dag_id=data_ingestion_gcp, task_id=get_name, execution_date=20211008T000000, start_date=20220924T034245, end_date=20220924T034248
[2022-09-24 03:42:49,134] {local_task_job.py:154} INFO - Task exited with return code 0
[2022-09-24 03:42:49,411] {local_task_job.py:264} INFO - 1 downstream tasks scheduled from follow-on schedule check
