[2022-09-24 03:43:19,875] {taskinstance.py:1032} INFO - Dependencies all met for <TaskInstance: data_ingestion_gcp.get_name scheduled__2021-10-18T00:00:00+00:00 [queued]>
[2022-09-24 03:43:20,009] {taskinstance.py:1032} INFO - Dependencies all met for <TaskInstance: data_ingestion_gcp.get_name scheduled__2021-10-18T00:00:00+00:00 [queued]>
[2022-09-24 03:43:20,014] {taskinstance.py:1238} INFO - 
--------------------------------------------------------------------------------
[2022-09-24 03:43:20,015] {taskinstance.py:1239} INFO - Starting attempt 1 of 6
[2022-09-24 03:43:20,020] {taskinstance.py:1240} INFO - 
--------------------------------------------------------------------------------
[2022-09-24 03:43:20,486] {taskinstance.py:1259} INFO - Executing <Task(PythonOperator): get_name> on 2021-10-18 00:00:00+00:00
[2022-09-24 03:43:20,505] {standard_task_runner.py:52} INFO - Started process 707 to run task
[2022-09-24 03:43:20,510] {standard_task_runner.py:76} INFO - Running: ['***', 'tasks', 'run', 'data_ingestion_gcp', 'get_name', 'scheduled__2021-10-18T00:00:00+00:00', '--job-id', '89', '--raw', '--subdir', 'DAGS_FOLDER/task_2.py', '--cfg-path', '/tmp/tmp7jz9loin', '--error-file', '/tmp/tmp477449y9']
[2022-09-24 03:43:20,557] {standard_task_runner.py:77} INFO - Job 89: Subtask get_name
[2022-09-24 03:43:21,278] {logging_mixin.py:109} INFO - Running <TaskInstance: data_ingestion_gcp.get_name scheduled__2021-10-18T00:00:00+00:00 [running]> on host 9ec7cb7c64d4
[2022-09-24 03:43:22,444] {taskinstance.py:1426} INFO - Exporting the following env vars:
AIRFLOW_CTX_DAG_OWNER=Hanif
AIRFLOW_CTX_DAG_ID=data_ingestion_gcp
AIRFLOW_CTX_TASK_ID=get_name
AIRFLOW_CTX_EXECUTION_DATE=2021-10-18T00:00:00+00:00
AIRFLOW_CTX_DAG_RUN_ID=scheduled__2021-10-18T00:00:00+00:00
[2022-09-24 03:43:22,902] {python.py:175} INFO - Done. Returned value was: None
[2022-09-24 03:43:23,194] {taskinstance.py:1277} INFO - Marking task as SUCCESS. dag_id=data_ingestion_gcp, task_id=get_name, execution_date=20211018T000000, start_date=20220924T034319, end_date=20220924T034323
[2022-09-24 03:43:23,385] {local_task_job.py:154} INFO - Task exited with return code 0
[2022-09-24 03:43:23,688] {local_task_job.py:264} INFO - 0 downstream tasks scheduled from follow-on schedule check
