[2022-09-24 03:43:48,295] {taskinstance.py:1032} INFO - Dependencies all met for <TaskInstance: data_ingestion_gcp.get_age scheduled__2021-10-27T00:00:00+00:00 [queued]>
[2022-09-24 03:43:48,330] {taskinstance.py:1032} INFO - Dependencies all met for <TaskInstance: data_ingestion_gcp.get_age scheduled__2021-10-27T00:00:00+00:00 [queued]>
[2022-09-24 03:43:48,337] {taskinstance.py:1238} INFO - 
--------------------------------------------------------------------------------
[2022-09-24 03:43:48,346] {taskinstance.py:1239} INFO - Starting attempt 1 of 6
[2022-09-24 03:43:48,383] {taskinstance.py:1240} INFO - 
--------------------------------------------------------------------------------
[2022-09-24 03:43:48,872] {taskinstance.py:1259} INFO - Executing <Task(PythonOperator): get_age> on 2021-10-27 00:00:00+00:00
[2022-09-24 03:43:48,910] {standard_task_runner.py:76} INFO - Running: ['***', 'tasks', 'run', 'data_ingestion_gcp', 'get_age', 'scheduled__2021-10-27T00:00:00+00:00', '--job-id', '116', '--raw', '--subdir', 'DAGS_FOLDER/task_2.py', '--cfg-path', '/tmp/tmprxm1imya', '--error-file', '/tmp/tmpqxsqmijk']
[2022-09-24 03:43:48,946] {standard_task_runner.py:77} INFO - Job 116: Subtask get_age
[2022-09-24 03:43:48,894] {standard_task_runner.py:52} INFO - Started process 768 to run task
[2022-09-24 03:43:50,061] {logging_mixin.py:109} INFO - Running <TaskInstance: data_ingestion_gcp.get_age scheduled__2021-10-27T00:00:00+00:00 [running]> on host 9ec7cb7c64d4
[2022-09-24 03:43:51,007] {taskinstance.py:1426} INFO - Exporting the following env vars:
AIRFLOW_CTX_DAG_OWNER=Hanif
AIRFLOW_CTX_DAG_ID=data_ingestion_gcp
AIRFLOW_CTX_TASK_ID=get_age
AIRFLOW_CTX_EXECUTION_DATE=2021-10-27T00:00:00+00:00
AIRFLOW_CTX_DAG_RUN_ID=scheduled__2021-10-27T00:00:00+00:00
[2022-09-24 03:43:51,168] {python.py:175} INFO - Done. Returned value was: None
[2022-09-24 03:43:51,357] {taskinstance.py:1277} INFO - Marking task as SUCCESS. dag_id=data_ingestion_gcp, task_id=get_age, execution_date=20211027T000000, start_date=20220924T034348, end_date=20220924T034351
[2022-09-24 03:43:51,677] {local_task_job.py:154} INFO - Task exited with return code 0
[2022-09-24 03:43:52,058] {local_task_job.py:264} INFO - 1 downstream tasks scheduled from follow-on schedule check
