[2022-09-24 01:54:40,747] {taskinstance.py:1032} INFO - Dependencies all met for <TaskInstance: data_ingestion_gcs_dag_1.format_to_parquet_task scheduled__2022-09-23T00:00:00+00:00 [queued]>
[2022-09-24 01:54:40,757] {taskinstance.py:1032} INFO - Dependencies all met for <TaskInstance: data_ingestion_gcs_dag_1.format_to_parquet_task scheduled__2022-09-23T00:00:00+00:00 [queued]>
[2022-09-24 01:54:40,758] {taskinstance.py:1238} INFO - 
--------------------------------------------------------------------------------
[2022-09-24 01:54:40,758] {taskinstance.py:1239} INFO - Starting attempt 1 of 2
[2022-09-24 01:54:40,758] {taskinstance.py:1240} INFO - 
--------------------------------------------------------------------------------
[2022-09-24 01:54:40,840] {taskinstance.py:1259} INFO - Executing <Task(PythonOperator): format_to_parquet_task> on 2022-09-23 00:00:00+00:00
[2022-09-24 01:54:40,845] {standard_task_runner.py:52} INFO - Started process 177 to run task
[2022-09-24 01:54:40,848] {standard_task_runner.py:76} INFO - Running: ['***', 'tasks', 'run', 'data_ingestion_gcs_dag_1', 'format_to_parquet_task', 'scheduled__2022-09-23T00:00:00+00:00', '--job-id', '50', '--raw', '--subdir', 'DAGS_FOLDER/data_ingestion_gcs_dag.py', '--cfg-path', '/tmp/tmpcd0jbmq4', '--error-file', '/tmp/tmpi_qwjn8s']
[2022-09-24 01:54:40,849] {standard_task_runner.py:77} INFO - Job 50: Subtask format_to_parquet_task
[2022-09-24 01:54:40,972] {logging_mixin.py:109} INFO - Running <TaskInstance: data_ingestion_gcs_dag_1.format_to_parquet_task scheduled__2022-09-23T00:00:00+00:00 [running]> on host 9ec7cb7c64d4
[2022-09-24 01:54:41,236] {taskinstance.py:1426} INFO - Exporting the following env vars:
AIRFLOW_CTX_DAG_OWNER=***
AIRFLOW_CTX_DAG_ID=data_ingestion_gcs_dag_1
AIRFLOW_CTX_TASK_ID=format_to_parquet_task
AIRFLOW_CTX_EXECUTION_DATE=2022-09-23T00:00:00+00:00
AIRFLOW_CTX_DAG_RUN_ID=scheduled__2022-09-23T00:00:00+00:00
[2022-09-24 01:54:41,292] {warnings.py:110} WARNING - /home/***/.local/lib/python3.7/site-packages/***/utils/context.py:152: AirflowContextDeprecationWarning: Accessing 'execution_date' from the template is deprecated and will be removed in a future version. Please use 'data_interval_start' or 'logical_date' instead.
  warnings.warn(_create_deprecation_warning(key, self._deprecation_replacements[key]))

[2022-09-24 01:54:41,293] {warnings.py:110} WARNING - /home/***/.local/lib/python3.7/site-packages/***/utils/context.py:152: AirflowContextDeprecationWarning: Accessing 'next_ds' from the template is deprecated and will be removed in a future version. Please use '{{ data_interval_end | ds }}' instead.
  warnings.warn(_create_deprecation_warning(key, self._deprecation_replacements[key]))

[2022-09-24 01:54:41,293] {warnings.py:110} WARNING - /home/***/.local/lib/python3.7/site-packages/***/utils/context.py:152: AirflowContextDeprecationWarning: Accessing 'next_ds_nodash' from the template is deprecated and will be removed in a future version. Please use '{{ data_interval_end | ds_nodash }}' instead.
  warnings.warn(_create_deprecation_warning(key, self._deprecation_replacements[key]))

[2022-09-24 01:54:41,293] {warnings.py:110} WARNING - /home/***/.local/lib/python3.7/site-packages/***/utils/context.py:152: AirflowContextDeprecationWarning: Accessing 'next_execution_date' from the template is deprecated and will be removed in a future version. Please use 'data_interval_end' instead.
  warnings.warn(_create_deprecation_warning(key, self._deprecation_replacements[key]))

[2022-09-24 01:54:41,294] {warnings.py:110} WARNING - /home/***/.local/lib/python3.7/site-packages/***/utils/context.py:152: AirflowContextDeprecationWarning: Accessing 'prev_ds' from the template is deprecated and will be removed in a future version.
  warnings.warn(_create_deprecation_warning(key, self._deprecation_replacements[key]))

[2022-09-24 01:54:41,294] {warnings.py:110} WARNING - /home/***/.local/lib/python3.7/site-packages/***/utils/context.py:152: AirflowContextDeprecationWarning: Accessing 'prev_ds_nodash' from the template is deprecated and will be removed in a future version.
  warnings.warn(_create_deprecation_warning(key, self._deprecation_replacements[key]))

[2022-09-24 01:54:41,294] {warnings.py:110} WARNING - /home/***/.local/lib/python3.7/site-packages/***/utils/context.py:152: AirflowContextDeprecationWarning: Accessing 'prev_execution_date' from the template is deprecated and will be removed in a future version.
  warnings.warn(_create_deprecation_warning(key, self._deprecation_replacements[key]))

[2022-09-24 01:54:41,295] {warnings.py:110} WARNING - /home/***/.local/lib/python3.7/site-packages/***/utils/context.py:152: AirflowContextDeprecationWarning: Accessing 'prev_execution_date_success' from the template is deprecated and will be removed in a future version. Please use 'prev_data_interval_start_success' instead.
  warnings.warn(_create_deprecation_warning(key, self._deprecation_replacements[key]))

[2022-09-24 01:54:41,295] {warnings.py:110} WARNING - /home/***/.local/lib/python3.7/site-packages/***/utils/context.py:152: AirflowContextDeprecationWarning: Accessing 'tomorrow_ds' from the template is deprecated and will be removed in a future version.
  warnings.warn(_create_deprecation_warning(key, self._deprecation_replacements[key]))

[2022-09-24 01:54:41,295] {warnings.py:110} WARNING - /home/***/.local/lib/python3.7/site-packages/***/utils/context.py:152: AirflowContextDeprecationWarning: Accessing 'tomorrow_ds_nodash' from the template is deprecated and will be removed in a future version.
  warnings.warn(_create_deprecation_warning(key, self._deprecation_replacements[key]))

[2022-09-24 01:54:41,296] {warnings.py:110} WARNING - /home/***/.local/lib/python3.7/site-packages/***/utils/context.py:152: AirflowContextDeprecationWarning: Accessing 'yesterday_ds' from the template is deprecated and will be removed in a future version.
  warnings.warn(_create_deprecation_warning(key, self._deprecation_replacements[key]))

[2022-09-24 01:54:41,296] {warnings.py:110} WARNING - /home/***/.local/lib/python3.7/site-packages/***/utils/context.py:152: AirflowContextDeprecationWarning: Accessing 'yesterday_ds_nodash' from the template is deprecated and will be removed in a future version.
  warnings.warn(_create_deprecation_warning(key, self._deprecation_replacements[key]))

[2022-09-24 01:54:41,718] {python.py:175} INFO - Done. Returned value was: None
[2022-09-24 01:54:41,729] {taskinstance.py:1277} INFO - Marking task as SUCCESS. dag_id=data_ingestion_gcs_dag_1, task_id=format_to_parquet_task, execution_date=20220923T000000, start_date=20220924T015440, end_date=20220924T015441
[2022-09-24 01:54:41,823] {local_task_job.py:154} INFO - Task exited with return code 0
[2022-09-24 01:54:41,914] {local_task_job.py:264} INFO - 1 downstream tasks scheduled from follow-on schedule check
