[2022-09-24 03:44:39,374] {taskinstance.py:1032} INFO - Dependencies all met for <TaskInstance: data_ingestion_gcp.get_name scheduled__2021-11-09T00:00:00+00:00 [queued]>
[2022-09-24 03:44:39,422] {taskinstance.py:1032} INFO - Dependencies all met for <TaskInstance: data_ingestion_gcp.get_name scheduled__2021-11-09T00:00:00+00:00 [queued]>
[2022-09-24 03:44:39,423] {taskinstance.py:1238} INFO - 
--------------------------------------------------------------------------------
[2022-09-24 03:44:39,423] {taskinstance.py:1239} INFO - Starting attempt 1 of 6
[2022-09-24 03:44:39,424] {taskinstance.py:1240} INFO - 
--------------------------------------------------------------------------------
[2022-09-24 03:44:39,522] {taskinstance.py:1259} INFO - Executing <Task(PythonOperator): get_name> on 2021-11-09 00:00:00+00:00
[2022-09-24 03:44:39,579] {standard_task_runner.py:52} INFO - Started process 877 to run task
[2022-09-24 03:44:39,595] {standard_task_runner.py:76} INFO - Running: ['***', 'tasks', 'run', 'data_ingestion_gcp', 'get_name', 'scheduled__2021-11-09T00:00:00+00:00', '--job-id', '157', '--raw', '--subdir', 'DAGS_FOLDER/task_2.py', '--cfg-path', '/tmp/tmpujx16a0o', '--error-file', '/tmp/tmp_43ny3it']
[2022-09-24 03:44:39,605] {standard_task_runner.py:77} INFO - Job 157: Subtask get_name
[2022-09-24 03:44:40,264] {logging_mixin.py:109} INFO - Running <TaskInstance: data_ingestion_gcp.get_name scheduled__2021-11-09T00:00:00+00:00 [running]> on host 9ec7cb7c64d4
[2022-09-24 03:44:41,144] {taskinstance.py:1426} INFO - Exporting the following env vars:
AIRFLOW_CTX_DAG_OWNER=Hanif
AIRFLOW_CTX_DAG_ID=data_ingestion_gcp
AIRFLOW_CTX_TASK_ID=get_name
AIRFLOW_CTX_EXECUTION_DATE=2021-11-09T00:00:00+00:00
AIRFLOW_CTX_DAG_RUN_ID=scheduled__2021-11-09T00:00:00+00:00
[2022-09-24 03:44:41,302] {python.py:175} INFO - Done. Returned value was: None
[2022-09-24 03:44:41,337] {taskinstance.py:1277} INFO - Marking task as SUCCESS. dag_id=data_ingestion_gcp, task_id=get_name, execution_date=20211109T000000, start_date=20220924T034439, end_date=20220924T034441
[2022-09-24 03:44:41,507] {local_task_job.py:154} INFO - Task exited with return code 0
[2022-09-24 03:44:41,826] {local_task_job.py:264} INFO - 1 downstream tasks scheduled from follow-on schedule check
