[2022-09-24 03:42:41,644] {taskinstance.py:1032} INFO - Dependencies all met for <TaskInstance: data_ingestion_gcp.get_age scheduled__2021-10-06T00:00:00+00:00 [queued]>
[2022-09-24 03:42:41,662] {taskinstance.py:1032} INFO - Dependencies all met for <TaskInstance: data_ingestion_gcp.get_age scheduled__2021-10-06T00:00:00+00:00 [queued]>
[2022-09-24 03:42:41,663] {taskinstance.py:1238} INFO - 
--------------------------------------------------------------------------------
[2022-09-24 03:42:41,663] {taskinstance.py:1239} INFO - Starting attempt 1 of 6
[2022-09-24 03:42:41,664] {taskinstance.py:1240} INFO - 
--------------------------------------------------------------------------------
[2022-09-24 03:42:41,809] {taskinstance.py:1259} INFO - Executing <Task(PythonOperator): get_age> on 2021-10-06 00:00:00+00:00
[2022-09-24 03:42:41,825] {standard_task_runner.py:52} INFO - Started process 608 to run task
[2022-09-24 03:42:41,842] {standard_task_runner.py:76} INFO - Running: ['***', 'tasks', 'run', 'data_ingestion_gcp', 'get_age', 'scheduled__2021-10-06T00:00:00+00:00', '--job-id', '55', '--raw', '--subdir', 'DAGS_FOLDER/task_2.py', '--cfg-path', '/tmp/tmpz4iyw44j', '--error-file', '/tmp/tmpdl3a4o1s']
[2022-09-24 03:42:41,857] {standard_task_runner.py:77} INFO - Job 55: Subtask get_age
[2022-09-24 03:42:42,117] {logging_mixin.py:109} INFO - Running <TaskInstance: data_ingestion_gcp.get_age scheduled__2021-10-06T00:00:00+00:00 [running]> on host 9ec7cb7c64d4
[2022-09-24 03:42:42,552] {taskinstance.py:1426} INFO - Exporting the following env vars:
AIRFLOW_CTX_DAG_OWNER=Hanif
AIRFLOW_CTX_DAG_ID=data_ingestion_gcp
AIRFLOW_CTX_TASK_ID=get_age
AIRFLOW_CTX_EXECUTION_DATE=2021-10-06T00:00:00+00:00
AIRFLOW_CTX_DAG_RUN_ID=scheduled__2021-10-06T00:00:00+00:00
[2022-09-24 03:42:42,827] {python.py:175} INFO - Done. Returned value was: None
[2022-09-24 03:42:42,898] {taskinstance.py:1277} INFO - Marking task as SUCCESS. dag_id=data_ingestion_gcp, task_id=get_age, execution_date=20211006T000000, start_date=20220924T034241, end_date=20220924T034242
[2022-09-24 03:42:43,268] {local_task_job.py:154} INFO - Task exited with return code 0
[2022-09-24 03:42:43,967] {local_task_job.py:264} INFO - 0 downstream tasks scheduled from follow-on schedule check
