[2022-09-24 03:42:50,730] {taskinstance.py:1032} INFO - Dependencies all met for <TaskInstance: data_ingestion_gcp.get_age scheduled__2021-10-10T00:00:00+00:00 [queued]>
[2022-09-24 03:42:50,833] {taskinstance.py:1032} INFO - Dependencies all met for <TaskInstance: data_ingestion_gcp.get_age scheduled__2021-10-10T00:00:00+00:00 [queued]>
[2022-09-24 03:42:50,866] {taskinstance.py:1238} INFO - 
--------------------------------------------------------------------------------
[2022-09-24 03:42:50,873] {taskinstance.py:1239} INFO - Starting attempt 1 of 6
[2022-09-24 03:42:50,875] {taskinstance.py:1240} INFO - 
--------------------------------------------------------------------------------
[2022-09-24 03:42:51,279] {taskinstance.py:1259} INFO - Executing <Task(PythonOperator): get_age> on 2021-10-10 00:00:00+00:00
[2022-09-24 03:42:51,297] {standard_task_runner.py:52} INFO - Started process 640 to run task
[2022-09-24 03:42:51,412] {standard_task_runner.py:76} INFO - Running: ['***', 'tasks', 'run', 'data_ingestion_gcp', 'get_age', 'scheduled__2021-10-10T00:00:00+00:00', '--job-id', '66', '--raw', '--subdir', 'DAGS_FOLDER/task_2.py', '--cfg-path', '/tmp/tmpjzj9szy7', '--error-file', '/tmp/tmp572aqvoy']
[2022-09-24 03:42:51,486] {standard_task_runner.py:77} INFO - Job 66: Subtask get_age
[2022-09-24 03:42:52,472] {logging_mixin.py:109} INFO - Running <TaskInstance: data_ingestion_gcp.get_age scheduled__2021-10-10T00:00:00+00:00 [running]> on host 9ec7cb7c64d4
[2022-09-24 03:42:53,248] {taskinstance.py:1426} INFO - Exporting the following env vars:
AIRFLOW_CTX_DAG_OWNER=Hanif
AIRFLOW_CTX_DAG_ID=data_ingestion_gcp
AIRFLOW_CTX_TASK_ID=get_age
AIRFLOW_CTX_EXECUTION_DATE=2021-10-10T00:00:00+00:00
AIRFLOW_CTX_DAG_RUN_ID=scheduled__2021-10-10T00:00:00+00:00
[2022-09-24 03:42:53,390] {python.py:175} INFO - Done. Returned value was: None
[2022-09-24 03:42:54,196] {taskinstance.py:1277} INFO - Marking task as SUCCESS. dag_id=data_ingestion_gcp, task_id=get_age, execution_date=20211010T000000, start_date=20220924T034250, end_date=20220924T034254
[2022-09-24 03:42:54,517] {local_task_job.py:154} INFO - Task exited with return code 0
[2022-09-24 03:42:55,387] {local_task_job.py:264} INFO - 0 downstream tasks scheduled from follow-on schedule check
